#
# There is insufficient memory for the Java Runtime Environment to continue.
# Native memory allocation (malloc) failed to allocate 1143376 bytes for Chunk::new
# Possible reasons:
#   The system is out of physical RAM or swap space
#   In 32 bit mode, the process size limit was hit
# Possible solutions:
#   Reduce memory load on the system
#   Increase physical memory or swap space
#   Check if swap backing store is full
#   Use 64 bit Java on a 64 bit OS
#   Decrease Java heap size (-Xmx/-Xms)
#   Decrease number of Java threads
#   Decrease Java thread stack sizes (-Xss)
#   Set larger code cache with -XX:ReservedCodeCacheSize=
# This output file may be truncated or incomplete.
#
#  Out of Memory Error (allocation.cpp:323), pid=8988, tid=5336
#
# JRE version: Java(TM) SE Runtime Environment (7.0_80-b15) (build 1.7.0_80-b15)
# Java VM: Java HotSpot(TM) 64-Bit Server VM (24.80-b11 mixed mode windows-amd64 compressed oops)
# Failed to write core dump. Minidumps are not enabled by default on client versions of Windows
#

---------------  T H R E A D  ---------------

Current thread (0x0000000008799000):  JavaThread "C2 CompilerThread0" daemon [_thread_in_native, code=5336, stack(0x0000000009d30000,0x0000000009e30000)]

Stack: [0x0000000009d30000,0x0000000009e30000]
[error occurred during error reporting (printing stack bounds), code 0xc0000005]


Current CompileTask:
C2:   6674  200             com.android.dx.ssa.SCCP::run (298 bytes)


---------------  P R O C E S S  ---------------

Java Threads: ( => current thread )
  0x0000000009f96800 JavaThread "pool-1-thread-4" [_thread_blocked, code=5896, stack(0x000000000acf0000,0x000000000adf0000)]
  0x0000000009f95800 JavaThread "pool-1-thread-3" [_thread_in_Java, code=7216, stack(0x000000000ab10000,0x000000000ac10000)]
  0x0000000009f95000 JavaThread "pool-1-thread-2" [_thread_blocked, code=6684, stack(0x000000000a730000,0x000000000a830000)]
  0x000000000a0fd000 JavaThread "pool-2-thread-1" [_thread_blocked, code=5356, stack(0x000000000a960000,0x000000000aa60000)]
  0x0000000009ef5000 JavaThread "pool-1-thread-1" [_thread_in_Java, code=7800, stack(0x000000000a240000,0x000000000a340000)]
  0x0000000009e3e000 JavaThread "Service Thread" daemon [_thread_blocked, code=3288, stack(0x000000000a460000,0x000000000a560000)]
  0x0000000009e35000 JavaThread "C2 CompilerThread1" daemon [_thread_in_native, code=8972, stack(0x000000000a360000,0x000000000a460000)]
=>0x0000000008799000 JavaThread "C2 CompilerThread0" daemon [_thread_in_native, code=5336, stack(0x0000000009d30000,0x0000000009e30000)]
  0x0000000008797000 JavaThread "Attach Listener" daemon [_thread_blocked, code=8692, stack(0x0000000009af0000,0x0000000009bf0000)]
  0x0000000008796000 JavaThread "Signal Dispatcher" daemon [_thread_blocked, code=6708, stack(0x00000000099b0000,0x0000000009ab0000)]
  0x000000000871f000 JavaThread "Finalizer" daemon [_thread_blocked, code=4124, stack(0x0000000009870000,0x0000000009970000)]
  0x000000000871d800 JavaThread "Reference Handler" daemon [_thread_blocked, code=4940, stack(0x0000000009760000,0x0000000009860000)]
  0x00000000021df000 JavaThread "main" [_thread_blocked, code=2232, stack(0x0000000002540000,0x0000000002640000)]

Other Threads:
  0x000000000871a000 VMThread [stack: 0x0000000009650000,0x0000000009750000] [code=3960]
  0x0000000009e46800 WatcherThread [stack: 0x000000000a620000,0x000000000a720000] [code=10232]

VM state:not at safepoint (normal execution)

VM Mutex/Monitor currently owned by a thread: None

Heap
 PSYoungGen      total 35328K, used 7666K [0x00000000eaa80000, 0x00000000ecf80000, 0x0000000100000000)
  eden space 32768K, 15% used [0x00000000eaa80000,0x00000000eaf7e960,0x00000000eca80000)
  from space 2560K, 99% used [0x00000000eca80000,0x00000000eccfe038,0x00000000ecd00000)
  to   space 2560K, 0% used [0x00000000ecd00000,0x00000000ecd00000,0x00000000ecf80000)
 ParOldGen       total 42496K, used 9055K [0x00000000c0000000, 0x00000000c2980000, 0x00000000eaa80000)
  object space 42496K, 21% used [0x00000000c0000000,0x00000000c08d7e88,0x00000000c2980000)
 PSPermGen       total 21504K, used 5935K [0x00000000bae00000, 0x00000000bc300000, 0x00000000c0000000)
  object space 21504K, 27% used [0x00000000bae00000,0x00000000bb3cbd30,0x00000000bc300000)

Card table byte_map: [0x0000000005640000,0x0000000005870000] byte_map_base: 0x0000000005069000

Polling page: 0x0000000000220000

Code Cache  [0x0000000002640000, 0x00000000028b0000, 0x0000000005640000)
 total_blobs=475 nmethods=236 adapters=191 free_code_cache=48206Kb largest_free_block=49333120

Compilation events (10 events):
Event: 6.655 Thread 0x0000000009e35000 nmethod 230 0x0000000002723290 code [0x00000000027233e0, 0x0000000002723518]
Event: 6.655 Thread 0x0000000009e35000  231             com.android.dx.rop.cst.Constant::compareTo (9 bytes)
Event: 6.656 Thread 0x0000000009e35000 nmethod 231 0x0000000002724e50 code [0x0000000002724fc0, 0x00000000027251f8]
Event: 6.656 Thread 0x0000000009e35000  232             com.android.dx.ssa.SsaRenamer::access$000 (5 bytes)
Event: 6.657 Thread 0x0000000009e35000 nmethod 232 0x0000000002707090 code [0x00000000027071c0, 0x0000000002707218]
Event: 6.657 Thread 0x0000000009e35000  233             com.android.dx.rop.code.RegisterSpecSet::localItemToSpec (49 bytes)
Event: 6.662 Thread 0x0000000009e35000 nmethod 233 0x0000000002724410 code [0x0000000002724560, 0x00000000027249b8]
Event: 6.663 Thread 0x0000000009e35000  234             com.android.dx.rop.code.LocalItem::compareHandlesNulls (25 bytes)
Event: 6.664 Thread 0x0000000009e35000 nmethod 234 0x0000000002723fd0 code [0x0000000002724100, 0x00000000027242b8]
Event: 6.664 Thread 0x0000000009e35000  236             com.android.dx.rop.code.RegisterSpecSet::equals (106 bytes)

GC Heap History (6 events):
Event: 2.623 GC heap before
{Heap before GC invocations=1 (full 0):
 PSYoungGen      total 18944K, used 16384K [0x00000000eaa80000, 0x00000000ebf80000, 0x0000000100000000)
  eden space 16384K, 100% used [0x00000000eaa80000,0x00000000eba80000,0x00000000eba80000)
  from space 2560K, 0% used [0x00000000ebd00000,0x00000000ebd00000,0x00000000ebf80000)
  to   space 2560K, 0% used [0x00000000eba80000,0x00000000eba80000,0x00000000ebd00000)
 ParOldGen       total 42496K, used 0K [0x00000000c0000000, 0x00000000c2980000, 0x00000000eaa80000)
  object space 42496K, 0% used [0x00000000c0000000,0x00000000c0000000,0x00000000c2980000)
 PSPermGen       total 21504K, used 5673K [0x00000000bae00000, 0x00000000bc300000, 0x00000000c0000000)
  object space 21504K, 26% used [0x00000000bae00000,0x00000000bb38a700,0x00000000bc300000)
Event: 3.061 GC heap after
Heap after GC invocations=1 (full 0):
 PSYoungGen      total 18944K, used 2559K [0x00000000eaa80000, 0x00000000ecf80000, 0x0000000100000000)
  eden space 16384K, 0% used [0x00000000eaa80000,0x00000000eaa80000,0x00000000eba80000)
  from space 2560K, 99% used [0x00000000eba80000,0x00000000ebcffc98,0x00000000ebd00000)
  to   space 2560K, 0% used [0x00000000ecd00000,0x00000000ecd00000,0x00000000ecf80000)
 ParOldGen       total 42496K, used 1573K [0x00000000c0000000, 0x00000000c2980000, 0x00000000eaa80000)
  object space 42496K, 3% used [0x00000000c0000000,0x00000000c0189698,0x00000000c2980000)
 PSPermGen       total 21504K, used 5673K [0x00000000bae00000, 0x00000000bc300000, 0x00000000c0000000)
  object space 21504K, 26% used [0x00000000bae00000,0x00000000bb38a700,0x00000000bc300000)
}
Event: 3.870 GC heap before
{Heap before GC invocations=2 (full 0):
 PSYoungGen      total 18944K, used 18943K [0x00000000eaa80000, 0x00000000ecf80000, 0x0000000100000000)
  eden space 16384K, 100% used [0x00000000eaa80000,0x00000000eba80000,0x00000000eba80000)
  from space 2560K, 99% used [0x00000000eba80000,0x00000000ebcffc98,0x00000000ebd00000)
  to   space 2560K, 0% used [0x00000000ecd00000,0x00000000ecd00000,0x00000000ecf80000)
 ParOldGen       total 42496K, used 1573K [0x00000000c0000000, 0x00000000c2980000, 0x00000000eaa80000)
  object space 42496K, 3% used [0x00000000c0000000,0x00000000c0189698,0x00000000c2980000)
 PSPermGen       total 21504K, used 5856K [0x00000000bae00000, 0x00000000bc300000, 0x00000000c0000000)
  object space 21504K, 27% used [0x00000000bae00000,0x00000000bb3b81c8,0x00000000bc300000)
Event: 4.006 GC heap after
Heap after GC invocations=2 (full 0):
 PSYoungGen      total 35328K, used 2536K [0x00000000eaa80000, 0x00000000ecf80000, 0x0000000100000000)
  eden space 32768K, 0% used [0x00000000eaa80000,0x00000000eaa80000,0x00000000eca80000)
  from space 2560K, 99% used [0x00000000ecd00000,0x00000000ecf7a048,0x00000000ecf80000)
  to   space 2560K, 0% used [0x00000000eca80000,0x00000000eca80000,0x00000000ecd00000)
 ParOldGen       total 42496K, used 4290K [0x00000000c0000000, 0x00000000c2980000, 0x00000000eaa80000)
  object space 42496K, 10% used [0x00000000c0000000,0x00000000c04309d0,0x00000000c2980000)
 PSPermGen       total 21504K, used 5856K [0x00000000bae00000, 0x00000000bc300000, 0x00000000c0000000)
  object space 21504K, 27% used [0x00000000bae00000,0x00000000bb3b81c8,0x00000000bc300000)
}
Event: 5.770 GC heap before
{Heap before GC invocations=3 (full 0):
 PSYoungGen      total 35328K, used 35304K [0x00000000eaa80000, 0x00000000ecf80000, 0x0000000100000000)
  eden space 32768K, 100% used [0x00000000eaa80000,0x00000000eca80000,0x00000000eca80000)
  from space 2560K, 99% used [0x00000000ecd00000,0x00000000ecf7a048,0x00000000ecf80000)
  to   space 2560K, 0% used [0x00000000eca80000,0x00000000eca80000,0x00000000ecd00000)
 ParOldGen       total 42496K, used 4290K [0x00000000c0000000, 0x00000000c2980000, 0x00000000eaa80000)
  object space 42496K, 10% used [0x00000000c0000000,0x00000000c04309d0,0x00000000c2980000)
 PSPermGen       total 21504K, used 5932K [0x00000000bae00000, 0x00000000bc300000, 0x00000000c0000000)
  object space 21504K, 27% used [0x00000000bae00000,0x00000000bb3cb0c8,0x00000000bc300000)
Event: 6.395 GC heap after
Heap after GC invocations=3 (full 0):
 PSYoungGen      total 35328K, used 2552K [0x00000000eaa80000, 0x00000000ecf80000, 0x0000000100000000)
  eden space 32768K, 0% used [0x00000000eaa80000,0x00000000eaa80000,0x00000000eca80000)
  from space 2560K, 99% used [0x00000000eca80000,0x00000000eccfe038,0x00000000ecd00000)
  to   space 2560K, 0% used [0x00000000ecd00000,0x00000000ecd00000,0x00000000ecf80000)
 ParOldGen       total 42496K, used 9055K [0x00000000c0000000, 0x00000000c2980000, 0x00000000eaa80000)
  object space 42496K, 21% used [0x00000000c0000000,0x00000000c08d7e88,0x00000000c2980000)
 PSPermGen       total 21504K, used 5932K [0x00000000bae00000, 0x00000000bc300000, 0x00000000c0000000)
  object space 21504K, 27% used [0x00000000bae00000,0x00000000bb3cb0c8,0x00000000bc300000)
}

Deoptimization events (4 events):
Event: 2.427 Thread 0x0000000009ef5000 Uncommon trap: reason=class_check action=maybe_recompile pc=0x00000000026b7bf4 method=com.android.dx.ssa.NormalSsaInsn.accept(Lcom/android/dx/ssa/SsaInsn$Visitor;)V @ 9
Event: 2.581 Thread 0x0000000009f95000 Uncommon trap: reason=null_check action=make_not_entrant pc=0x00000000026c1440 method=com.android.dx.rop.code.LocalItem.equals(Ljava/lang/Object;)Z @ 1
Event: 4.881 Thread 0x0000000009ef5000 Uncommon trap: reason=null_check action=make_not_entrant pc=0x0000000002714338 method=com.android.dx.ssa.SsaRenamer.getLocalForNewReg(I)Lcom/android/dx/rop/code/LocalItem; @ 19
Event: 6.569 Thread 0x0000000009f96800 Uncommon trap: reason=unstable_if action=reinterpret pc=0x00000000026cee44 method=com.android.dx.rop.cst.Constant.compareTo(Lcom/android/dx/rop/cst/Constant;)I @ 12

Internal exceptions (10 events):
Event: 2.209 Thread 0x0000000009f95800 Threw 0x00000000eb6249f0 at C:\re\jdk7u80\2329\hotspot\src\share\vm\prims\jvm.cpp:1319
Event: 2.210 Thread 0x0000000009f95800 Threw 0x00000000eb62aab0 at C:\re\jdk7u80\2329\hotspot\src\share\vm\prims\jvm.cpp:1319
Event: 2.210 Thread 0x0000000009f95800 Threw 0x00000000eb62f018 at C:\re\jdk7u80\2329\hotspot\src\share\vm\prims\jvm.cpp:1319
Event: 2.332 Thread 0x0000000009f96800 Threw 0x00000000eb6c6598 at C:\re\jdk7u80\2329\hotspot\src\share\vm\prims\jvm.cpp:1319
Event: 2.441 Thread 0x00000000021df000 Threw 0x00000000eb7c5260 at C:\re\jdk7u80\2329\hotspot\src\share\vm\prims\jvm.cpp:1319
Event: 2.581 Thread 0x0000000009f95000 Implicit null exception at 0x00000000026c11f3 to 0x00000000026c1419
Event: 4.881 Thread 0x0000000009ef5000 Implicit null exception at 0x0000000002712900 to 0x0000000002714315
Event: 5.127 Thread 0x00000000021df000 Threw 0x00000000ebd95440 at C:\re\jdk7u80\2329\hotspot\src\share\vm\prims\jvm.cpp:1319
Event: 5.266 Thread 0x00000000021df000 Threw 0x00000000ec61f1f0 at C:\re\jdk7u80\2329\hotspot\src\share\vm\prims\jvm.cpp:1319
Event: 5.346 Thread 0x00000000021df000 Threw 0x00000000eca2eec0 at C:\re\jdk7u80\2329\hotspot\src\share\vm\prims\jvm.cpp:1319

Events (10 events):
Event: 5.127 loading class 0x0000000009ef1310 done
Event: 5.266 loading class 0x0000000009fd8760
Event: 5.266 loading class 0x0000000009fd8760 done
Event: 5.346 loading class 0x000000000a094f30
Event: 5.346 loading class 0x000000000a094f30 done
Event: 5.348 Executing VM operation: ParallelGCFailedAllocation
Event: 6.396 Executing VM operation: ParallelGCFailedAllocation done
Event: 6.569 Thread 0x0000000009f96800 Uncommon trap: trap_request=0xffffff75 fr.pc=0x00000000026cee44
Event: 6.569 Thread 0x0000000009f96800 DEOPT PACKING pc=0x00000000026cee44 sp=0x000000000adee6d0
Event: 6.569 Thread 0x0000000009f96800 DEOPT UNPACKING pc=0x00000000026775a4 sp=0x000000000adee670 mode 2


Dynamic libraries:
0x000000013f4f0000 - 0x000000013f523000 	C:\Program Files\Java\jdk1.7.0_80\bin\java.exe
0x0000000077730000 - 0x00000000778da000 	C:\Windows\SYSTEM32\ntdll.dll
0x0000000077510000 - 0x000000007762f000 	C:\Windows\system32\kernel32.dll
0x000007fefd9d0000 - 0x000007fefda3b000 	C:\Windows\system32\KERNELBASE.dll
0x000007fefe810000 - 0x000007fefe8eb000 	C:\Windows\system32\ADVAPI32.dll
0x000007fefdd40000 - 0x000007fefdddf000 	C:\Windows\system32\msvcrt.dll
0x000007fefe540000 - 0x000007fefe55f000 	C:\Windows\SYSTEM32\sechost.dll
0x000007fefe8f0000 - 0x000007fefea1d000 	C:\Windows\system32\RPCRT4.dll
0x0000000077630000 - 0x000000007772a000 	C:\Windows\system32\USER32.dll
0x000007fefe570000 - 0x000007fefe5d7000 	C:\Windows\system32\GDI32.dll
0x000007fefe050000 - 0x000007fefe05e000 	C:\Windows\system32\LPK.dll
0x000007fefe080000 - 0x000007fefe14a000 	C:\Windows\system32\USP10.dll
0x000007fefbce0000 - 0x000007fefbed4000 	C:\Windows\WinSxS\amd64_microsoft.windows.common-controls_6595b64144ccf1df_6.0.7601.18837_none_fa3b1e3d17594757\COMCTL32.dll
0x000007fefe680000 - 0x000007fefe6f1000 	C:\Windows\system32\SHLWAPI.dll
0x000007fefdd10000 - 0x000007fefdd3e000 	C:\Windows\system32\IMM32.DLL
0x000007fefe700000 - 0x000007fefe809000 	C:\Windows\system32\MSCTF.dll
0x000007fefd5f0000 - 0x000007fefd621000 	C:\Windows\system32\nvinitx.dll
0x000007fefd5e0000 - 0x000007fefd5ec000 	C:\Windows\system32\VERSION.dll
0x000000000f000000 - 0x000000000f006000 	C:\Program Files\NVIDIA Corporation\CoProcManager\detoured.dll
0x000007fef9ce0000 - 0x000007fef9d11000 	C:\Program Files\NVIDIA Corporation\CoProcManager\nvd3d9wrapx.dll
0x000007fefdb30000 - 0x000007fefdd07000 	C:\Windows\system32\SETUPAPI.dll
0x000007fefd990000 - 0x000007fefd9c6000 	C:\Windows\system32\CFGMGR32.dll
0x000007fefdf70000 - 0x000007fefe048000 	C:\Windows\system32\OLEAUT32.dll
0x000007fefeaa0000 - 0x000007fefeca3000 	C:\Windows\system32\ole32.dll
0x000007fefd720000 - 0x000007fefd73a000 	C:\Windows\system32\DEVOBJ.dll
0x000007fef9cb0000 - 0x000007fef9cd2000 	C:\Program Files\NVIDIA Corporation\CoProcManager\nvdxgiwrapx.dll
0x000000006cd40000 - 0x000000006ce12000 	C:\Program Files\Java\jdk1.7.0_80\jre\bin\msvcr100.dll
0x0000000069070000 - 0x0000000069849000 	C:\Program Files\Java\jdk1.7.0_80\jre\bin\server\jvm.dll
0x000007fef5470000 - 0x000007fef5479000 	C:\Windows\system32\WSOCK32.dll
0x000007fefda40000 - 0x000007fefda8d000 	C:\Windows\system32\WS2_32.dll
0x000007fefe560000 - 0x000007fefe568000 	C:\Windows\system32\NSI.dll
0x000007fefa4a0000 - 0x000007fefa4db000 	C:\Windows\system32\WINMM.dll
0x00000000778f0000 - 0x00000000778f7000 	C:\Windows\system32\PSAPI.DLL
0x0000000072d70000 - 0x0000000072d7f000 	C:\Program Files\Java\jdk1.7.0_80\jre\bin\verify.dll
0x000000006e8e0000 - 0x000000006e908000 	C:\Program Files\Java\jdk1.7.0_80\jre\bin\java.dll
0x000000006e5f0000 - 0x000000006e606000 	C:\Program Files\Java\jdk1.7.0_80\jre\bin\zip.dll
0x000000006e5d0000 - 0x000000006e5ea000 	C:\Program Files\Java\jdk1.7.0_80\jre\bin\net.dll
0x000007fefce50000 - 0x000007fefcea5000 	C:\Windows\system32\mswsock.dll
0x000007fefce40000 - 0x000007fefce47000 	C:\Windows\System32\wship6.dll
0x000000006e5b0000 - 0x000000006e5c1000 	C:\Program Files\Java\jdk1.7.0_80\jre\bin\nio.dll

VM Arguments:
jvm_args: -Djava.awt.headless=true -Xmx1024M -Dfile.encoding=GBK -Duser.country=CN -Duser.language=zh -Duser.variant 
java_command: com.android.dx.command.Main --dex --num-threads=4 --output D:\YunFengSi\app\build\intermediates\pre-dexed\debug\okhttp-3.2.0_e97c4d684058659f4c78fd063d89ce0d8b400297.jar C:\Users\Administrator\.gradle\caches\modules-2\files-2.1\com.squareup.okhttp3\okhttp\3.2.0\f7873a2ebde246a45c2a8d6f3247108b4c88a879\okhttp-3.2.0.jar
Launcher Type: SUN_STANDARD

Environment Variables:
JAVA_HOME=C:\Program Files\Java\jdk1.7.0_80
CLASSPATH=.;JAVA_HOME\lib;JAVA_HOME\lib\tools.jar
PATH=D:\ImageMagick-7.0.1-Q16;C:\Windows\system32;C:\Windows;C:\Windows\System32\Wbem;C:\Windows\System32\WindowsPowerShell\v1.0\;JAVA_HOME\bin;JAVA_HOME\jre\bin;C:\Program Files\Java\jdk1.7.0_80\bin;
USERNAME=Administrator
OS=Windows_NT
PROCESSOR_IDENTIFIER=Intel64 Family 6 Model 69 Stepping 1, GenuineIntel



---------------  S Y S T E M  ---------------

OS: Windows 7 , 64 bit Build 7601 Service Pack 1

CPU:total 4 (2 cores per cpu, 2 threads per core) family 6 model 69 stepping 1, cmov, cx8, fxsr, mmx, sse, sse2, sse3, ssse3, sse4.1, sse4.2, popcnt, avx, avx2, aes, erms, ht, tsc, tscinvbit

Memory: 4k page, physical 4074756k(157368k free), swap 6170072k(5512k free)

vm_info: Java HotSpot(TM) 64-Bit Server VM (24.80-b11) for windows-amd64 JRE (1.7.0_80-b15), built on Apr 10 2015 11:26:34 by "java_re" with unknown MS VC++:1600

time: Mon Jan 16 17:27:44 2017
elapsed time: 6 seconds

