#
# There is insufficient memory for the Java Runtime Environment to continue.
# Native memory allocation (malloc) failed to allocate 917776 bytes for Chunk::new
# Possible reasons:
#   The system is out of physical RAM or swap space
#   In 32 bit mode, the process size limit was hit
# Possible solutions:
#   Reduce memory load on the system
#   Increase physical memory or swap space
#   Check if swap backing store is full
#   Use 64 bit Java on a 64 bit OS
#   Decrease Java heap size (-Xmx/-Xms)
#   Decrease number of Java threads
#   Decrease Java thread stack sizes (-Xss)
#   Set larger code cache with -XX:ReservedCodeCacheSize=
# This output file may be truncated or incomplete.
#
#  Out of Memory Error (allocation.cpp:323), pid=7284, tid=5400
#
# JRE version: Java(TM) SE Runtime Environment (7.0_80-b15) (build 1.7.0_80-b15)
# Java VM: Java HotSpot(TM) 64-Bit Server VM (24.80-b11 mixed mode windows-amd64 compressed oops)
# Failed to write core dump. Minidumps are not enabled by default on client versions of Windows
#

---------------  T H R E A D  ---------------

Current thread (0x0000000009e51000):  JavaThread "C2 CompilerThread1" daemon [_thread_in_native, code=5400, stack(0x000000000a3c0000,0x000000000a4c0000)]

Stack: [0x000000000a3c0000,0x000000000a4c0000]
[error occurred during error reporting (printing stack bounds), code 0xc0000005]


Current CompileTask:
C2:   8528  639   !         com.android.dx.cf.code.BytecodeArray::parseInstruction (2764 bytes)


---------------  P R O C E S S  ---------------

Java Threads: ( => current thread )
  0x0000000009ff6000 JavaThread "pool-1-thread-4" [_thread_blocked, code=9916, stack(0x000000000add0000,0x000000000aed0000)]
  0x0000000009ff5800 JavaThread "pool-1-thread-3" [_thread_blocked, code=6836, stack(0x000000000abd0000,0x000000000acd0000)]
  0x000000000a075800 JavaThread "pool-1-thread-2" [_thread_blocked, code=8504, stack(0x000000000aaa0000,0x000000000aba0000)]
  0x0000000009f9a800 JavaThread "pool-2-thread-1" [_thread_blocked, code=8600, stack(0x000000000a660000,0x000000000a760000)]
  0x0000000009f98000 JavaThread "pool-1-thread-1" [_thread_blocked, code=3156, stack(0x000000000a850000,0x000000000a950000)]
  0x0000000009e52000 JavaThread "Service Thread" daemon [_thread_blocked, code=9656, stack(0x000000000a530000,0x000000000a630000)]
=>0x0000000009e51000 JavaThread "C2 CompilerThread1" daemon [_thread_in_native, code=5400, stack(0x000000000a3c0000,0x000000000a4c0000)]
  0x00000000085fa800 JavaThread "C2 CompilerThread0" daemon [_thread_in_native, code=8200, stack(0x0000000009d50000,0x0000000009e50000)]
  0x00000000085f9000 JavaThread "Attach Listener" daemon [_thread_blocked, code=5632, stack(0x0000000009b10000,0x0000000009c10000)]
  0x00000000085f8000 JavaThread "Signal Dispatcher" daemon [_thread_blocked, code=6260, stack(0x00000000099a0000,0x0000000009aa0000)]
  0x000000000857f000 JavaThread "Finalizer" daemon [_thread_blocked, code=9692, stack(0x0000000009540000,0x0000000009640000)]
  0x000000000857d800 JavaThread "Reference Handler" daemon [_thread_blocked, code=5092, stack(0x00000000097a0000,0x00000000098a0000)]
  0x00000000021ff000 JavaThread "main" [_thread_blocked, code=4432, stack(0x0000000002480000,0x0000000002580000)]

Other Threads:
  0x000000000857a000 VMThread [stack: 0x0000000009690000,0x0000000009790000] [code=4760]
  0x0000000009e63000 WatcherThread [stack: 0x000000000a290000,0x000000000a390000] [code=5620]

VM state:not at safepoint (normal execution)

VM Mutex/Monitor currently owned by a thread: None

Heap
 PSYoungGen      total 68096K, used 56226K [0x00000000eaa80000, 0x00000000f4680000, 0x0000000100000000)
  eden space 65536K, 81% used [0x00000000eaa80000,0x00000000edef0668,0x00000000eea80000)
  from space 2560K, 98% used [0x00000000eea80000,0x00000000eecf82f8,0x00000000eed00000)
  to   space 14336K, 0% used [0x00000000f3880000,0x00000000f3880000,0x00000000f4680000)
 ParOldGen       total 42496K, used 24824K [0x00000000c0000000, 0x00000000c2980000, 0x00000000eaa80000)
  object space 42496K, 58% used [0x00000000c0000000,0x00000000c183e0c0,0x00000000c2980000)
 PSPermGen       total 21504K, used 5970K [0x00000000bae00000, 0x00000000bc300000, 0x00000000c0000000)
  object space 21504K, 27% used [0x00000000bae00000,0x00000000bb3d4a80,0x00000000bc300000)

Card table byte_map: [0x0000000005580000,0x00000000057b0000] byte_map_base: 0x0000000004fa9000

Polling page: 0x0000000000320000

Code Cache  [0x0000000002580000, 0x0000000002840000, 0x0000000005580000)
 total_blobs=868 nmethods=630 adapters=190 free_code_cache=46444Kb largest_free_block=47500160

Compilation events (10 events):
Event: 8.307 Thread 0x00000000085fa800  635             com.android.dx.util.LabeledList::getMaxLabel (47 bytes)
Event: 8.311 Thread 0x00000000085fa800 nmethod 635 0x000000000264b810 code [0x000000000264b960, 0x000000000264bb38]
Event: 8.372 Thread 0x0000000009e51000  636             com.android.dx.cf.direct.DirectClassFile::getBytes (5 bytes)
Event: 8.372 Thread 0x0000000009e51000 nmethod 636 0x0000000002810090 code [0x00000000028101c0, 0x0000000002810218]
Event: 8.374 Thread 0x00000000085fa800  637             com.android.dx.util.IntList::shrink (42 bytes)
Event: 8.375 Thread 0x00000000085fa800 nmethod 637 0x0000000002650d50 code [0x0000000002650e80, 0x0000000002650f18]
Event: 8.392 Thread 0x0000000009e51000  638             com.android.dx.cf.code.Ropper::addBlock (37 bytes)
Event: 8.397 Thread 0x0000000009e51000 nmethod 638 0x00000000027dc510 code [0x00000000027dc6a0, 0x00000000027dca90]
Event: 8.458 Thread 0x0000000009e51000  639   !         com.android.dx.cf.code.BytecodeArray::parseInstruction (2764 bytes)
Event: 8.468 Thread 0x00000000085fa800  640             com.android.dx.ssa.back.FirstFitLocalCombiningAllocator::handleCheckCastResults (413 bytes)

GC Heap History (10 events):
Event: 0.599 GC heap before
{Heap before GC invocations=1 (full 0):
 PSYoungGen      total 18944K, used 16384K [0x00000000eaa80000, 0x00000000ebf80000, 0x0000000100000000)
  eden space 16384K, 100% used [0x00000000eaa80000,0x00000000eba80000,0x00000000eba80000)
  from space 2560K, 0% used [0x00000000ebd00000,0x00000000ebd00000,0x00000000ebf80000)
  to   space 2560K, 0% used [0x00000000eba80000,0x00000000eba80000,0x00000000ebd00000)
 ParOldGen       total 42496K, used 0K [0x00000000c0000000, 0x00000000c2980000, 0x00000000eaa80000)
  object space 42496K, 0% used [0x00000000c0000000,0x00000000c0000000,0x00000000c2980000)
 PSPermGen       total 21504K, used 5579K [0x00000000bae00000, 0x00000000bc300000, 0x00000000c0000000)
  object space 21504K, 25% used [0x00000000bae00000,0x00000000bb372c30,0x00000000bc300000)
Event: 0.608 GC heap after
Heap after GC invocations=1 (full 0):
 PSYoungGen      total 18944K, used 2556K [0x00000000eaa80000, 0x00000000ecf80000, 0x0000000100000000)
  eden space 16384K, 0% used [0x00000000eaa80000,0x00000000eaa80000,0x00000000eba80000)
  from space 2560K, 99% used [0x00000000eba80000,0x00000000ebcff300,0x00000000ebd00000)
  to   space 2560K, 0% used [0x00000000ecd00000,0x00000000ecd00000,0x00000000ecf80000)
 ParOldGen       total 42496K, used 1010K [0x00000000c0000000, 0x00000000c2980000, 0x00000000eaa80000)
  object space 42496K, 2% used [0x00000000c0000000,0x00000000c00fcad8,0x00000000c2980000)
 PSPermGen       total 21504K, used 5579K [0x00000000bae00000, 0x00000000bc300000, 0x00000000c0000000)
  object space 21504K, 25% used [0x00000000bae00000,0x00000000bb372c30,0x00000000bc300000)
}
Event: 1.013 GC heap before
{Heap before GC invocations=2 (full 0):
 PSYoungGen      total 18944K, used 18940K [0x00000000eaa80000, 0x00000000ecf80000, 0x0000000100000000)
  eden space 16384K, 100% used [0x00000000eaa80000,0x00000000eba80000,0x00000000eba80000)
  from space 2560K, 99% used [0x00000000eba80000,0x00000000ebcff300,0x00000000ebd00000)
  to   space 2560K, 0% used [0x00000000ecd00000,0x00000000ecd00000,0x00000000ecf80000)
 ParOldGen       total 42496K, used 1010K [0x00000000c0000000, 0x00000000c2980000, 0x00000000eaa80000)
  object space 42496K, 2% used [0x00000000c0000000,0x00000000c00fcad8,0x00000000c2980000)
 PSPermGen       total 21504K, used 5824K [0x00000000bae00000, 0x00000000bc300000, 0x00000000c0000000)
  object space 21504K, 27% used [0x00000000bae00000,0x00000000bb3b0318,0x00000000bc300000)
Event: 1.041 GC heap after
Heap after GC invocations=2 (full 0):
 PSYoungGen      total 35328K, used 2543K [0x00000000eaa80000, 0x00000000ecf80000, 0x0000000100000000)
  eden space 32768K, 0% used [0x00000000eaa80000,0x00000000eaa80000,0x00000000eca80000)
  from space 2560K, 99% used [0x00000000ecd00000,0x00000000ecf7bca8,0x00000000ecf80000)
  to   space 2560K, 0% used [0x00000000eca80000,0x00000000eca80000,0x00000000ecd00000)
 ParOldGen       total 42496K, used 2930K [0x00000000c0000000, 0x00000000c2980000, 0x00000000eaa80000)
  object space 42496K, 6% used [0x00000000c0000000,0x00000000c02dca80,0x00000000c2980000)
 PSPermGen       total 21504K, used 5824K [0x00000000bae00000, 0x00000000bc300000, 0x00000000c0000000)
  object space 21504K, 27% used [0x00000000bae00000,0x00000000bb3b0318,0x00000000bc300000)
}
Event: 2.261 GC heap before
{Heap before GC invocations=3 (full 0):
 PSYoungGen      total 35328K, used 35311K [0x00000000eaa80000, 0x00000000ecf80000, 0x0000000100000000)
  eden space 32768K, 100% used [0x00000000eaa80000,0x00000000eca80000,0x00000000eca80000)
  from space 2560K, 99% used [0x00000000ecd00000,0x00000000ecf7bca8,0x00000000ecf80000)
  to   space 2560K, 0% used [0x00000000eca80000,0x00000000eca80000,0x00000000ecd00000)
 ParOldGen       total 42496K, used 2930K [0x00000000c0000000, 0x00000000c2980000, 0x00000000eaa80000)
  object space 42496K, 6% used [0x00000000c0000000,0x00000000c02dca80,0x00000000c2980000)
 PSPermGen       total 21504K, used 5890K [0x00000000bae00000, 0x00000000bc300000, 0x00000000c0000000)
  object space 21504K, 27% used [0x00000000bae00000,0x00000000bb3c0b90,0x00000000bc300000)
Event: 2.379 GC heap after
Heap after GC invocations=3 (full 0):
 PSYoungGen      total 35328K, used 2552K [0x00000000eaa80000, 0x00000000eef80000, 0x0000000100000000)
  eden space 32768K, 0% used [0x00000000eaa80000,0x00000000eaa80000,0x00000000eca80000)
  from space 2560K, 99% used [0x00000000eca80000,0x00000000eccfe038,0x00000000ecd00000)
  to   space 2560K, 0% used [0x00000000eed00000,0x00000000eed00000,0x00000000eef80000)
 ParOldGen       total 42496K, used 8131K [0x00000000c0000000, 0x00000000c2980000, 0x00000000eaa80000)
  object space 42496K, 19% used [0x00000000c0000000,0x00000000c07f0e18,0x00000000c2980000)
 PSPermGen       total 21504K, used 5890K [0x00000000bae00000, 0x00000000bc300000, 0x00000000c0000000)
  object space 21504K, 27% used [0x00000000bae00000,0x00000000bb3c0b90,0x00000000bc300000)
}
Event: 4.259 GC heap before
{Heap before GC invocations=4 (full 0):
 PSYoungGen      total 35328K, used 35320K [0x00000000eaa80000, 0x00000000eef80000, 0x0000000100000000)
  eden space 32768K, 100% used [0x00000000eaa80000,0x00000000eca80000,0x00000000eca80000)
  from space 2560K, 99% used [0x00000000eca80000,0x00000000eccfe038,0x00000000ecd00000)
  to   space 2560K, 0% used [0x00000000eed00000,0x00000000eed00000,0x00000000eef80000)
 ParOldGen       total 42496K, used 8131K [0x00000000c0000000, 0x00000000c2980000, 0x00000000eaa80000)
  object space 42496K, 19% used [0x00000000c0000000,0x00000000c07f0e18,0x00000000c2980000)
 PSPermGen       total 21504K, used 5911K [0x00000000bae00000, 0x00000000bc300000, 0x00000000c0000000)
  object space 21504K, 27% used [0x00000000bae00000,0x00000000bb3c5d98,0x00000000bc300000)
Event: 4.552 GC heap after
Heap after GC invocations=4 (full 0):
 PSYoungGen      total 68096K, used 2544K [0x00000000eaa80000, 0x00000000eef80000, 0x0000000100000000)
  eden space 65536K, 0% used [0x00000000eaa80000,0x00000000eaa80000,0x00000000eea80000)
  from space 2560K, 99% used [0x00000000eed00000,0x00000000eef7c2e8,0x00000000eef80000)
  to   space 2560K, 0% used [0x00000000eea80000,0x00000000eea80000,0x00000000eed00000)
 ParOldGen       total 42496K, used 13567K [0x00000000c0000000, 0x00000000c2980000, 0x00000000eaa80000)
  object space 42496K, 31% used [0x00000000c0000000,0x00000000c0d3fed8,0x00000000c2980000)
 PSPermGen       total 21504K, used 5911K [0x00000000bae00000, 0x00000000bc300000, 0x00000000c0000000)
  object space 21504K, 27% used [0x00000000bae00000,0x00000000bb3c5d98,0x00000000bc300000)
}
Event: 6.434 GC heap before
{Heap before GC invocations=5 (full 0):
 PSYoungGen      total 68096K, used 68080K [0x00000000eaa80000, 0x00000000eef80000, 0x0000000100000000)
  eden space 65536K, 100% used [0x00000000eaa80000,0x00000000eea80000,0x00000000eea80000)
  from space 2560K, 99% used [0x00000000eed00000,0x00000000eef7c2e8,0x00000000eef80000)
  to   space 2560K, 0% used [0x00000000eea80000,0x00000000eea80000,0x00000000eed00000)
 ParOldGen       total 42496K, used 13567K [0x00000000c0000000, 0x00000000c2980000, 0x00000000eaa80000)
  object space 42496K, 31% used [0x00000000c0000000,0x00000000c0d3fed8,0x00000000c2980000)
 PSPermGen       total 21504K, used 5959K [0x00000000bae00000, 0x00000000bc300000, 0x00000000c0000000)
  object space 21504K, 27% used [0x00000000bae00000,0x00000000bb3d1e98,0x00000000bc300000)
Event: 7.482 GC heap after
Heap after GC invocations=5 (full 0):
 PSYoungGen      total 68096K, used 2528K [0x00000000eaa80000, 0x00000000f4680000, 0x0000000100000000)
  eden space 65536K, 0% used [0x00000000eaa80000,0x00000000eaa80000,0x00000000eea80000)
  from space 2560K, 98% used [0x00000000eea80000,0x00000000eecf82f8,0x00000000eed00000)
  to   space 14336K, 0% used [0x00000000f3880000,0x00000000f3880000,0x00000000f4680000)
 ParOldGen       total 42496K, used 24824K [0x00000000c0000000, 0x00000000c2980000, 0x00000000eaa80000)
  object space 42496K, 58% used [0x00000000c0000000,0x00000000c183e0c0,0x00000000c2980000)
 PSPermGen       total 21504K, used 5959K [0x00000000bae00000, 0x00000000bc300000, 0x00000000c0000000)
  object space 21504K, 27% used [0x00000000bae00000,0x00000000bb3d1e98,0x00000000bc300000)
}

Deoptimization events (10 events):
Event: 6.279 Thread 0x000000000a075800 Uncommon trap: reason=unstable_if action=reinterpret pc=0x00000000026bc100 method=com.android.dx.ssa.SCCP.simulateStmt(Lcom/android/dx/ssa/SsaInsn;)V @ 59
Event: 6.362 Thread 0x00000000021ff000 Uncommon trap: reason=unstable_if action=reinterpret pc=0x00000000027a1838 method=com.android.dx.ssa.SCCP.run()V @ 257
Event: 7.497 Thread 0x000000000a075800 Uncommon trap: reason=class_check action=maybe_recompile pc=0x00000000027e93f8 method=com.android.dx.cf.code.Ropper.processBlock(Lcom/android/dx/cf/code/ByteBlock;Lcom/android/dx/cf/code/Frame;[I)V @ 777
Event: 7.509 Thread 0x000000000a075800 Uncommon trap: reason=bimorphic action=maybe_recompile pc=0x0000000002690398 method=com.android.dx.ssa.SCCP.simulatePhi(Lcom/android/dx/ssa/PhiInsn;)V @ 124
Event: 7.518 Thread 0x000000000a075800 Uncommon trap: reason=bimorphic action=maybe_recompile pc=0x0000000002690398 method=com.android.dx.ssa.SCCP.simulatePhi(Lcom/android/dx/ssa/PhiInsn;)V @ 124
Event: 7.734 Thread 0x0000000009ff5800 Uncommon trap: reason=class_check action=maybe_recompile pc=0x00000000027e93f8 method=com.android.dx.cf.code.Ropper.processBlock(Lcom/android/dx/cf/code/ByteBlock;Lcom/android/dx/cf/code/Frame;[I)V @ 777
Event: 8.077 Thread 0x000000000a075800 Uncommon trap: reason=null_check action=make_not_entrant pc=0x00000000027a9350 method=com.android.dx.dex.file.FieldIdsSection.intern(Lcom/android/dx/rop/cst/CstFieldRef;)Lcom/android/dx/dex/file/FieldIdItem; @ 26
Event: 8.302 Thread 0x000000000a075800 Uncommon trap: reason=bimorphic action=maybe_recompile pc=0x000000000280047c method=com.android.dx.cf.code.BytecodeArray.parseInstruction(ILcom/android/dx/cf/code/BytecodeArray$Visitor;)I @ 1477
Event: 8.302 Thread 0x000000000a075800 Uncommon trap: reason=bimorphic action=maybe_recompile pc=0x000000000280047c method=com.android.dx.cf.code.BytecodeArray.parseInstruction(ILcom/android/dx/cf/code/BytecodeArray$Visitor;)I @ 1477
Event: 8.443 Thread 0x0000000009ff5800 Uncommon trap: reason=bimorphic action=maybe_recompile pc=0x000000000276de74 method=java.util.HashMap.put(Ljava/lang/Object;Ljava/lang/Object;)Ljava/lang/Object; @ 83

Internal exceptions (10 events):
Event: 0.737 Thread 0x0000000009f98000 Threw 0x00000000eae0a308 at C:\re\jdk7u80\2329\hotspot\src\share\vm\prims\jvm.cpp:1319
Event: 0.743 Thread 0x00000000021ff000 Threw 0x00000000eaaaa750 at C:\re\jdk7u80\2329\hotspot\src\share\vm\prims\jvm.cpp:1319
Event: 0.767 Thread 0x000000000a075800 Threw 0x00000000eaf96e68 at C:\re\jdk7u80\2329\hotspot\src\share\vm\prims\jvm.cpp:1319
Event: 0.814 Thread 0x0000000009f98000 Implicit null exception at 0x0000000002609f12 to 0x000000000260a005
Event: 4.036 Thread 0x0000000009f98000 Threw 0x00000000ebe367b0 at C:\re\jdk7u80\2329\hotspot\src\share\vm\prims\jvm.cpp:1319
Event: 4.047 Thread 0x00000000021ff000 Implicit null exception at 0x00000000026f55e7 to 0x00000000026f5c41
Event: 4.118 Thread 0x0000000009f98000 Implicit null exception at 0x0000000002681b48 to 0x0000000002685729
Event: 4.919 Thread 0x000000000a075800 Implicit null exception at 0x0000000002780a78 to 0x000000000278148d
Event: 6.284 Thread 0x000000000a075800 Threw 0x00000000ed34efb8 at C:\re\jdk7u80\2329\hotspot\src\share\vm\prims\jvm.cpp:1319
Event: 8.077 Thread 0x000000000a075800 Implicit null exception at 0x00000000027a8e24 to 0x00000000027a9341

Events (10 events):
Event: 8.077 Thread 0x000000000a075800 DEOPT UNPACKING pc=0x00000000025b75a4 sp=0x000000000ab9f118 mode 2
Event: 8.302 Thread 0x000000000a075800 Uncommon trap: trap_request=0xffffffc6 fr.pc=0x000000000280047c
Event: 8.302 Thread 0x000000000a075800 DEOPT PACKING pc=0x000000000280047c sp=0x000000000ab9ec10
Event: 8.302 Thread 0x000000000a075800 DEOPT UNPACKING pc=0x00000000025b75a4 sp=0x000000000ab9ebc0 mode 2
Event: 8.302 Thread 0x000000000a075800 Uncommon trap: trap_request=0xffffffc6 fr.pc=0x000000000280047c
Event: 8.302 Thread 0x000000000a075800 DEOPT PACKING pc=0x000000000280047c sp=0x000000000ab9ecc0
Event: 8.302 Thread 0x000000000a075800 DEOPT UNPACKING pc=0x00000000025b75a4 sp=0x000000000ab9ec70 mode 2
Event: 8.443 Thread 0x0000000009ff5800 Uncommon trap: trap_request=0xffffffc6 fr.pc=0x000000000276de74
Event: 8.443 Thread 0x0000000009ff5800 DEOPT PACKING pc=0x000000000276de74 sp=0x000000000acceb60
Event: 8.443 Thread 0x0000000009ff5800 DEOPT UNPACKING pc=0x00000000025b75a4 sp=0x000000000accea60 mode 2


Dynamic libraries:
0x000000013f4f0000 - 0x000000013f523000 	C:\Program Files\Java\jdk1.7.0_80\bin\java.exe
0x0000000077730000 - 0x00000000778da000 	C:\Windows\SYSTEM32\ntdll.dll
0x0000000077510000 - 0x000000007762f000 	C:\Windows\system32\kernel32.dll
0x000007fefd9d0000 - 0x000007fefda3b000 	C:\Windows\system32\KERNELBASE.dll
0x000007fefe810000 - 0x000007fefe8eb000 	C:\Windows\system32\ADVAPI32.dll
0x000007fefdd40000 - 0x000007fefdddf000 	C:\Windows\system32\msvcrt.dll
0x000007fefe540000 - 0x000007fefe55f000 	C:\Windows\SYSTEM32\sechost.dll
0x000007fefe8f0000 - 0x000007fefea1d000 	C:\Windows\system32\RPCRT4.dll
0x0000000077630000 - 0x000000007772a000 	C:\Windows\system32\USER32.dll
0x000007fefe570000 - 0x000007fefe5d7000 	C:\Windows\system32\GDI32.dll
0x000007fefe050000 - 0x000007fefe05e000 	C:\Windows\system32\LPK.dll
0x000007fefe080000 - 0x000007fefe14a000 	C:\Windows\system32\USP10.dll
0x000007fefbce0000 - 0x000007fefbed4000 	C:\Windows\WinSxS\amd64_microsoft.windows.common-controls_6595b64144ccf1df_6.0.7601.18837_none_fa3b1e3d17594757\COMCTL32.dll
0x000007fefe680000 - 0x000007fefe6f1000 	C:\Windows\system32\SHLWAPI.dll
0x000007fefdd10000 - 0x000007fefdd3e000 	C:\Windows\system32\IMM32.DLL
0x000007fefe700000 - 0x000007fefe809000 	C:\Windows\system32\MSCTF.dll
0x000007fefd5f0000 - 0x000007fefd621000 	C:\Windows\system32\nvinitx.dll
0x000007fefd5e0000 - 0x000007fefd5ec000 	C:\Windows\system32\VERSION.dll
0x000000000f000000 - 0x000000000f006000 	C:\Program Files\NVIDIA Corporation\CoProcManager\detoured.dll
0x000007fef9ce0000 - 0x000007fef9d11000 	C:\Program Files\NVIDIA Corporation\CoProcManager\nvd3d9wrapx.dll
0x000007fefdb30000 - 0x000007fefdd07000 	C:\Windows\system32\SETUPAPI.dll
0x000007fefd990000 - 0x000007fefd9c6000 	C:\Windows\system32\CFGMGR32.dll
0x000007fefdf70000 - 0x000007fefe048000 	C:\Windows\system32\OLEAUT32.dll
0x000007fefeaa0000 - 0x000007fefeca3000 	C:\Windows\system32\ole32.dll
0x000007fefd720000 - 0x000007fefd73a000 	C:\Windows\system32\DEVOBJ.dll
0x000007fef9cb0000 - 0x000007fef9cd2000 	C:\Program Files\NVIDIA Corporation\CoProcManager\nvdxgiwrapx.dll
0x000000006cd40000 - 0x000000006ce12000 	C:\Program Files\Java\jdk1.7.0_80\jre\bin\msvcr100.dll
0x0000000069070000 - 0x0000000069849000 	C:\Program Files\Java\jdk1.7.0_80\jre\bin\server\jvm.dll
0x000007fef5470000 - 0x000007fef5479000 	C:\Windows\system32\WSOCK32.dll
0x000007fefda40000 - 0x000007fefda8d000 	C:\Windows\system32\WS2_32.dll
0x000007fefe560000 - 0x000007fefe568000 	C:\Windows\system32\NSI.dll
0x000007fefa4a0000 - 0x000007fefa4db000 	C:\Windows\system32\WINMM.dll
0x00000000778f0000 - 0x00000000778f7000 	C:\Windows\system32\PSAPI.DLL
0x0000000072d70000 - 0x0000000072d7f000 	C:\Program Files\Java\jdk1.7.0_80\jre\bin\verify.dll
0x000000006e8e0000 - 0x000000006e908000 	C:\Program Files\Java\jdk1.7.0_80\jre\bin\java.dll
0x000000006e5f0000 - 0x000000006e606000 	C:\Program Files\Java\jdk1.7.0_80\jre\bin\zip.dll
0x000000006e5d0000 - 0x000000006e5ea000 	C:\Program Files\Java\jdk1.7.0_80\jre\bin\net.dll
0x000007fefce50000 - 0x000007fefcea5000 	C:\Windows\system32\mswsock.dll
0x000007fefce40000 - 0x000007fefce47000 	C:\Windows\System32\wship6.dll
0x000000006e5b0000 - 0x000000006e5c1000 	C:\Program Files\Java\jdk1.7.0_80\jre\bin\nio.dll

VM Arguments:
jvm_args: -Djava.awt.headless=true -Xmx1024M -Dfile.encoding=GBK -Duser.country=CN -Duser.language=zh -Duser.variant 
java_command: com.android.dx.command.Main --dex --num-threads=4 --output D:\YunFengSi\app\build\intermediates\pre-dexed\debug\UPPayPluginExPro_6ccd4e1aa38e90a53b186e526d7eb59f414ec567.jar D:\YunFengSi\app\libs\UPPayPluginExPro.jar
Launcher Type: SUN_STANDARD

Environment Variables:
JAVA_HOME=C:\Program Files\Java\jdk1.7.0_80
CLASSPATH=.;JAVA_HOME\lib;JAVA_HOME\lib\tools.jar
PATH=D:\ImageMagick-7.0.1-Q16;C:\Windows\system32;C:\Windows;C:\Windows\System32\Wbem;C:\Windows\System32\WindowsPowerShell\v1.0\;JAVA_HOME\bin;JAVA_HOME\jre\bin;C:\Program Files\Java\jdk1.7.0_80\bin;
USERNAME=Administrator
OS=Windows_NT
PROCESSOR_IDENTIFIER=Intel64 Family 6 Model 69 Stepping 1, GenuineIntel



---------------  S Y S T E M  ---------------

OS: Windows 7 , 64 bit Build 7601 Service Pack 1

CPU:total 4 (2 cores per cpu, 2 threads per core) family 6 model 69 stepping 1, cmov, cx8, fxsr, mmx, sse, sse2, sse3, ssse3, sse4.1, sse4.2, popcnt, avx, avx2, aes, erms, ht, tsc, tscinvbit

Memory: 4k page, physical 4074756k(497904k free), swap 6170072k(5476k free)

vm_info: Java HotSpot(TM) 64-Bit Server VM (24.80-b11) for windows-amd64 JRE (1.7.0_80-b15), built on Apr 10 2015 11:26:34 by "java_re" with unknown MS VC++:1600

time: Mon Jan 16 17:33:31 2017
elapsed time: 8 seconds

