#
# There is insufficient memory for the Java Runtime Environment to continue.
# Native memory allocation (malloc) failed to allocate 822096 bytes for Chunk::new
# Possible reasons:
#   The system is out of physical RAM or swap space
#   In 32 bit mode, the process size limit was hit
# Possible solutions:
#   Reduce memory load on the system
#   Increase physical memory or swap space
#   Check if swap backing store is full
#   Use 64 bit Java on a 64 bit OS
#   Decrease Java heap size (-Xmx/-Xms)
#   Decrease number of Java threads
#   Decrease Java thread stack sizes (-Xss)
#   Set larger code cache with -XX:ReservedCodeCacheSize=
# This output file may be truncated or incomplete.
#
#  Out of Memory Error (allocation.cpp:323), pid=5776, tid=10048
#
# JRE version: Java(TM) SE Runtime Environment (7.0_80-b15) (build 1.7.0_80-b15)
# Java VM: Java HotSpot(TM) 64-Bit Server VM (24.80-b11 mixed mode windows-amd64 compressed oops)
# Failed to write core dump. Minidumps are not enabled by default on client versions of Windows
#

---------------  T H R E A D  ---------------

Current thread (0x0000000008689000):  JavaThread "C2 CompilerThread0" daemon [_thread_in_native, code=10048, stack(0x0000000009e80000,0x0000000009f80000)]

Stack: [0x0000000009e80000,0x0000000009f80000]
[error occurred during error reporting (printing stack bounds), code 0xc0000005]


[error occurred during error reporting (printing native stack), code 0xc0000005]


Current CompileTask:
C2:   3244  224             com.android.dx.ssa.Dominators::run (506 bytes)


---------------  P R O C E S S  ---------------

Java Threads: ( => current thread )
  0x000000000a0e7800 JavaThread "pool-1-thread-4" [_thread_blocked, code=9332, stack(0x000000000af60000,0x000000000b060000)]
  0x000000000a0c0800 JavaThread "pool-1-thread-3" [_thread_blocked, code=5532, stack(0x0000000009bb0000,0x0000000009cb0000)]
  0x000000000a132000 JavaThread "pool-1-thread-2" [_thread_blocked, code=1072, stack(0x000000000add0000,0x000000000aed0000)]
  0x000000000a061000 JavaThread "pool-2-thread-1" [_thread_blocked, code=9952, stack(0x000000000ac40000,0x000000000ad40000)]
  0x000000000a00a800 JavaThread "pool-1-thread-1" [_thread_blocked, code=10060, stack(0x000000000aac0000,0x000000000abc0000)]
  0x0000000009f8a000 JavaThread "Service Thread" daemon [_thread_blocked, code=5092, stack(0x000000000a680000,0x000000000a780000)]
  0x0000000009f89000 JavaThread "C2 CompilerThread1" daemon [_thread_in_native, code=9456, stack(0x000000000a490000,0x000000000a590000)]
=>0x0000000008689000 JavaThread "C2 CompilerThread0" daemon [_thread_in_native, code=10048, stack(0x0000000009e80000,0x0000000009f80000)]
  0x0000000008669800 JavaThread "Attach Listener" daemon [_thread_blocked, code=5232, stack(0x0000000009cd0000,0x0000000009dd0000)]
  0x0000000008686000 JavaThread "Signal Dispatcher" daemon [_thread_blocked, code=6416, stack(0x0000000009a70000,0x0000000009b70000)]
  0x000000000860f000 JavaThread "Finalizer" daemon [_thread_blocked, code=6124, stack(0x0000000009940000,0x0000000009a40000)]
  0x000000000860d800 JavaThread "Reference Handler" daemon [_thread_blocked, code=10144, stack(0x00000000095e0000,0x00000000096e0000)]
  0x000000000230f000 JavaThread "main" [_thread_in_native, code=10044, stack(0x0000000002640000,0x0000000002740000)]

Other Threads:
  0x000000000860a000 VMThread [stack: 0x0000000009750000,0x0000000009850000] [code=5484]
  0x0000000009f92800 WatcherThread [stack: 0x000000000a870000,0x000000000a970000] [code=2140]

VM state:not at safepoint (normal execution)

VM Mutex/Monitor currently owned by a thread: None

Heap
 PSYoungGen      total 18944K, used 5796K [0x00000000eaa80000, 0x00000000ecf80000, 0x0000000100000000)
  eden space 16384K, 19% used [0x00000000eaa80000,0x00000000eadad608,0x00000000eba80000)
  from space 2560K, 99% used [0x00000000ebd00000,0x00000000ebf7bb48,0x00000000ebf80000)
  to   space 2560K, 0% used [0x00000000eba80000,0x00000000eba80000,0x00000000ebd00000)
 ParOldGen       total 42496K, used 4944K [0x00000000c0000000, 0x00000000c2980000, 0x00000000eaa80000)
  object space 42496K, 11% used [0x00000000c0000000,0x00000000c04d43b8,0x00000000c2980000)
 PSPermGen       total 21504K, used 5500K [0x00000000bae00000, 0x00000000bc300000, 0x00000000c0000000)
  object space 21504K, 25% used [0x00000000bae00000,0x00000000bb35f1b0,0x00000000bc300000)

Card table byte_map: [0x0000000005740000,0x0000000005970000] byte_map_base: 0x0000000005169000

Polling page: 0x0000000000120000

Code Cache  [0x0000000002740000, 0x00000000029b0000, 0x0000000005740000)
 total_blobs=463 nmethods=247 adapters=168 free_code_cache=48242Kb largest_free_block=49368896

Compilation events (10 events):
Event: 2.809 Thread 0x0000000009f89000 nmethod 220 0x0000000002814710 code [0x0000000002814a80, 0x0000000002816a08]
Event: 2.809 Thread 0x0000000009f89000  225             com.android.dx.cf.code.Ropper::addExceptionSetupBlocks (203 bytes)
Event: 2.841 Thread 0x0000000009f89000 nmethod 225 0x0000000002811c90 code [0x0000000002811f20, 0x0000000002812cb0]
Event: 2.841 Thread 0x0000000009f89000  226   !         com.android.dx.ssa.BasicRegisterMapper::map (44 bytes)
Event: 2.843 Thread 0x0000000009f89000 nmethod 226 0x0000000002803610 code [0x0000000002803760, 0x0000000002803888]
Event: 2.843 Thread 0x0000000009f89000  227             com.android.dx.rop.code.RegisterSpec::makeLocalOptional (7 bytes)
Event: 2.973 Thread 0x0000000009f89000 nmethod 227 0x0000000002811a50 code [0x0000000002811ba0, 0x0000000002811c08]
Event: 2.973 Thread 0x0000000009f89000  228             com.android.dx.dex.code.DalvInsn::<init> (67 bytes)
Event: 2.974 Thread 0x0000000009f89000 nmethod 228 0x0000000002811790 code [0x00000000028118c0, 0x0000000002811998]
Event: 2.974 Thread 0x0000000009f89000  229             com.android.dx.ssa.SsaBasicBlock::forEachInsn (37 bytes)

GC Heap History (4 events):
Event: 2.110 GC heap before
{Heap before GC invocations=1 (full 0):
 PSYoungGen      total 18944K, used 16384K [0x00000000eaa80000, 0x00000000ebf80000, 0x0000000100000000)
  eden space 16384K, 100% used [0x00000000eaa80000,0x00000000eba80000,0x00000000eba80000)
  from space 2560K, 0% used [0x00000000ebd00000,0x00000000ebd00000,0x00000000ebf80000)
  to   space 2560K, 0% used [0x00000000eba80000,0x00000000eba80000,0x00000000ebd00000)
 ParOldGen       total 42496K, used 0K [0x00000000c0000000, 0x00000000c2980000, 0x00000000eaa80000)
  object space 42496K, 0% used [0x00000000c0000000,0x00000000c0000000,0x00000000c2980000)
 PSPermGen       total 21504K, used 5228K [0x00000000bae00000, 0x00000000bc300000, 0x00000000c0000000)
  object space 21504K, 24% used [0x00000000bae00000,0x00000000bb31b1b0,0x00000000bc300000)
Event: 2.119 GC heap after
Heap after GC invocations=1 (full 0):
 PSYoungGen      total 18944K, used 2530K [0x00000000eaa80000, 0x00000000ebf80000, 0x0000000100000000)
  eden space 16384K, 0% used [0x00000000eaa80000,0x00000000eaa80000,0x00000000eba80000)
  from space 2560K, 98% used [0x00000000eba80000,0x00000000ebcf8a08,0x00000000ebd00000)
  to   space 2560K, 0% used [0x00000000ebd00000,0x00000000ebd00000,0x00000000ebf80000)
 ParOldGen       total 42496K, used 2320K [0x00000000c0000000, 0x00000000c2980000, 0x00000000eaa80000)
  object space 42496K, 5% used [0x00000000c0000000,0x00000000c0244028,0x00000000c2980000)
 PSPermGen       total 21504K, used 5228K [0x00000000bae00000, 0x00000000bc300000, 0x00000000c0000000)
  object space 21504K, 24% used [0x00000000bae00000,0x00000000bb31b1b0,0x00000000bc300000)
}
Event: 2.843 GC heap before
{Heap before GC invocations=2 (full 0):
 PSYoungGen      total 18944K, used 18914K [0x00000000eaa80000, 0x00000000ebf80000, 0x0000000100000000)
  eden space 16384K, 100% used [0x00000000eaa80000,0x00000000eba80000,0x00000000eba80000)
  from space 2560K, 98% used [0x00000000eba80000,0x00000000ebcf8a08,0x00000000ebd00000)
  to   space 2560K, 0% used [0x00000000ebd00000,0x00000000ebd00000,0x00000000ebf80000)
 ParOldGen       total 42496K, used 2320K [0x00000000c0000000, 0x00000000c2980000, 0x00000000eaa80000)
  object space 42496K, 5% used [0x00000000c0000000,0x00000000c0244028,0x00000000c2980000)
 PSPermGen       total 21504K, used 5447K [0x00000000bae00000, 0x00000000bc300000, 0x00000000c0000000)
  object space 21504K, 25% used [0x00000000bae00000,0x00000000bb351da8,0x00000000bc300000)
Event: 2.966 GC heap after
Heap after GC invocations=2 (full 0):
 PSYoungGen      total 18944K, used 2542K [0x00000000eaa80000, 0x00000000ecf80000, 0x0000000100000000)
  eden space 16384K, 0% used [0x00000000eaa80000,0x00000000eaa80000,0x00000000eba80000)
  from space 2560K, 99% used [0x00000000ebd00000,0x00000000ebf7bb48,0x00000000ebf80000)
  to   space 2560K, 0% used [0x00000000eba80000,0x00000000eba80000,0x00000000ebd00000)
 ParOldGen       total 42496K, used 4944K [0x00000000c0000000, 0x00000000c2980000, 0x00000000eaa80000)
  object space 42496K, 11% used [0x00000000c0000000,0x00000000c04d43b8,0x00000000c2980000)
 PSPermGen       total 21504K, used 5447K [0x00000000bae00000, 0x00000000bc300000, 0x00000000c0000000)
  object space 21504K, 25% used [0x00000000bae00000,0x00000000bb351da8,0x00000000bc300000)
}

Deoptimization events (10 events):
Event: 2.414 Thread 0x000000000a00a800 Uncommon trap: reason=null_check action=make_not_entrant pc=0x00000000027de6bc method=com.android.dx.rop.code.LocalItem.equals(Ljava/lang/Object;)Z @ 1
Event: 2.526 Thread 0x000000000a00a800 Uncommon trap: reason=predicate action=maybe_recompile pc=0x00000000027d8e70 method=java.util.ArrayList.remove(Ljava/lang/Object;)Z @ 49
Event: 2.592 Thread 0x000000000a132000 Uncommon trap: reason=class_check action=maybe_recompile pc=0x00000000027d81cc method=com.android.dx.ssa.NormalSsaInsn.accept(Lcom/android/dx/ssa/SsaInsn$Visitor;)V @ 9
Event: 2.592 Thread 0x000000000a132000 Uncommon trap: reason=class_check action=maybe_recompile pc=0x00000000027d81cc method=com.android.dx.ssa.NormalSsaInsn.accept(Lcom/android/dx/ssa/SsaInsn$Visitor;)V @ 9
Event: 2.593 Thread 0x000000000a132000 Uncommon trap: reason=class_check action=maybe_recompile pc=0x00000000027d81cc method=com.android.dx.ssa.NormalSsaInsn.accept(Lcom/android/dx/ssa/SsaInsn$Visitor;)V @ 9
Event: 2.597 Thread 0x000000000a132000 Uncommon trap: reason=class_check action=maybe_recompile pc=0x00000000027d81cc method=com.android.dx.ssa.NormalSsaInsn.accept(Lcom/android/dx/ssa/SsaInsn$Visitor;)V @ 9
Event: 2.629 Thread 0x000000000a132000 Uncommon trap: reason=class_check action=maybe_recompile pc=0x00000000027c6100 method=com.android.dx.ssa.NormalSsaInsn.accept(Lcom/android/dx/ssa/SsaInsn$Visitor;)V @ 9
Event: 2.646 Thread 0x000000000230f000 Uncommon trap: reason=null_check action=make_not_entrant pc=0x00000000027fabd4 method=com.android.dx.rop.type.Type.putIntern(Lcom/android/dx/rop/type/Type;)Lcom/android/dx/rop/type/Type; @ 18
Event: 2.791 Thread 0x000000000a0c0800 Uncommon trap: reason=null_check action=make_not_entrant pc=0x000000000280d2a4 method=com.android.dx.rop.code.RegisterSpec.equals(Ljava/lang/Object;)Z @ 1
Event: 2.981 Thread 0x000000000a132000 Uncommon trap: reason=null_check action=make_not_entrant pc=0x0000000002816730 method=com.android.dx.ssa.SsaRenamer.getLocalForNewReg(I)Lcom/android/dx/rop/code/LocalItem; @ 19

Internal exceptions (10 events):
Event: 2.335 Thread 0x000000000230f000 Threw 0x00000000eac38010 at C:\re\jdk7u80\2329\hotspot\src\share\vm\prims\jvm.cpp:1319
Event: 2.336 Thread 0x000000000a132000 Threw 0x00000000eaa911e8 at C:\re\jdk7u80\2329\hotspot\src\share\vm\prims\jvm.cpp:1319
Event: 2.347 Thread 0x000000000230f000 Threw 0x00000000ead64440 at C:\re\jdk7u80\2329\hotspot\src\share\vm\prims\jvm.cpp:1319
Event: 2.351 Thread 0x000000000a0c0800 Threw 0x00000000eadd06d0 at C:\re\jdk7u80\2329\hotspot\src\share\vm\prims\jvm.cpp:1319
Event: 2.354 Thread 0x000000000a132000 Threw 0x00000000eadfc4f0 at C:\re\jdk7u80\2329\hotspot\src\share\vm\prims\jvm.cpp:1319
Event: 2.414 Thread 0x000000000a00a800 Implicit null exception at 0x00000000027de481 to 0x00000000027de695
Event: 2.474 Thread 0x000000000a0e7800 Threw 0x00000000eb1830e8 at C:\re\jdk7u80\2329\hotspot\src\share\vm\prims\jvm.cpp:1319
Event: 2.646 Thread 0x000000000230f000 Implicit null exception at 0x00000000027fa4ab to 0x00000000027fabc5
Event: 2.791 Thread 0x000000000a0c0800 Implicit null exception at 0x000000000280c42b to 0x000000000280d279
Event: 2.981 Thread 0x000000000a132000 Implicit null exception at 0x00000000028152c6 to 0x0000000002816705

Events (10 events):
Event: 2.646 Thread 0x000000000230f000 DEOPT PACKING pc=0x00000000027fabd4 sp=0x000000000273e3f0
Event: 2.646 Thread 0x000000000230f000 DEOPT UNPACKING pc=0x00000000027775a4 sp=0x000000000273e320 mode 2
Event: 2.791 Thread 0x000000000a0c0800 Uncommon trap: trap_request=0xfffffff4 fr.pc=0x000000000280d2a4
Event: 2.791 Thread 0x000000000a0c0800 DEOPT PACKING pc=0x000000000280d2a4 sp=0x0000000009caeb80
Event: 2.791 Thread 0x000000000a0c0800 DEOPT UNPACKING pc=0x00000000027775a4 sp=0x0000000009caea88 mode 2
Event: 2.843 Executing VM operation: ParallelGCFailedAllocation
Event: 2.966 Executing VM operation: ParallelGCFailedAllocation done
Event: 2.981 Thread 0x000000000a132000 Uncommon trap: trap_request=0xfffffff4 fr.pc=0x0000000002816730
Event: 2.981 Thread 0x000000000a132000 DEOPT PACKING pc=0x0000000002816730 sp=0x000000000aeceaf0
Event: 2.981 Thread 0x000000000a132000 DEOPT UNPACKING pc=0x00000000027775a4 sp=0x000000000aece888 mode 2


Dynamic libraries:
0x000000013f4f0000 - 0x000000013f523000 	C:\Program Files\Java\jdk1.7.0_80\bin\java.exe
0x0000000077730000 - 0x00000000778da000 	C:\Windows\SYSTEM32\ntdll.dll
0x0000000077510000 - 0x000000007762f000 	C:\Windows\system32\kernel32.dll
0x000007fefd9d0000 - 0x000007fefda3b000 	C:\Windows\system32\KERNELBASE.dll
0x000007fefe810000 - 0x000007fefe8eb000 	C:\Windows\system32\ADVAPI32.dll
0x000007fefdd40000 - 0x000007fefdddf000 	C:\Windows\system32\msvcrt.dll
0x000007fefe540000 - 0x000007fefe55f000 	C:\Windows\SYSTEM32\sechost.dll
0x000007fefe8f0000 - 0x000007fefea1d000 	C:\Windows\system32\RPCRT4.dll
0x0000000077630000 - 0x000000007772a000 	C:\Windows\system32\USER32.dll
0x000007fefe570000 - 0x000007fefe5d7000 	C:\Windows\system32\GDI32.dll
0x000007fefe050000 - 0x000007fefe05e000 	C:\Windows\system32\LPK.dll
0x000007fefe080000 - 0x000007fefe14a000 	C:\Windows\system32\USP10.dll
0x000007fefbce0000 - 0x000007fefbed4000 	C:\Windows\WinSxS\amd64_microsoft.windows.common-controls_6595b64144ccf1df_6.0.7601.18837_none_fa3b1e3d17594757\COMCTL32.dll
0x000007fefe680000 - 0x000007fefe6f1000 	C:\Windows\system32\SHLWAPI.dll
0x000007fefdd10000 - 0x000007fefdd3e000 	C:\Windows\system32\IMM32.DLL
0x000007fefe700000 - 0x000007fefe809000 	C:\Windows\system32\MSCTF.dll
0x000007fefd5f0000 - 0x000007fefd621000 	C:\Windows\system32\nvinitx.dll
0x000007fefd5e0000 - 0x000007fefd5ec000 	C:\Windows\system32\VERSION.dll
0x000000000f000000 - 0x000000000f006000 	C:\Program Files\NVIDIA Corporation\CoProcManager\detoured.dll
0x000007fef9ce0000 - 0x000007fef9d11000 	C:\Program Files\NVIDIA Corporation\CoProcManager\nvd3d9wrapx.dll
0x000007fefdb30000 - 0x000007fefdd07000 	C:\Windows\system32\SETUPAPI.dll
0x000007fefd990000 - 0x000007fefd9c6000 	C:\Windows\system32\CFGMGR32.dll
0x000007fefdf70000 - 0x000007fefe048000 	C:\Windows\system32\OLEAUT32.dll
0x000007fefeaa0000 - 0x000007fefeca3000 	C:\Windows\system32\ole32.dll
0x000007fefd720000 - 0x000007fefd73a000 	C:\Windows\system32\DEVOBJ.dll
0x000007fef9cb0000 - 0x000007fef9cd2000 	C:\Program Files\NVIDIA Corporation\CoProcManager\nvdxgiwrapx.dll
0x000000006cd40000 - 0x000000006ce12000 	C:\Program Files\Java\jdk1.7.0_80\jre\bin\msvcr100.dll
0x0000000069070000 - 0x0000000069849000 	C:\Program Files\Java\jdk1.7.0_80\jre\bin\server\jvm.dll
0x000007fef5470000 - 0x000007fef5479000 	C:\Windows\system32\WSOCK32.dll
0x000007fefda40000 - 0x000007fefda8d000 	C:\Windows\system32\WS2_32.dll
0x000007fefe560000 - 0x000007fefe568000 	C:\Windows\system32\NSI.dll
0x000007fefa4a0000 - 0x000007fefa4db000 	C:\Windows\system32\WINMM.dll
0x00000000778f0000 - 0x00000000778f7000 	C:\Windows\system32\PSAPI.DLL
0x0000000072d70000 - 0x0000000072d7f000 	C:\Program Files\Java\jdk1.7.0_80\jre\bin\verify.dll
0x000000006e8e0000 - 0x000000006e908000 	C:\Program Files\Java\jdk1.7.0_80\jre\bin\java.dll
0x000000006e5f0000 - 0x000000006e606000 	C:\Program Files\Java\jdk1.7.0_80\jre\bin\zip.dll

VM Arguments:
jvm_args: -Djava.awt.headless=true -Xmx1024M -Dfile.encoding=GBK -Duser.country=CN -Duser.language=zh -Duser.variant 
java_command: com.android.dx.command.Main --dex --num-threads=4 --output D:\YunFengSi\app\build\intermediates\pre-dexed\debug\debug_d5f4df93fcde3497d54f5f237e636111a67fd8ad.jar D:\YunFengSi\app\build\intermediates\classes\debug
Launcher Type: SUN_STANDARD

Environment Variables:
JAVA_HOME=C:\Program Files\Java\jdk1.7.0_80
CLASSPATH=.;JAVA_HOME\lib;JAVA_HOME\lib\tools.jar
PATH=D:\ImageMagick-7.0.1-Q16;C:\Windows\system32;C:\Windows;C:\Windows\System32\Wbem;C:\Windows\System32\WindowsPowerShell\v1.0\;JAVA_HOME\bin;JAVA_HOME\jre\bin;C:\Program Files\Java\jdk1.7.0_80\bin;
USERNAME=Administrator
OS=Windows_NT
PROCESSOR_IDENTIFIER=Intel64 Family 6 Model 69 Stepping 1, GenuineIntel



---------------  S Y S T E M  ---------------

OS: Windows 7 , 64 bit Build 7601 Service Pack 1

CPU:total 4 (2 cores per cpu, 2 threads per core) family 6 model 69 stepping 1, cmov, cx8, fxsr, mmx, sse, sse2, sse3, ssse3, sse4.1, sse4.2, popcnt, avx, avx2, aes, erms, ht, tsc, tscinvbit

Memory: 4k page, physical 4074756k(448784k free), swap 6170072k(284812k free)

vm_info: Java HotSpot(TM) 64-Bit Server VM (24.80-b11) for windows-amd64 JRE (1.7.0_80-b15), built on Apr 10 2015 11:26:34 by "java_re" with unknown MS VC++:1600

time: Mon Jan 16 14:33:31 2017
elapsed time: 3 seconds

