#
# There is insufficient memory for the Java Runtime Environment to continue.
# Native memory allocation (malloc) failed to allocate 1117936 bytes for Chunk::new
# Possible reasons:
#   The system is out of physical RAM or swap space
#   In 32 bit mode, the process size limit was hit
# Possible solutions:
#   Reduce memory load on the system
#   Increase physical memory or swap space
#   Check if swap backing store is full
#   Use 64 bit Java on a 64 bit OS
#   Decrease Java heap size (-Xmx/-Xms)
#   Decrease number of Java threads
#   Decrease Java thread stack sizes (-Xss)
#   Set larger code cache with -XX:ReservedCodeCacheSize=
# This output file may be truncated or incomplete.
#
#  Out of Memory Error (allocation.cpp:323), pid=5840, tid=9984
#
# JRE version: Java(TM) SE Runtime Environment (7.0_80-b15) (build 1.7.0_80-b15)
# Java VM: Java HotSpot(TM) 64-Bit Server VM (24.80-b11 mixed mode windows-amd64 compressed oops)
# Failed to write core dump. Minidumps are not enabled by default on client versions of Windows
#

---------------  T H R E A D  ---------------

Current thread (0x000000000869d000):  JavaThread "C2 CompilerThread1" daemon [_thread_in_native, code=9984, stack(0x0000000009c50000,0x0000000009d50000)]

Stack: [0x0000000009c50000,0x0000000009d50000]
[error occurred during error reporting (printing stack bounds), code 0xc0000005]


Current CompileTask:
C2:   2931  193             com.android.dx.ssa.SCCP::run (298 bytes)


---------------  P R O C E S S  ---------------

Java Threads: ( => current thread )
  0x000000000869e000 JavaThread "Service Thread" daemon [_thread_blocked, code=8448, stack(0x0000000009fe0000,0x000000000a0e0000)]
=>0x000000000869d000 JavaThread "C2 CompilerThread1" daemon [_thread_in_native, code=9984, stack(0x0000000009c50000,0x0000000009d50000)]
  0x000000000869a800 JavaThread "C2 CompilerThread0" daemon [_thread_in_native, code=9268, stack(0x0000000009d70000,0x0000000009e70000)]
  0x0000000008697000 JavaThread "Attach Listener" daemon [_thread_blocked, code=9540, stack(0x0000000009aa0000,0x0000000009ba0000)]
  0x0000000008696000 JavaThread "Signal Dispatcher" daemon [_thread_blocked, code=4124, stack(0x0000000009730000,0x0000000009830000)]
  0x000000000861f000 JavaThread "Finalizer" daemon [_thread_blocked, code=1308, stack(0x0000000009990000,0x0000000009a90000)]
  0x000000000861d800 JavaThread "Reference Handler" daemon [_thread_blocked, code=10004, stack(0x0000000009850000,0x0000000009950000)]
  0x00000000020ef000 JavaThread "main" [_thread_in_Java, code=4916, stack(0x00000000023a0000,0x00000000024a0000)]

Other Threads:
  0x000000000861a000 VMThread [stack: 0x00000000095e0000,0x00000000096e0000] [code=5896]
  0x000000000869f800 WatcherThread [stack: 0x000000000a1a0000,0x000000000a2a0000] [code=9284]

VM state:not at safepoint (normal execution)

VM Mutex/Monitor currently owned by a thread: None

Heap
 PSYoungGen      total 35328K, used 7420K [0x00000000eaa80000, 0x00000000ecf80000, 0x0000000100000000)
  eden space 32768K, 14% used [0x00000000eaa80000,0x00000000eaf43910,0x00000000eca80000)
  from space 2560K, 99% used [0x00000000ecd00000,0x00000000ecf7b7c8,0x00000000ecf80000)
  to   space 2560K, 0% used [0x00000000eca80000,0x00000000eca80000,0x00000000ecd00000)
 ParOldGen       total 42496K, used 4402K [0x00000000c0000000, 0x00000000c2980000, 0x00000000eaa80000)
  object space 42496K, 10% used [0x00000000c0000000,0x00000000c044cad0,0x00000000c2980000)
 PSPermGen       total 21504K, used 5951K [0x00000000bae00000, 0x00000000bc300000, 0x00000000c0000000)
  object space 21504K, 27% used [0x00000000bae00000,0x00000000bb3cfc28,0x00000000bc300000)

Card table byte_map: [0x00000000054a0000,0x00000000056d0000] byte_map_base: 0x0000000004ec9000

Polling page: 0x00000000001b0000

Code Cache  [0x00000000024a0000, 0x0000000002710000, 0x00000000054a0000)
 total_blobs=477 nmethods=238 adapters=191 free_code_cache=48194Kb largest_free_block=49319360

Compilation events (10 events):
Event: 2.802 Thread 0x000000000869a800 nmethod 235 0x0000000002583d50 code [0x0000000002583e80, 0x0000000002583f38]
Event: 2.802 Thread 0x000000000869a800  236             com.android.dx.ssa.SsaMethod$2::visitNonMoveInsn (6 bytes)
Event: 2.803 Thread 0x000000000869a800 nmethod 236 0x000000000257efd0 code [0x000000000257f120, 0x000000000257f188]
Event: 2.803 Thread 0x000000000869a800  237             com.android.dx.ssa.SCCP::simulateStmt (481 bytes)
Event: 2.881 Thread 0x000000000869a800 nmethod 237 0x00000000025927d0 code [0x0000000002592b20, 0x0000000002594368]
Event: 2.881 Thread 0x000000000869a800  238             java.util.HashMap::containsKey (14 bytes)
Event: 2.885 Thread 0x000000000869a800 nmethod 238 0x0000000002583810 code [0x0000000002583960, 0x0000000002583b18]
Event: 2.885 Thread 0x000000000869a800  239             java.util.HashSet::contains (9 bytes)
Event: 2.889 Thread 0x000000000869a800 nmethod 239 0x0000000002583210 code [0x0000000002583360, 0x0000000002583558]
Event: 2.889 Thread 0x000000000869a800  240             com.android.dx.rop.code.LocalVariableExtractor::processBlock (327 bytes)

GC Heap History (4 events):
Event: 1.187 GC heap before
{Heap before GC invocations=1 (full 0):
 PSYoungGen      total 18944K, used 16384K [0x00000000eaa80000, 0x00000000ebf80000, 0x0000000100000000)
  eden space 16384K, 100% used [0x00000000eaa80000,0x00000000eba80000,0x00000000eba80000)
  from space 2560K, 0% used [0x00000000ebd00000,0x00000000ebd00000,0x00000000ebf80000)
  to   space 2560K, 0% used [0x00000000eba80000,0x00000000eba80000,0x00000000ebd00000)
 ParOldGen       total 42496K, used 0K [0x00000000c0000000, 0x00000000c2980000, 0x00000000eaa80000)
  object space 42496K, 0% used [0x00000000c0000000,0x00000000c0000000,0x00000000c2980000)
 PSPermGen       total 21504K, used 5749K [0x00000000bae00000, 0x00000000bc300000, 0x00000000c0000000)
  object space 21504K, 26% used [0x00000000bae00000,0x00000000bb39d458,0x00000000bc300000)
Event: 1.316 GC heap after
Heap after GC invocations=1 (full 0):
 PSYoungGen      total 18944K, used 2536K [0x00000000eaa80000, 0x00000000ecf80000, 0x0000000100000000)
  eden space 16384K, 0% used [0x00000000eaa80000,0x00000000eaa80000,0x00000000eba80000)
  from space 2560K, 99% used [0x00000000eba80000,0x00000000ebcfa058,0x00000000ebd00000)
  to   space 2560K, 0% used [0x00000000ecd00000,0x00000000ecd00000,0x00000000ecf80000)
 ParOldGen       total 42496K, used 2070K [0x00000000c0000000, 0x00000000c2980000, 0x00000000eaa80000)
  object space 42496K, 4% used [0x00000000c0000000,0x00000000c0205828,0x00000000c2980000)
 PSPermGen       total 21504K, used 5749K [0x00000000bae00000, 0x00000000bc300000, 0x00000000c0000000)
  object space 21504K, 26% used [0x00000000bae00000,0x00000000bb39d458,0x00000000bc300000)
}
Event: 2.593 GC heap before
{Heap before GC invocations=2 (full 0):
 PSYoungGen      total 18944K, used 18920K [0x00000000eaa80000, 0x00000000ecf80000, 0x0000000100000000)
  eden space 16384K, 100% used [0x00000000eaa80000,0x00000000eba80000,0x00000000eba80000)
  from space 2560K, 99% used [0x00000000eba80000,0x00000000ebcfa058,0x00000000ebd00000)
  to   space 2560K, 0% used [0x00000000ecd00000,0x00000000ecd00000,0x00000000ecf80000)
 ParOldGen       total 42496K, used 2070K [0x00000000c0000000, 0x00000000c2980000, 0x00000000eaa80000)
  object space 42496K, 4% used [0x00000000c0000000,0x00000000c0205828,0x00000000c2980000)
 PSPermGen       total 21504K, used 5899K [0x00000000bae00000, 0x00000000bc300000, 0x00000000c0000000)
  object space 21504K, 27% used [0x00000000bae00000,0x00000000bb3c2e70,0x00000000bc300000)
Event: 2.640 GC heap after
Heap after GC invocations=2 (full 0):
 PSYoungGen      total 35328K, used 2541K [0x00000000eaa80000, 0x00000000ecf80000, 0x0000000100000000)
  eden space 32768K, 0% used [0x00000000eaa80000,0x00000000eaa80000,0x00000000eca80000)
  from space 2560K, 99% used [0x00000000ecd00000,0x00000000ecf7b7c8,0x00000000ecf80000)
  to   space 2560K, 0% used [0x00000000eca80000,0x00000000eca80000,0x00000000ecd00000)
 ParOldGen       total 42496K, used 4402K [0x00000000c0000000, 0x00000000c2980000, 0x00000000eaa80000)
  object space 42496K, 10% used [0x00000000c0000000,0x00000000c044cad0,0x00000000c2980000)
 PSPermGen       total 21504K, used 5899K [0x00000000bae00000, 0x00000000bc300000, 0x00000000c0000000)
  object space 21504K, 27% used [0x00000000bae00000,0x00000000bb3c2e70,0x00000000bc300000)
}

Deoptimization events (6 events):
Event: 0.997 Thread 0x000000000a45c800 Uncommon trap: reason=null_check action=make_not_entrant pc=0x0000000002517ed4 method=com.android.dx.rop.code.LocalItem.equals(Ljava/lang/Object;)Z @ 1
Event: 1.347 Thread 0x000000000a375000 Uncommon trap: reason=unstable_if action=reinterpret pc=0x000000000252b704 method=com.android.dx.rop.cst.Constant.compareTo(Lcom/android/dx/rop/cst/Constant;)I @ 12
Event: 1.485 Thread 0x000000000a3d0000 Uncommon trap: reason=unstable_if action=reinterpret pc=0x0000000002535cec method=com.android.dx.util.IntList.binarysearch(I)I @ 105
Event: 1.547 Thread 0x000000000a3d0000 Uncommon trap: reason=null_check action=make_not_entrant pc=0x00000000025246d4 method=com.android.dx.rop.type.Type.equals(Ljava/lang/Object;)Z @ 8
Event: 1.806 Thread 0x000000000a36f000 Uncommon trap: reason=unstable_if action=reinterpret pc=0x000000000250e5c8 method=com.android.dx.rop.code.RegisterSpec.equals(ILcom/android/dx/rop/type/TypeBearer;Lcom/android/dx/rop/code/LocalItem;)Z @ 42
Event: 2.871 Thread 0x00000000020ef000 Uncommon trap: reason=unstable_if action=reinterpret pc=0x000000000254b3f4 method=java.util.HashMap.put(Ljava/lang/Object;Ljava/lang/Object;)Ljava/lang/Object; @ 86

Internal exceptions (10 events):
Event: 0.917 Thread 0x000000000a45c800 Threw 0x00000000eb4459c0 at C:\re\jdk7u80\2329\hotspot\src\share\vm\prims\jvm.cpp:1319
Event: 0.986 Thread 0x000000000a375000 Threw 0x00000000eb567318 at C:\re\jdk7u80\2329\hotspot\src\share\vm\prims\jvm.cpp:1319
Event: 0.997 Thread 0x000000000a45c800 Implicit null exception at 0x0000000002517adb to 0x0000000002517ec1
Event: 1.026 Thread 0x000000000a45c800 Threw 0x00000000eb72fe48 at C:\re\jdk7u80\2329\hotspot\src\share\vm\prims\jvm.cpp:1319
Event: 1.109 Thread 0x000000000a3d0000 Threw 0x00000000eb8ecf98 at C:\re\jdk7u80\2329\hotspot\src\share\vm\prims\jvm.cpp:1319
Event: 1.110 Thread 0x000000000a3d0000 Threw 0x00000000eb8f2898 at C:\re\jdk7u80\2329\hotspot\src\share\vm\prims\jvm.cpp:1319
Event: 1.111 Thread 0x000000000a3d0000 Threw 0x00000000eb8f7f10 at C:\re\jdk7u80\2329\hotspot\src\share\vm\prims\jvm.cpp:1319
Event: 1.547 Thread 0x000000000a3d0000 Implicit null exception at 0x00000000025245d2 to 0x00000000025246c5
Event: 2.857 Thread 0x00000000020ef000 Threw 0x00000000eaef94d8 at C:\re\jdk7u80\2329\hotspot\src\share\vm\prims\jvm.cpp:1319
Event: 2.872 Thread 0x00000000020ef000 Threw 0x00000000eaf07a40 at C:\re\jdk7u80\2329\hotspot\src\share\vm\prims\jvm.cpp:1319

Events (10 events):
Event: 2.856 loading class 0x00000000021abd20 done
Event: 2.856 loading class 0x00000000021abcf0
Event: 2.856 loading class 0x00000000021abcf0 done
Event: 2.857 loading class 0x000000000a462710
Event: 2.857 loading class 0x000000000a462710 done
Event: 2.871 Thread 0x00000000020ef000 Uncommon trap: trap_request=0xffffff75 fr.pc=0x000000000254b3f4
Event: 2.871 Thread 0x00000000020ef000 DEOPT PACKING pc=0x000000000254b3f4 sp=0x000000000249eb50
Event: 2.871 Thread 0x00000000020ef000 DEOPT UNPACKING pc=0x00000000024d75a4 sp=0x000000000249eb00 mode 2
Event: 2.872 loading class 0x000000000a49ebd0
Event: 2.872 loading class 0x000000000a49ebd0 done


Dynamic libraries:
0x000000013f4f0000 - 0x000000013f523000 	C:\Program Files\Java\jdk1.7.0_80\bin\java.exe
0x0000000077730000 - 0x00000000778da000 	C:\Windows\SYSTEM32\ntdll.dll
0x0000000077510000 - 0x000000007762f000 	C:\Windows\system32\kernel32.dll
0x000007fefd9d0000 - 0x000007fefda3b000 	C:\Windows\system32\KERNELBASE.dll
0x000007fefe810000 - 0x000007fefe8eb000 	C:\Windows\system32\ADVAPI32.dll
0x000007fefdd40000 - 0x000007fefdddf000 	C:\Windows\system32\msvcrt.dll
0x000007fefe540000 - 0x000007fefe55f000 	C:\Windows\SYSTEM32\sechost.dll
0x000007fefe8f0000 - 0x000007fefea1d000 	C:\Windows\system32\RPCRT4.dll
0x0000000077630000 - 0x000000007772a000 	C:\Windows\system32\USER32.dll
0x000007fefe570000 - 0x000007fefe5d7000 	C:\Windows\system32\GDI32.dll
0x000007fefe050000 - 0x000007fefe05e000 	C:\Windows\system32\LPK.dll
0x000007fefe080000 - 0x000007fefe14a000 	C:\Windows\system32\USP10.dll
0x000007fefbce0000 - 0x000007fefbed4000 	C:\Windows\WinSxS\amd64_microsoft.windows.common-controls_6595b64144ccf1df_6.0.7601.18837_none_fa3b1e3d17594757\COMCTL32.dll
0x000007fefe680000 - 0x000007fefe6f1000 	C:\Windows\system32\SHLWAPI.dll
0x000007fefdd10000 - 0x000007fefdd3e000 	C:\Windows\system32\IMM32.DLL
0x000007fefe700000 - 0x000007fefe809000 	C:\Windows\system32\MSCTF.dll
0x000007fefd5f0000 - 0x000007fefd621000 	C:\Windows\system32\nvinitx.dll
0x000007fefd5e0000 - 0x000007fefd5ec000 	C:\Windows\system32\VERSION.dll
0x000000000f000000 - 0x000000000f006000 	C:\Program Files\NVIDIA Corporation\CoProcManager\detoured.dll
0x000007fef9ce0000 - 0x000007fef9d11000 	C:\Program Files\NVIDIA Corporation\CoProcManager\nvd3d9wrapx.dll
0x000007fefdb30000 - 0x000007fefdd07000 	C:\Windows\system32\SETUPAPI.dll
0x000007fefd990000 - 0x000007fefd9c6000 	C:\Windows\system32\CFGMGR32.dll
0x000007fefdf70000 - 0x000007fefe048000 	C:\Windows\system32\OLEAUT32.dll
0x000007fefeaa0000 - 0x000007fefeca3000 	C:\Windows\system32\ole32.dll
0x000007fefd720000 - 0x000007fefd73a000 	C:\Windows\system32\DEVOBJ.dll
0x000007fef9cb0000 - 0x000007fef9cd2000 	C:\Program Files\NVIDIA Corporation\CoProcManager\nvdxgiwrapx.dll
0x000000006cd40000 - 0x000000006ce12000 	C:\Program Files\Java\jdk1.7.0_80\jre\bin\msvcr100.dll
0x0000000069070000 - 0x0000000069849000 	C:\Program Files\Java\jdk1.7.0_80\jre\bin\server\jvm.dll
0x000007fef5470000 - 0x000007fef5479000 	C:\Windows\system32\WSOCK32.dll
0x000007fefda40000 - 0x000007fefda8d000 	C:\Windows\system32\WS2_32.dll
0x000007fefe560000 - 0x000007fefe568000 	C:\Windows\system32\NSI.dll
0x000007fefa4a0000 - 0x000007fefa4db000 	C:\Windows\system32\WINMM.dll
0x00000000778f0000 - 0x00000000778f7000 	C:\Windows\system32\PSAPI.DLL
0x0000000072d70000 - 0x0000000072d7f000 	C:\Program Files\Java\jdk1.7.0_80\jre\bin\verify.dll
0x000000006e8e0000 - 0x000000006e908000 	C:\Program Files\Java\jdk1.7.0_80\jre\bin\java.dll
0x000000006e5f0000 - 0x000000006e606000 	C:\Program Files\Java\jdk1.7.0_80\jre\bin\zip.dll
0x000000006e5d0000 - 0x000000006e5ea000 	C:\Program Files\Java\jdk1.7.0_80\jre\bin\net.dll
0x000007fefce50000 - 0x000007fefcea5000 	C:\Windows\system32\mswsock.dll
0x000007fefce40000 - 0x000007fefce47000 	C:\Windows\System32\wship6.dll
0x000000006e5b0000 - 0x000000006e5c1000 	C:\Program Files\Java\jdk1.7.0_80\jre\bin\nio.dll

VM Arguments:
jvm_args: -Djava.awt.headless=true -Xmx1024M -Dfile.encoding=GBK -Duser.country=CN -Duser.language=zh -Duser.variant 
java_command: com.android.dx.command.Main --dex --num-threads=4 --output D:\YunFengSi\app\build\intermediates\pre-dexed\release\com.android.support-support-vector-drawable-23.4.0_0ed296dfcdfaa22f233d8f561aaed4ad8602b6fc.jar D:\YunFengSi\app\build\intermediates\exploded-aar\com.android.support\support-vector-drawable\23.4.0\jars\classes.jar
Launcher Type: SUN_STANDARD

Environment Variables:
JAVA_HOME=C:\Program Files\Java\jdk1.7.0_80
CLASSPATH=.;JAVA_HOME\lib;JAVA_HOME\lib\tools.jar
PATH=D:\ImageMagick-7.0.1-Q16;C:\Windows\system32;C:\Windows;C:\Windows\System32\Wbem;C:\Windows\System32\WindowsPowerShell\v1.0\;JAVA_HOME\bin;JAVA_HOME\jre\bin;C:\Program Files\Java\jdk1.7.0_80\bin;
USERNAME=Administrator
OS=Windows_NT
PROCESSOR_IDENTIFIER=Intel64 Family 6 Model 69 Stepping 1, GenuineIntel



---------------  S Y S T E M  ---------------

OS: Windows 7 , 64 bit Build 7601 Service Pack 1

CPU:total 4 (2 cores per cpu, 2 threads per core) family 6 model 69 stepping 1, cmov, cx8, fxsr, mmx, sse, sse2, sse3, ssse3, sse4.1, sse4.2, popcnt, avx, avx2, aes, erms, ht, tsc, tscinvbit

Memory: 4k page, physical 4074756k(219156k free), swap 6170072k(5176k free)

vm_info: Java HotSpot(TM) 64-Bit Server VM (24.80-b11) for windows-amd64 JRE (1.7.0_80-b15), built on Apr 10 2015 11:26:34 by "java_re" with unknown MS VC++:1600

time: Mon Jan 16 19:14:47 2017
elapsed time: 2 seconds

