#
# There is insufficient memory for the Java Runtime Environment to continue.
# Native memory allocation (malloc) failed to allocate 1392416 bytes for Chunk::new
# Possible reasons:
#   The system is out of physical RAM or swap space
#   In 32 bit mode, the process size limit was hit
# Possible solutions:
#   Reduce memory load on the system
#   Increase physical memory or swap space
#   Check if swap backing store is full
#   Use 64 bit Java on a 64 bit OS
#   Decrease Java heap size (-Xmx/-Xms)
#   Decrease number of Java threads
#   Decrease Java thread stack sizes (-Xss)
#   Set larger code cache with -XX:ReservedCodeCacheSize=
# This output file may be truncated or incomplete.
#
#  Out of Memory Error (allocation.cpp:323), pid=9488, tid=8696
#
# JRE version: Java(TM) SE Runtime Environment (7.0_80-b15) (build 1.7.0_80-b15)
# Java VM: Java HotSpot(TM) 64-Bit Server VM (24.80-b11 mixed mode windows-amd64 compressed oops)
# Failed to write core dump. Minidumps are not enabled by default on client versions of Windows
#

---------------  T H R E A D  ---------------

Current thread (0x0000000009f69000):  JavaThread "C2 CompilerThread1" daemon [_thread_in_native, code=8696, stack(0x000000000a3a0000,0x000000000a4a0000)]

Stack: [0x000000000a3a0000,0x000000000a4a0000]
[error occurred during error reporting (printing stack bounds), code 0xc0000005]


Current CompileTask:
C2:  13827  540   !         com.android.dx.cf.code.BytecodeArray::parseInstruction (2764 bytes)


---------------  P R O C E S S  ---------------

Java Threads: ( => current thread )
  0x0000000009fe2800 JavaThread "pool-1-thread-4" [_thread_blocked, code=8692, stack(0x000000000ab30000,0x000000000ac30000)]
  0x0000000009fe2000 JavaThread "pool-1-thread-3" [_thread_blocked, code=6332, stack(0x000000000a950000,0x000000000aa50000)]
  0x0000000009fe1000 JavaThread "pool-1-thread-2" [_thread_blocked, code=7244, stack(0x000000000a7e0000,0x000000000a8e0000)]
  0x000000000a041800 JavaThread "pool-2-thread-1" [_thread_blocked, code=8948, stack(0x0000000009410000,0x0000000009510000)]
  0x000000000a041000 JavaThread "pool-1-thread-1" [_thread_blocked, code=6164, stack(0x000000000a670000,0x000000000a770000)]
  0x0000000009f6a000 JavaThread "Service Thread" daemon [_thread_blocked, code=7156, stack(0x0000000009b80000,0x0000000009c80000)]
=>0x0000000009f69000 JavaThread "C2 CompilerThread1" daemon [_thread_in_native, code=8696, stack(0x000000000a3a0000,0x000000000a4a0000)]
  0x000000000852a800 JavaThread "C2 CompilerThread0" daemon [_thread_in_native, code=9096, stack(0x0000000009e60000,0x0000000009f60000)]
  0x0000000008527000 JavaThread "Attach Listener" daemon [_thread_blocked, code=9116, stack(0x0000000009d30000,0x0000000009e30000)]
  0x0000000008526000 JavaThread "Signal Dispatcher" daemon [_thread_blocked, code=868, stack(0x0000000009a80000,0x0000000009b80000)]
  0x00000000084af000 JavaThread "Finalizer" daemon [_thread_blocked, code=2812, stack(0x0000000009880000,0x0000000009980000)]
  0x00000000084ad800 JavaThread "Reference Handler" daemon [_thread_blocked, code=7224, stack(0x00000000096f0000,0x00000000097f0000)]
  0x000000000020f000 JavaThread "main" [_thread_blocked, code=9396, stack(0x0000000002330000,0x0000000002430000)]

Other Threads:
  0x00000000084aa000 VMThread [stack: 0x0000000009520000,0x0000000009620000] [code=5864]
  0x0000000009f73000 WatcherThread [stack: 0x000000000a530000,0x000000000a630000] [code=10128]

VM state:not at safepoint (normal execution)

VM Mutex/Monitor currently owned by a thread: None

Heap
 PSYoungGen      total 68096K, used 44540K [0x00000000eaa80000, 0x00000000eef80000, 0x0000000100000000)
  eden space 65536K, 64% used [0x00000000eaa80000,0x00000000ed3812c8,0x00000000eea80000)
  from space 2560K, 99% used [0x00000000eed00000,0x00000000eef7e038,0x00000000eef80000)
  to   space 2560K, 0% used [0x00000000eea80000,0x00000000eea80000,0x00000000eed00000)
 ParOldGen       total 42496K, used 14840K [0x00000000c0000000, 0x00000000c2980000, 0x00000000eaa80000)
  object space 42496K, 34% used [0x00000000c0000000,0x00000000c0e7e238,0x00000000c2980000)
 PSPermGen       total 21504K, used 5997K [0x00000000bae00000, 0x00000000bc300000, 0x00000000c0000000)
  object space 21504K, 27% used [0x00000000bae00000,0x00000000bb3db7b8,0x00000000bc300000)

Card table byte_map: [0x0000000005430000,0x0000000005660000] byte_map_base: 0x0000000004e59000

Polling page: 0x0000000000230000

Code Cache  [0x0000000002430000, 0x00000000026a0000, 0x0000000005430000)
 total_blobs=760 nmethods=522 adapters=190 free_code_cache=46986Kb largest_free_block=47990592

Compilation events (10 events):
Event: 13.584 Thread 0x0000000009f69000  535             com.android.dx.ssa.back.FirstFitLocalCombiningAllocator::handleNormalUnassociated (99 bytes)
Event: 13.586 Thread 0x000000000852a800  536             com.android.dx.ssa.back.FirstFitLocalCombiningAllocator::canMapReg (32 bytes)
Event: 13.593 Thread 0x000000000852a800 nmethod 536 0x0000000002654490 code [0x0000000002654620, 0x0000000002654ae8]
Event: 13.644 Thread 0x000000000852a800  537             com.android.dx.cf.code.LocalVariableList::pcAndIndexToLocal (51 bytes)
Event: 13.645 Thread 0x000000000852a800 nmethod 537 0x0000000002655710 code [0x0000000002655840, 0x00000000026558d8]
Event: 13.670 Thread 0x0000000009f69000 nmethod 535 0x0000000002666110 code [0x0000000002666420, 0x0000000002668360]
Event: 13.673 Thread 0x000000000852a800  538             com.android.dx.util.IntList::shrink (42 bytes)
Event: 13.674 Thread 0x000000000852a800 nmethod 538 0x000000000263eb10 code [0x000000000263ec40, 0x000000000263ecd8]
Event: 13.769 Thread 0x0000000009f69000  540   !         com.android.dx.cf.code.BytecodeArray::parseInstruction (2764 bytes)
Event: 13.793 Thread 0x000000000852a800  541             com.android.dx.dex.code.RopTranslator$LocalVariableAwareTranslationVisitor::visitThrowingCstInsn (11 bytes)

GC Heap History (8 events):
Event: 1.053 GC heap before
{Heap before GC invocations=1 (full 0):
 PSYoungGen      total 18944K, used 16384K [0x00000000eaa80000, 0x00000000ebf80000, 0x0000000100000000)
  eden space 16384K, 100% used [0x00000000eaa80000,0x00000000eba80000,0x00000000eba80000)
  from space 2560K, 0% used [0x00000000ebd00000,0x00000000ebd00000,0x00000000ebf80000)
  to   space 2560K, 0% used [0x00000000eba80000,0x00000000eba80000,0x00000000ebd00000)
 ParOldGen       total 42496K, used 0K [0x00000000c0000000, 0x00000000c2980000, 0x00000000eaa80000)
  object space 42496K, 0% used [0x00000000c0000000,0x00000000c0000000,0x00000000c2980000)
 PSPermGen       total 21504K, used 5610K [0x00000000bae00000, 0x00000000bc300000, 0x00000000c0000000)
  object space 21504K, 26% used [0x00000000bae00000,0x00000000bb37abf0,0x00000000bc300000)
Event: 1.069 GC heap after
Heap after GC invocations=1 (full 0):
 PSYoungGen      total 18944K, used 2543K [0x00000000eaa80000, 0x00000000ecf80000, 0x0000000100000000)
  eden space 16384K, 0% used [0x00000000eaa80000,0x00000000eaa80000,0x00000000eba80000)
  from space 2560K, 99% used [0x00000000eba80000,0x00000000ebcfbc88,0x00000000ebd00000)
  to   space 2560K, 0% used [0x00000000ecd00000,0x00000000ecd00000,0x00000000ecf80000)
 ParOldGen       total 42496K, used 1339K [0x00000000c0000000, 0x00000000c2980000, 0x00000000eaa80000)
  object space 42496K, 3% used [0x00000000c0000000,0x00000000c014ee68,0x00000000c2980000)
 PSPermGen       total 21504K, used 5610K [0x00000000bae00000, 0x00000000bc300000, 0x00000000c0000000)
  object space 21504K, 26% used [0x00000000bae00000,0x00000000bb37abf0,0x00000000bc300000)
}
Event: 2.059 GC heap before
{Heap before GC invocations=2 (full 0):
 PSYoungGen      total 18944K, used 18927K [0x00000000eaa80000, 0x00000000ecf80000, 0x0000000100000000)
  eden space 16384K, 100% used [0x00000000eaa80000,0x00000000eba80000,0x00000000eba80000)
  from space 2560K, 99% used [0x00000000eba80000,0x00000000ebcfbc88,0x00000000ebd00000)
  to   space 2560K, 0% used [0x00000000ecd00000,0x00000000ecd00000,0x00000000ecf80000)
 ParOldGen       total 42496K, used 1339K [0x00000000c0000000, 0x00000000c2980000, 0x00000000eaa80000)
  object space 42496K, 3% used [0x00000000c0000000,0x00000000c014ee68,0x00000000c2980000)
 PSPermGen       total 21504K, used 5852K [0x00000000bae00000, 0x00000000bc300000, 0x00000000c0000000)
  object space 21504K, 27% used [0x00000000bae00000,0x00000000bb3b73f8,0x00000000bc300000)
Event: 2.129 GC heap after
Heap after GC invocations=2 (full 0):
 PSYoungGen      total 35328K, used 2552K [0x00000000eaa80000, 0x00000000ecf80000, 0x0000000100000000)
  eden space 32768K, 0% used [0x00000000eaa80000,0x00000000eaa80000,0x00000000eca80000)
  from space 2560K, 99% used [0x00000000ecd00000,0x00000000ecf7e058,0x00000000ecf80000)
  to   space 2560K, 0% used [0x00000000eca80000,0x00000000eca80000,0x00000000ecd00000)
 ParOldGen       total 42496K, used 4265K [0x00000000c0000000, 0x00000000c2980000, 0x00000000eaa80000)
  object space 42496K, 10% used [0x00000000c0000000,0x00000000c042a7d8,0x00000000c2980000)
 PSPermGen       total 21504K, used 5852K [0x00000000bae00000, 0x00000000bc300000, 0x00000000c0000000)
  object space 21504K, 27% used [0x00000000bae00000,0x00000000bb3b73f8,0x00000000bc300000)
}
Event: 7.378 GC heap before
{Heap before GC invocations=3 (full 0):
 PSYoungGen      total 35328K, used 35320K [0x00000000eaa80000, 0x00000000ecf80000, 0x0000000100000000)
  eden space 32768K, 100% used [0x00000000eaa80000,0x00000000eca80000,0x00000000eca80000)
  from space 2560K, 99% used [0x00000000ecd00000,0x00000000ecf7e058,0x00000000ecf80000)
  to   space 2560K, 0% used [0x00000000eca80000,0x00000000eca80000,0x00000000ecd00000)
 ParOldGen       total 42496K, used 4265K [0x00000000c0000000, 0x00000000c2980000, 0x00000000eaa80000)
  object space 42496K, 10% used [0x00000000c0000000,0x00000000c042a7d8,0x00000000c2980000)
 PSPermGen       total 21504K, used 5922K [0x00000000bae00000, 0x00000000bc300000, 0x00000000c0000000)
  object space 21504K, 27% used [0x00000000bae00000,0x00000000bb3c8a70,0x00000000bc300000)
Event: 7.394 GC heap after
Heap after GC invocations=3 (full 0):
 PSYoungGen      total 35328K, used 2552K [0x00000000eaa80000, 0x00000000eef80000, 0x0000000100000000)
  eden space 32768K, 0% used [0x00000000eaa80000,0x00000000eaa80000,0x00000000eca80000)
  from space 2560K, 99% used [0x00000000eca80000,0x00000000eccfe038,0x00000000ecd00000)
  to   space 2560K, 0% used [0x00000000eed00000,0x00000000eed00000,0x00000000eef80000)
 ParOldGen       total 42496K, used 9749K [0x00000000c0000000, 0x00000000c2980000, 0x00000000eaa80000)
  object space 42496K, 22% used [0x00000000c0000000,0x00000000c0985520,0x00000000c2980000)
 PSPermGen       total 21504K, used 5922K [0x00000000bae00000, 0x00000000bc300000, 0x00000000c0000000)
  object space 21504K, 27% used [0x00000000bae00000,0x00000000bb3c8a70,0x00000000bc300000)
}
Event: 10.794 GC heap before
{Heap before GC invocations=4 (full 0):
 PSYoungGen      total 35328K, used 35320K [0x00000000eaa80000, 0x00000000eef80000, 0x0000000100000000)
  eden space 32768K, 100% used [0x00000000eaa80000,0x00000000eca80000,0x00000000eca80000)
  from space 2560K, 99% used [0x00000000eca80000,0x00000000eccfe038,0x00000000ecd00000)
  to   space 2560K, 0% used [0x00000000eed00000,0x00000000eed00000,0x00000000eef80000)
 ParOldGen       total 42496K, used 9749K [0x00000000c0000000, 0x00000000c2980000, 0x00000000eaa80000)
  object space 42496K, 22% used [0x00000000c0000000,0x00000000c0985520,0x00000000c2980000)
 PSPermGen       total 21504K, used 5956K [0x00000000bae00000, 0x00000000bc300000, 0x00000000c0000000)
  object space 21504K, 27% used [0x00000000bae00000,0x00000000bb3d1098,0x00000000bc300000)
Event: 11.161 GC heap after
Heap after GC invocations=4 (full 0):
 PSYoungGen      total 68096K, used 2552K [0x00000000eaa80000, 0x00000000eef80000, 0x0000000100000000)
  eden space 65536K, 0% used [0x00000000eaa80000,0x00000000eaa80000,0x00000000eea80000)
  from space 2560K, 99% used [0x00000000eed00000,0x00000000eef7e038,0x00000000eef80000)
  to   space 2560K, 0% used [0x00000000eea80000,0x00000000eea80000,0x00000000eed00000)
 ParOldGen       total 42496K, used 14840K [0x00000000c0000000, 0x00000000c2980000, 0x00000000eaa80000)
  object space 42496K, 34% used [0x00000000c0000000,0x00000000c0e7e238,0x00000000c2980000)
 PSPermGen       total 21504K, used 5956K [0x00000000bae00000, 0x00000000bc300000, 0x00000000c0000000)
  object space 21504K, 27% used [0x00000000bae00000,0x00000000bb3d1098,0x00000000bc300000)
}

Deoptimization events (10 events):
Event: 11.712 Thread 0x000000000a041000 Uncommon trap: reason=unstable_if action=reinterpret pc=0x00000000024de174 method=com.android.dx.ssa.DeadCodeRemover.pruneDeadInstructions()V @ 49
Event: 11.776 Thread 0x000000000a041000 Uncommon trap: reason=unstable_if action=reinterpret pc=0x000000000257f914 method=com.android.dx.ssa.InterferenceRegisterMapper.interferes(III)Z @ 69
Event: 11.776 Thread 0x000000000a041000 Uncommon trap: reason=unstable_if action=reinterpret pc=0x000000000256d71c method=com.android.dx.ssa.InterferenceRegisterMapper.interferes(III)Z @ 69
Event: 11.776 Thread 0x000000000a041000 Uncommon trap: reason=unstable_if action=reinterpret pc=0x0000000002572640 method=com.android.dx.ssa.InterferenceRegisterMapper.interferes(III)Z @ 69
Event: 11.776 Thread 0x000000000a041000 Uncommon trap: reason=unstable_if action=reinterpret pc=0x0000000002496bd8 method=com.android.dx.ssa.InterferenceRegisterMapper.interferes(III)Z @ 69
Event: 13.448 Thread 0x0000000009fe2800 Uncommon trap: reason=bimorphic action=maybe_recompile pc=0x000000000262cb54 method=com.android.dx.cf.code.BytecodeArray.parseInstruction(ILcom/android/dx/cf/code/BytecodeArray$Visitor;)I @ 1501
Event: 13.448 Thread 0x0000000009fe2800 Uncommon trap: reason=bimorphic action=maybe_recompile pc=0x000000000262cb54 method=com.android.dx.cf.code.BytecodeArray.parseInstruction(ILcom/android/dx/cf/code/BytecodeArray$Visitor;)I @ 1501
Event: 13.454 Thread 0x0000000009fe2800 Uncommon trap: reason=unstable_if action=reinterpret pc=0x000000000254b448 method=com.android.dx.util.BitIntSet.has(I)Z @ 8
Event: 13.560 Thread 0x0000000009fe2800 Uncommon trap: reason=unstable_if action=reinterpret pc=0x00000000024fbd28 method=com.android.dx.cf.code.BaseMachine.popArgs(Lcom/android/dx/cf/code/Frame;I)V @ 15
Event: 13.717 Thread 0x0000000009fe2800 Uncommon trap: reason=unstable_if action=reinterpret pc=0x0000000002576a7c method=com.android.dx.cf.code.BaseMachine.popArgs(Lcom/android/dx/cf/code/Frame;I)V @ 15

Internal exceptions (10 events):
Event: 1.857 Thread 0x000000000020f000 Threw 0x00000000eaf5a478 at C:\re\jdk7u80\2329\hotspot\src\share\vm\prims\jvm.cpp:1319
Event: 3.769 Thread 0x000000000020f000 Threw 0x00000000eb16b6e8 at C:\re\jdk7u80\2329\hotspot\src\share\vm\prims\jvm.cpp:1319
Event: 4.049 Thread 0x0000000009fe2000 Threw 0x00000000eb6a76e0 at C:\re\jdk7u80\2329\hotspot\src\share\vm\prims\jvm.cpp:1319
Event: 5.517 Thread 0x000000000020f000 Implicit null exception at 0x00000000025750bb to 0x0000000002575775
Event: 7.365 Thread 0x0000000009fe2800 Implicit null exception at 0x00000000025e04e4 to 0x00000000025e3f65
Event: 8.273 Thread 0x0000000009fe1000 Implicit null exception at 0x0000000002543258 to 0x0000000002543995
Event: 9.859 Thread 0x0000000009fe1000 Threw 0x00000000ebdca9f8 at C:\re\jdk7u80\2329\hotspot\src\share\vm\prims\jvm.cpp:1319
Event: 9.976 Thread 0x0000000009fe1000 Threw 0x00000000ebf94e60 at C:\re\jdk7u80\2329\hotspot\src\share\vm\prims\jvm.cpp:1319
Event: 11.161 Thread 0x0000000009fe2000 Implicit null exception at 0x0000000002605d4c to 0x0000000002606941
Event: 13.644 Thread 0x0000000009fe2800 Threw 0x00000000ecda0f58 at C:\re\jdk7u80\2329\hotspot\src\share\vm\prims\jvm.cpp:1319

Events (10 events):
Event: 13.454 Thread 0x0000000009fe2800 DEOPT UNPACKING pc=0x00000000024675a4 sp=0x000000000ac2e950 mode 2
Event: 13.560 Thread 0x0000000009fe2800 Uncommon trap: trap_request=0xffffff75 fr.pc=0x00000000024fbd28
Event: 13.560 Thread 0x0000000009fe2800 DEOPT PACKING pc=0x00000000024fbd28 sp=0x000000000ac2eae0
Event: 13.560 Thread 0x0000000009fe2800 DEOPT UNPACKING pc=0x00000000024675a4 sp=0x000000000ac2ea08 mode 2
Event: 13.644 loading class 0x000000000a135ec0
Event: 13.644 loading class 0x000000000a135ec0 done
Event: 13.674 Thread 0x000000000852a800 flushing nmethod 0x00000000025ddf90
Event: 13.717 Thread 0x0000000009fe2800 Uncommon trap: trap_request=0xffffff75 fr.pc=0x0000000002576a7c
Event: 13.717 Thread 0x0000000009fe2800 DEOPT PACKING pc=0x0000000002576a7c sp=0x000000000ac2ea50
Event: 13.717 Thread 0x0000000009fe2800 DEOPT UNPACKING pc=0x00000000024675a4 sp=0x000000000ac2ea00 mode 2


Dynamic libraries:
0x000000013f4f0000 - 0x000000013f523000 	C:\Program Files\Java\jdk1.7.0_80\bin\java.exe
0x0000000077730000 - 0x00000000778da000 	C:\Windows\SYSTEM32\ntdll.dll
0x0000000077510000 - 0x000000007762f000 	C:\Windows\system32\kernel32.dll
0x000007fefd9d0000 - 0x000007fefda3b000 	C:\Windows\system32\KERNELBASE.dll
0x000007fefe810000 - 0x000007fefe8eb000 	C:\Windows\system32\ADVAPI32.dll
0x000007fefdd40000 - 0x000007fefdddf000 	C:\Windows\system32\msvcrt.dll
0x000007fefe540000 - 0x000007fefe55f000 	C:\Windows\SYSTEM32\sechost.dll
0x000007fefe8f0000 - 0x000007fefea1d000 	C:\Windows\system32\RPCRT4.dll
0x0000000077630000 - 0x000000007772a000 	C:\Windows\system32\USER32.dll
0x000007fefe570000 - 0x000007fefe5d7000 	C:\Windows\system32\GDI32.dll
0x000007fefe050000 - 0x000007fefe05e000 	C:\Windows\system32\LPK.dll
0x000007fefe080000 - 0x000007fefe14a000 	C:\Windows\system32\USP10.dll
0x000007fefbce0000 - 0x000007fefbed4000 	C:\Windows\WinSxS\amd64_microsoft.windows.common-controls_6595b64144ccf1df_6.0.7601.18837_none_fa3b1e3d17594757\COMCTL32.dll
0x000007fefe680000 - 0x000007fefe6f1000 	C:\Windows\system32\SHLWAPI.dll
0x000007fefdd10000 - 0x000007fefdd3e000 	C:\Windows\system32\IMM32.DLL
0x000007fefe700000 - 0x000007fefe809000 	C:\Windows\system32\MSCTF.dll
0x000007fefd5f0000 - 0x000007fefd621000 	C:\Windows\system32\nvinitx.dll
0x000007fefd5e0000 - 0x000007fefd5ec000 	C:\Windows\system32\VERSION.dll
0x000000000f000000 - 0x000000000f006000 	C:\Program Files\NVIDIA Corporation\CoProcManager\detoured.dll
0x000007fef9ce0000 - 0x000007fef9d11000 	C:\Program Files\NVIDIA Corporation\CoProcManager\nvd3d9wrapx.dll
0x000007fefdb30000 - 0x000007fefdd07000 	C:\Windows\system32\SETUPAPI.dll
0x000007fefd990000 - 0x000007fefd9c6000 	C:\Windows\system32\CFGMGR32.dll
0x000007fefdf70000 - 0x000007fefe048000 	C:\Windows\system32\OLEAUT32.dll
0x000007fefeaa0000 - 0x000007fefeca3000 	C:\Windows\system32\ole32.dll
0x000007fefd720000 - 0x000007fefd73a000 	C:\Windows\system32\DEVOBJ.dll
0x000007fef9cb0000 - 0x000007fef9cd2000 	C:\Program Files\NVIDIA Corporation\CoProcManager\nvdxgiwrapx.dll
0x000000006cd40000 - 0x000000006ce12000 	C:\Program Files\Java\jdk1.7.0_80\jre\bin\msvcr100.dll
0x0000000069070000 - 0x0000000069849000 	C:\Program Files\Java\jdk1.7.0_80\jre\bin\server\jvm.dll
0x000007fef5470000 - 0x000007fef5479000 	C:\Windows\system32\WSOCK32.dll
0x000007fefda40000 - 0x000007fefda8d000 	C:\Windows\system32\WS2_32.dll
0x000007fefe560000 - 0x000007fefe568000 	C:\Windows\system32\NSI.dll
0x000007fefa4a0000 - 0x000007fefa4db000 	C:\Windows\system32\WINMM.dll
0x00000000778f0000 - 0x00000000778f7000 	C:\Windows\system32\PSAPI.DLL
0x0000000072d70000 - 0x0000000072d7f000 	C:\Program Files\Java\jdk1.7.0_80\jre\bin\verify.dll
0x000000006e8e0000 - 0x000000006e908000 	C:\Program Files\Java\jdk1.7.0_80\jre\bin\java.dll
0x000000006e5f0000 - 0x000000006e606000 	C:\Program Files\Java\jdk1.7.0_80\jre\bin\zip.dll
0x000000006e5d0000 - 0x000000006e5ea000 	C:\Program Files\Java\jdk1.7.0_80\jre\bin\net.dll
0x000007fefce50000 - 0x000007fefcea5000 	C:\Windows\system32\mswsock.dll
0x000007fefce40000 - 0x000007fefce47000 	C:\Windows\System32\wship6.dll
0x000000006e5b0000 - 0x000000006e5c1000 	C:\Program Files\Java\jdk1.7.0_80\jre\bin\nio.dll

VM Arguments:
jvm_args: -Djava.awt.headless=true -Xmx1024M -Dfile.encoding=GBK -Duser.country=CN -Duser.language=zh -Duser.variant 
java_command: com.android.dx.command.Main --dex --num-threads=4 --output D:\YunFengSi\app\build\intermediates\pre-dexed\release\umeng_social_sdk_d8ebca7f8a7163957dbe1c37a5503649ede828dd.jar D:\YunFengSi\app\libs\umeng_social_sdk.jar
Launcher Type: SUN_STANDARD

Environment Variables:
JAVA_HOME=C:\Program Files\Java\jdk1.7.0_80
CLASSPATH=.;JAVA_HOME\lib;JAVA_HOME\lib\tools.jar
PATH=D:\ImageMagick-7.0.1-Q16;C:\Windows\system32;C:\Windows;C:\Windows\System32\Wbem;C:\Windows\System32\WindowsPowerShell\v1.0\;JAVA_HOME\bin;JAVA_HOME\jre\bin;C:\Program Files\Java\jdk1.7.0_80\bin;
USERNAME=Administrator
OS=Windows_NT
PROCESSOR_IDENTIFIER=Intel64 Family 6 Model 69 Stepping 1, GenuineIntel



---------------  S Y S T E M  ---------------

OS: Windows 7 , 64 bit Build 7601 Service Pack 1

CPU:total 4 (2 cores per cpu, 2 threads per core) family 6 model 69 stepping 1, cmov, cx8, fxsr, mmx, sse, sse2, sse3, ssse3, sse4.1, sse4.2, popcnt, avx, avx2, aes, erms, ht, tsc, tscinvbit

Memory: 4k page, physical 4074756k(197212k free), swap 6170072k(5080k free)

vm_info: Java HotSpot(TM) 64-Bit Server VM (24.80-b11) for windows-amd64 JRE (1.7.0_80-b15), built on Apr 10 2015 11:26:34 by "java_re" with unknown MS VC++:1600

time: Mon Jan 16 19:16:18 2017
elapsed time: 13 seconds

