#
# There is insufficient memory for the Java Runtime Environment to continue.
# Native memory allocation (malloc) failed to allocate 67728 bytes for Chunk::new
# Possible reasons:
#   The system is out of physical RAM or swap space
#   In 32 bit mode, the process size limit was hit
# Possible solutions:
#   Reduce memory load on the system
#   Increase physical memory or swap space
#   Check if swap backing store is full
#   Use 64 bit Java on a 64 bit OS
#   Decrease Java heap size (-Xmx/-Xms)
#   Decrease number of Java threads
#   Decrease Java thread stack sizes (-Xss)
#   Set larger code cache with -XX:ReservedCodeCacheSize=
# This output file may be truncated or incomplete.
#
#  Out of Memory Error (allocation.cpp:323), pid=9576, tid=3876
#
# JRE version: Java(TM) SE Runtime Environment (7.0_80-b15) (build 1.7.0_80-b15)
# Java VM: Java HotSpot(TM) 64-Bit Server VM (24.80-b11 mixed mode windows-amd64 compressed oops)
# Failed to write core dump. Minidumps are not enabled by default on client versions of Windows
#

---------------  T H R E A D  ---------------

Current thread (0x000000000855c800):  JavaThread "C2 CompilerThread1" daemon [_thread_in_native, code=3876, stack(0x000000000a3c0000,0x000000000a4c0000)]

Stack: [0x000000000a3c0000,0x000000000a4c0000]
[error occurred during error reporting (printing stack bounds), code 0xc0000005]


[error occurred during error reporting (printing native stack), code 0xc0000005]


Current CompileTask:
C2:    830   13             java.util.regex.Pattern::compile (406 bytes)


---------------  P R O C E S S  ---------------

Java Threads: ( => current thread )
  0x000000000855d800 JavaThread "Service Thread" daemon [_thread_blocked, code=4516, stack(0x000000000a580000,0x000000000a680000)]
=>0x000000000855c800 JavaThread "C2 CompilerThread1" daemon [_thread_in_native, code=3876, stack(0x000000000a3c0000,0x000000000a4c0000)]
  0x000000000855b000 JavaThread "C2 CompilerThread0" daemon [_thread_in_native, code=1840, stack(0x0000000009d90000,0x0000000009e90000)]
  0x0000000008559000 JavaThread "Attach Listener" daemon [_thread_blocked, code=7284, stack(0x0000000009b70000,0x0000000009c70000)]
  0x0000000008558000 JavaThread "Signal Dispatcher" daemon [_thread_blocked, code=9028, stack(0x00000000099d0000,0x0000000009ad0000)]
  0x00000000084df000 JavaThread "Finalizer" daemon [_thread_blocked, code=1784, stack(0x0000000009830000,0x0000000009930000)]
  0x00000000084dd800 JavaThread "Reference Handler" daemon [_thread_blocked, code=10032, stack(0x00000000096b0000,0x00000000097b0000)]
  0x000000000018f000 JavaThread "main" [_thread_in_vm, code=8468, stack(0x0000000002350000,0x0000000002450000)]

Other Threads:
  0x00000000084da000 VMThread [stack: 0x00000000094f0000,0x00000000095f0000] [code=6072]
  0x000000000855e000 WatcherThread [stack: 0x000000000a780000,0x000000000a880000] [code=9488]

VM state:not at safepoint (normal execution)

VM Mutex/Monitor currently owned by a thread: None

Heap
 PSYoungGen      total 18944K, used 4596K [0x00000000eaa80000, 0x00000000ebf80000, 0x0000000100000000)
  eden space 16384K, 28% used [0x00000000eaa80000,0x00000000eaefd0a0,0x00000000eba80000)
  from space 2560K, 0% used [0x00000000ebd00000,0x00000000ebd00000,0x00000000ebf80000)
  to   space 2560K, 0% used [0x00000000eba80000,0x00000000eba80000,0x00000000ebd00000)
 ParOldGen       total 42496K, used 0K [0x00000000c0000000, 0x00000000c2980000, 0x00000000eaa80000)
  object space 42496K, 0% used [0x00000000c0000000,0x00000000c0000000,0x00000000c2980000)
 PSPermGen       total 21504K, used 3336K [0x00000000bae00000, 0x00000000bc300000, 0x00000000c0000000)
  object space 21504K, 15% used [0x00000000bae00000,0x00000000bb1420f0,0x00000000bc300000)

Card table byte_map: [0x0000000005510000,0x0000000005740000] byte_map_base: 0x0000000004f39000

Polling page: 0x0000000000120000

Code Cache  [0x0000000002450000, 0x00000000026c0000, 0x0000000005450000)
 total_blobs=208 nmethods=15 adapters=146 free_code_cache=48744Kb largest_free_block=49899392

Compilation events (10 events):
Event: 0.815 Thread 0x000000000855c800 nmethod 7 0x00000000024b4f90 code [0x00000000024b50e0, 0x00000000024b5578]
Event: 0.815 Thread 0x000000000855c800   10             java.util.regex.Matcher::search (109 bytes)
Event: 0.820 Thread 0x000000000855b000 nmethod 9 0x00000000024b4550 code [0x00000000024b46c0, 0x00000000024b4c78]
Event: 0.820 Thread 0x000000000855b000   11             java.lang.String::length (6 bytes)
Event: 0.821 Thread 0x000000000855b000 nmethod 11 0x00000000024b4350 code [0x00000000024b4480, 0x00000000024b44d8]
Event: 0.821 Thread 0x000000000855b000   12             java.lang.String::compareTo (78 bytes)
Event: 0.822 Thread 0x000000000855c800 nmethod 10 0x00000000024b70d0 code [0x00000000024b7240, 0x00000000024b7738]
Event: 0.822 Thread 0x000000000855c800   13             java.util.regex.Pattern::compile (406 bytes)
Event: 0.824 Thread 0x000000000855b000 nmethod 12 0x00000000024b3e90 code [0x00000000024b3fe0, 0x00000000024b4198]
Event: 0.824 Thread 0x000000000855b000   14             java.util.regex.Pattern::newSlice (181 bytes)

GC Heap History (0 events):
No events

Deoptimization events (0 events):
No events

Internal exceptions (10 events):
Event: 0.680 Thread 0x000000000018f000 Threw 0x00000000eabda288 at C:\re\jdk7u80\2329\hotspot\src\share\vm\prims\jvm.cpp:1319
Event: 0.682 Thread 0x000000000018f000 Threw 0x00000000eabdc488 at C:\re\jdk7u80\2329\hotspot\src\share\vm\prims\jvm.cpp:1319
Event: 0.683 Thread 0x000000000018f000 Threw 0x00000000eabe10a0 at C:\re\jdk7u80\2329\hotspot\src\share\vm\prims\jvm.cpp:1319
Event: 0.683 Thread 0x000000000018f000 Threw 0x00000000eabe5570 at C:\re\jdk7u80\2329\hotspot\src\share\vm\prims\jvm.cpp:1319
Event: 0.684 Thread 0x000000000018f000 Threw 0x00000000eabea018 at C:\re\jdk7u80\2329\hotspot\src\share\vm\prims\jvm.cpp:1319
Event: 0.684 Thread 0x000000000018f000 Threw 0x00000000eabee640 at C:\re\jdk7u80\2329\hotspot\src\share\vm\prims\jvm.cpp:1319
Event: 0.689 Thread 0x000000000018f000 Threw 0x00000000eabf5db8 at C:\re\jdk7u80\2329\hotspot\src\share\vm\prims\jvm.cpp:1319
Event: 0.689 Thread 0x000000000018f000 Threw 0x00000000eabfb5e8 at C:\re\jdk7u80\2329\hotspot\src\share\vm\prims\jvm.cpp:1319
Event: 0.690 Thread 0x000000000018f000 Threw 0x00000000eabfd7c8 at C:\re\jdk7u80\2329\hotspot\src\share\vm\prims\jvm.cpp:1319
Event: 0.802 Thread 0x000000000018f000 Threw 0x00000000eac25600 at C:\re\jdk7u80\2329\hotspot\src\share\vm\prims\jvm.cpp:1319

Events (10 events):
Event: 0.804 loading class 0x0000000009f80b30 done
Event: 0.804 loading class 0x0000000009f80aa0 done
Event: 0.804 loading class 0x0000000009f803a0
Event: 0.804 loading class 0x0000000009f803a0 done
Event: 0.804 loading class 0x0000000009f80b60
Event: 0.804 loading class 0x0000000009f80b60 done
Event: 0.804 loading class 0x0000000002233e60
Event: 0.804 loading class 0x0000000009f828b0
Event: 0.804 loading class 0x0000000009f828b0 done
Event: 0.804 loading class 0x0000000002233e60 done


Dynamic libraries:
0x000000013f4f0000 - 0x000000013f523000 	C:\Program Files\Java\jdk1.7.0_80\bin\java.exe
0x0000000077730000 - 0x00000000778da000 	C:\Windows\SYSTEM32\ntdll.dll
0x0000000077510000 - 0x000000007762f000 	C:\Windows\system32\kernel32.dll
0x000007fefd9d0000 - 0x000007fefda3b000 	C:\Windows\system32\KERNELBASE.dll
0x000007fefe810000 - 0x000007fefe8eb000 	C:\Windows\system32\ADVAPI32.dll
0x000007fefdd40000 - 0x000007fefdddf000 	C:\Windows\system32\msvcrt.dll
0x000007fefe540000 - 0x000007fefe55f000 	C:\Windows\SYSTEM32\sechost.dll
0x000007fefe8f0000 - 0x000007fefea1d000 	C:\Windows\system32\RPCRT4.dll
0x0000000077630000 - 0x000000007772a000 	C:\Windows\system32\USER32.dll
0x000007fefe570000 - 0x000007fefe5d7000 	C:\Windows\system32\GDI32.dll
0x000007fefe050000 - 0x000007fefe05e000 	C:\Windows\system32\LPK.dll
0x000007fefe080000 - 0x000007fefe14a000 	C:\Windows\system32\USP10.dll
0x000007fefbce0000 - 0x000007fefbed4000 	C:\Windows\WinSxS\amd64_microsoft.windows.common-controls_6595b64144ccf1df_6.0.7601.18837_none_fa3b1e3d17594757\COMCTL32.dll
0x000007fefe680000 - 0x000007fefe6f1000 	C:\Windows\system32\SHLWAPI.dll
0x000007fefdd10000 - 0x000007fefdd3e000 	C:\Windows\system32\IMM32.DLL
0x000007fefe700000 - 0x000007fefe809000 	C:\Windows\system32\MSCTF.dll
0x000007fefd5f0000 - 0x000007fefd621000 	C:\Windows\system32\nvinitx.dll
0x000007fefd5e0000 - 0x000007fefd5ec000 	C:\Windows\system32\VERSION.dll
0x000000000f000000 - 0x000000000f006000 	C:\Program Files\NVIDIA Corporation\CoProcManager\detoured.dll
0x000007fef9ce0000 - 0x000007fef9d11000 	C:\Program Files\NVIDIA Corporation\CoProcManager\nvd3d9wrapx.dll
0x000007fefdb30000 - 0x000007fefdd07000 	C:\Windows\system32\SETUPAPI.dll
0x000007fefd990000 - 0x000007fefd9c6000 	C:\Windows\system32\CFGMGR32.dll
0x000007fefdf70000 - 0x000007fefe048000 	C:\Windows\system32\OLEAUT32.dll
0x000007fefeaa0000 - 0x000007fefeca3000 	C:\Windows\system32\ole32.dll
0x000007fefd720000 - 0x000007fefd73a000 	C:\Windows\system32\DEVOBJ.dll
0x000007fef9cb0000 - 0x000007fef9cd2000 	C:\Program Files\NVIDIA Corporation\CoProcManager\nvdxgiwrapx.dll
0x000000006cd40000 - 0x000000006ce12000 	C:\Program Files\Java\jdk1.7.0_80\jre\bin\msvcr100.dll
0x0000000069070000 - 0x0000000069849000 	C:\Program Files\Java\jdk1.7.0_80\jre\bin\server\jvm.dll
0x000007fef5470000 - 0x000007fef5479000 	C:\Windows\system32\WSOCK32.dll
0x000007fefda40000 - 0x000007fefda8d000 	C:\Windows\system32\WS2_32.dll
0x000007fefe560000 - 0x000007fefe568000 	C:\Windows\system32\NSI.dll
0x000007fefa4a0000 - 0x000007fefa4db000 	C:\Windows\system32\WINMM.dll
0x00000000778f0000 - 0x00000000778f7000 	C:\Windows\system32\PSAPI.DLL
0x0000000072d70000 - 0x0000000072d7f000 	C:\Program Files\Java\jdk1.7.0_80\jre\bin\verify.dll
0x000000006e8e0000 - 0x000000006e908000 	C:\Program Files\Java\jdk1.7.0_80\jre\bin\java.dll
0x000000006e5f0000 - 0x000000006e606000 	C:\Program Files\Java\jdk1.7.0_80\jre\bin\zip.dll

VM Arguments:
jvm_args: -Djava.awt.headless=true -Xmx1024M -Dfile.encoding=GBK -Duser.country=CN -Duser.language=zh -Duser.variant 
java_command: com.android.dx.command.Main --dex --num-threads=4 --output D:\YunFengSi\app\build\intermediates\pre-dexed\debug\com.android.support-appcompat-v7-23.4.0_80bd10d2d8aa5f6327866fb77505ccba61734b25.jar D:\YunFengSi\app\build\intermediates\exploded-aar\com.android.support\appcompat-v7\23.4.0\jars\classes.jar
Launcher Type: SUN_STANDARD

Environment Variables:
JAVA_HOME=C:\Program Files\Java\jdk1.7.0_80
CLASSPATH=.;JAVA_HOME\lib;JAVA_HOME\lib\tools.jar
PATH=D:\ImageMagick-7.0.1-Q16;C:\Windows\system32;C:\Windows;C:\Windows\System32\Wbem;C:\Windows\System32\WindowsPowerShell\v1.0\;JAVA_HOME\bin;JAVA_HOME\jre\bin;C:\Program Files\Java\jdk1.7.0_80\bin;
USERNAME=Administrator
OS=Windows_NT
PROCESSOR_IDENTIFIER=Intel64 Family 6 Model 69 Stepping 1, GenuineIntel



---------------  S Y S T E M  ---------------

OS: Windows 7 , 64 bit Build 7601 Service Pack 1

CPU:total 4 (2 cores per cpu, 2 threads per core) family 6 model 69 stepping 1, cmov, cx8, fxsr, mmx, sse, sse2, sse3, ssse3, sse4.1, sse4.2, popcnt, avx, avx2, aes, erms, ht, tsc, tscinvbit

Memory: 4k page, physical 4074756k(458960k free), swap 6170072k(5140k free)

vm_info: Java HotSpot(TM) 64-Bit Server VM (24.80-b11) for windows-amd64 JRE (1.7.0_80-b15), built on Apr 10 2015 11:26:34 by "java_re" with unknown MS VC++:1600

time: Mon Jan 16 14:33:35 2017
elapsed time: 0 seconds

