#
# There is insufficient memory for the Java Runtime Environment to continue.
# Native memory allocation (malloc) failed to allocate 1198096 bytes for Chunk::new
# Possible reasons:
#   The system is out of physical RAM or swap space
#   In 32 bit mode, the process size limit was hit
# Possible solutions:
#   Reduce memory load on the system
#   Increase physical memory or swap space
#   Check if swap backing store is full
#   Use 64 bit Java on a 64 bit OS
#   Decrease Java heap size (-Xmx/-Xms)
#   Decrease number of Java threads
#   Decrease Java thread stack sizes (-Xss)
#   Set larger code cache with -XX:ReservedCodeCacheSize=
# This output file may be truncated or incomplete.
#
#  Out of Memory Error (allocation.cpp:323), pid=9504, tid=7212
#
# JRE version: Java(TM) SE Runtime Environment (7.0_80-b15) (build 1.7.0_80-b15)
# Java VM: Java HotSpot(TM) 64-Bit Server VM (24.80-b11 mixed mode windows-amd64 compressed oops)
# Failed to write core dump. Minidumps are not enabled by default on client versions of Windows
#

---------------  T H R E A D  ---------------

Current thread (0x000000000868b000):  JavaThread "C2 CompilerThread1" daemon [_thread_in_native, code=7212, stack(0x0000000009e50000,0x0000000009f50000)]

Stack: [0x0000000009e50000,0x0000000009f50000]
[error occurred during error reporting (printing stack bounds), code 0xc0000005]


Current CompileTask:
C2:   6649  387   !         com.android.dx.cf.code.Ropper::processBlock (1101 bytes)


---------------  P R O C E S S  ---------------

Java Threads: ( => current thread )
  0x000000000a3b4000 JavaThread "pool-1-thread-4" [_thread_blocked, code=9236, stack(0x000000000ae60000,0x000000000af60000)]
  0x000000000a33d800 JavaThread "pool-1-thread-3" [_thread_blocked, code=5508, stack(0x000000000aca0000,0x000000000ada0000)]
  0x000000000a305000 JavaThread "pool-1-thread-2" [_thread_blocked, code=10172, stack(0x000000000aac0000,0x000000000abc0000)]
  0x000000000a304000 JavaThread "pool-2-thread-1" [_thread_blocked, code=1008, stack(0x000000000a940000,0x000000000aa40000)]
  0x000000000a312000 JavaThread "pool-1-thread-1" [_thread_blocked, code=5852, stack(0x000000000a810000,0x000000000a910000)]
  0x000000000868c800 JavaThread "Service Thread" daemon [_thread_blocked, code=8748, stack(0x000000000a080000,0x000000000a180000)]
=>0x000000000868b000 JavaThread "C2 CompilerThread1" daemon [_thread_in_native, code=7212, stack(0x0000000009e50000,0x0000000009f50000)]
  0x0000000008689000 JavaThread "C2 CompilerThread0" daemon [_thread_in_native, code=5968, stack(0x0000000009be0000,0x0000000009ce0000)]
  0x0000000008687000 JavaThread "Attach Listener" daemon [_thread_blocked, code=3920, stack(0x00000000098c0000,0x00000000099c0000)]
  0x0000000008686000 JavaThread "Signal Dispatcher" daemon [_thread_blocked, code=7424, stack(0x0000000009a40000,0x0000000009b40000)]
  0x000000000860f000 JavaThread "Finalizer" daemon [_thread_blocked, code=1800, stack(0x0000000009760000,0x0000000009860000)]
  0x000000000860d800 JavaThread "Reference Handler" daemon [_thread_blocked, code=9568, stack(0x00000000095a0000,0x00000000096a0000)]
  0x000000000212f000 JavaThread "main" [_thread_blocked, code=6980, stack(0x0000000002430000,0x0000000002530000)]

Other Threads:
  0x000000000860a000 VMThread [stack: 0x0000000009470000,0x0000000009570000] [code=8440]
  0x000000000868f800 WatcherThread [stack: 0x0000000009d10000,0x0000000009e10000] [code=9256]

VM state:not at safepoint (normal execution)

VM Mutex/Monitor currently owned by a thread: None

Heap
 PSYoungGen      total 35328K, used 4132K [0x00000000eaa80000, 0x00000000ecf80000, 0x0000000100000000)
  eden space 32768K, 4% used [0x00000000eaa80000,0x00000000eac11158,0x00000000eca80000)
  from space 2560K, 98% used [0x00000000ecd00000,0x00000000ecf78028,0x00000000ecf80000)
  to   space 2560K, 0% used [0x00000000eca80000,0x00000000eca80000,0x00000000ecd00000)
 ParOldGen       total 42496K, used 9703K [0x00000000c0000000, 0x00000000c2980000, 0x00000000eaa80000)
  object space 42496K, 22% used [0x00000000c0000000,0x00000000c0979d68,0x00000000c2980000)
 PSPermGen       total 21504K, used 5923K [0x00000000bae00000, 0x00000000bc300000, 0x00000000c0000000)
  object space 21504K, 27% used [0x00000000bae00000,0x00000000bb3c8f10,0x00000000bc300000)

Card table byte_map: [0x0000000005530000,0x0000000005760000] byte_map_base: 0x0000000004f59000

Polling page: 0x0000000000330000

Code Cache  [0x0000000002530000, 0x00000000027a0000, 0x0000000005530000)
 total_blobs=616 nmethods=378 adapters=190 free_code_cache=47701Kb largest_free_block=48795008

Compilation events (10 events):
Event: 6.355 Thread 0x000000000868b000 nmethod 378 0x0000000002699950 code [0x0000000002699c00, 0x000000000269a858]
Event: 6.355 Thread 0x000000000868b000  384             com.android.dx.rop.cst.Constant::<init> (5 bytes)
Event: 6.355 Thread 0x000000000868b000 nmethod 384 0x0000000002693f10 code [0x0000000002694040, 0x0000000002694098]
Event: 6.355 Thread 0x000000000868b000  385             com.android.dx.ssa.SsaBasicBlock::getPhiInsns (13 bytes)
Event: 6.361 Thread 0x000000000868b000 nmethod 385 0x0000000002697850 code [0x00000000026979c0, 0x0000000002697cb8]
Event: 6.361 Thread 0x000000000868b000  386             com.android.dx.ssa.SsaBasicBlock::exitBlockFixup (58 bytes)
Event: 6.428 Thread 0x000000000868b000 nmethod 386 0x00000000026945d0 code [0x0000000002694740, 0x0000000002695178]
Event: 6.429 Thread 0x000000000868b000  387   !         com.android.dx.cf.code.Ropper::processBlock (1101 bytes)
Event: 6.602 Thread 0x0000000008689000 nmethod 383 0x00000000026a1210 code [0x00000000026a17a0, 0x00000000026a3fb0]
Event: 6.602 Thread 0x0000000008689000  388   !         com.android.dx.cf.code.RopperMachine::run (1550 bytes)

GC Heap History (8 events):
Event: 2.617 GC heap before
{Heap before GC invocations=1 (full 0):
 PSYoungGen      total 18944K, used 16384K [0x00000000eaa80000, 0x00000000ebf80000, 0x0000000100000000)
  eden space 16384K, 100% used [0x00000000eaa80000,0x00000000eba80000,0x00000000eba80000)
  from space 2560K, 0% used [0x00000000ebd00000,0x00000000ebd00000,0x00000000ebf80000)
  to   space 2560K, 0% used [0x00000000eba80000,0x00000000eba80000,0x00000000ebd00000)
 ParOldGen       total 42496K, used 0K [0x00000000c0000000, 0x00000000c2980000, 0x00000000eaa80000)
  object space 42496K, 0% used [0x00000000c0000000,0x00000000c0000000,0x00000000c2980000)
 PSPermGen       total 21504K, used 5625K [0x00000000bae00000, 0x00000000bc300000, 0x00000000c0000000)
  object space 21504K, 26% used [0x00000000bae00000,0x00000000bb37e750,0x00000000bc300000)
Event: 2.637 GC heap after
Heap after GC invocations=1 (full 0):
 PSYoungGen      total 18944K, used 2530K [0x00000000eaa80000, 0x00000000ebf80000, 0x0000000100000000)
  eden space 16384K, 0% used [0x00000000eaa80000,0x00000000eaa80000,0x00000000eba80000)
  from space 2560K, 98% used [0x00000000eba80000,0x00000000ebcf8ab8,0x00000000ebd00000)
  to   space 2560K, 0% used [0x00000000ebd00000,0x00000000ebd00000,0x00000000ebf80000)
 ParOldGen       total 42496K, used 1573K [0x00000000c0000000, 0x00000000c2980000, 0x00000000eaa80000)
  object space 42496K, 3% used [0x00000000c0000000,0x00000000c0189738,0x00000000c2980000)
 PSPermGen       total 21504K, used 5625K [0x00000000bae00000, 0x00000000bc300000, 0x00000000c0000000)
  object space 21504K, 26% used [0x00000000bae00000,0x00000000bb37e750,0x00000000bc300000)
}
Event: 3.857 GC heap before
{Heap before GC invocations=2 (full 0):
 PSYoungGen      total 18944K, used 18914K [0x00000000eaa80000, 0x00000000ebf80000, 0x0000000100000000)
  eden space 16384K, 100% used [0x00000000eaa80000,0x00000000eba80000,0x00000000eba80000)
  from space 2560K, 98% used [0x00000000eba80000,0x00000000ebcf8ab8,0x00000000ebd00000)
  to   space 2560K, 0% used [0x00000000ebd00000,0x00000000ebd00000,0x00000000ebf80000)
 ParOldGen       total 42496K, used 1573K [0x00000000c0000000, 0x00000000c2980000, 0x00000000eaa80000)
  object space 42496K, 3% used [0x00000000c0000000,0x00000000c0189738,0x00000000c2980000)
 PSPermGen       total 21504K, used 5846K [0x00000000bae00000, 0x00000000bc300000, 0x00000000c0000000)
  object space 21504K, 27% used [0x00000000bae00000,0x00000000bb3b5b40,0x00000000bc300000)
Event: 3.905 GC heap after
Heap after GC invocations=2 (full 0):
 PSYoungGen      total 18944K, used 2536K [0x00000000eaa80000, 0x00000000ecf80000, 0x0000000100000000)
  eden space 16384K, 0% used [0x00000000eaa80000,0x00000000eaa80000,0x00000000eba80000)
  from space 2560K, 99% used [0x00000000ebd00000,0x00000000ebf7a048,0x00000000ebf80000)
  to   space 2560K, 0% used [0x00000000eba80000,0x00000000eba80000,0x00000000ebd00000)
 ParOldGen       total 42496K, used 3990K [0x00000000c0000000, 0x00000000c2980000, 0x00000000eaa80000)
  object space 42496K, 9% used [0x00000000c0000000,0x00000000c03e5ac0,0x00000000c2980000)
 PSPermGen       total 21504K, used 5846K [0x00000000bae00000, 0x00000000bc300000, 0x00000000c0000000)
  object space 21504K, 27% used [0x00000000bae00000,0x00000000bb3b5b40,0x00000000bc300000)
}
Event: 4.423 GC heap before
{Heap before GC invocations=3 (full 0):
 PSYoungGen      total 18944K, used 18920K [0x00000000eaa80000, 0x00000000ecf80000, 0x0000000100000000)
  eden space 16384K, 100% used [0x00000000eaa80000,0x00000000eba80000,0x00000000eba80000)
  from space 2560K, 99% used [0x00000000ebd00000,0x00000000ebf7a048,0x00000000ebf80000)
  to   space 2560K, 0% used [0x00000000eba80000,0x00000000eba80000,0x00000000ebd00000)
 ParOldGen       total 42496K, used 3990K [0x00000000c0000000, 0x00000000c2980000, 0x00000000eaa80000)
  object space 42496K, 9% used [0x00000000c0000000,0x00000000c03e5ac0,0x00000000c2980000)
 PSPermGen       total 21504K, used 5905K [0x00000000bae00000, 0x00000000bc300000, 0x00000000c0000000)
  object space 21504K, 27% used [0x00000000bae00000,0x00000000bb3c4538,0x00000000bc300000)
Event: 5.351 GC heap after
Heap after GC invocations=3 (full 0):
 PSYoungGen      total 18944K, used 2552K [0x00000000eaa80000, 0x00000000ecf80000, 0x0000000100000000)
  eden space 16384K, 0% used [0x00000000eaa80000,0x00000000eaa80000,0x00000000eba80000)
  from space 2560K, 99% used [0x00000000eba80000,0x00000000ebcfe038,0x00000000ebd00000)
  to   space 2560K, 0% used [0x00000000ecd00000,0x00000000ecd00000,0x00000000ecf80000)
 ParOldGen       total 42496K, used 6929K [0x00000000c0000000, 0x00000000c2980000, 0x00000000eaa80000)
  object space 42496K, 16% used [0x00000000c0000000,0x00000000c06c4448,0x00000000c2980000)
 PSPermGen       total 21504K, used 5905K [0x00000000bae00000, 0x00000000bc300000, 0x00000000c0000000)
  object space 21504K, 27% used [0x00000000bae00000,0x00000000bb3c4538,0x00000000bc300000)
}
Event: 5.727 GC heap before
{Heap before GC invocations=4 (full 0):
 PSYoungGen      total 18944K, used 18936K [0x00000000eaa80000, 0x00000000ecf80000, 0x0000000100000000)
  eden space 16384K, 100% used [0x00000000eaa80000,0x00000000eba80000,0x00000000eba80000)
  from space 2560K, 99% used [0x00000000eba80000,0x00000000ebcfe038,0x00000000ebd00000)
  to   space 2560K, 0% used [0x00000000ecd00000,0x00000000ecd00000,0x00000000ecf80000)
 ParOldGen       total 42496K, used 6929K [0x00000000c0000000, 0x00000000c2980000, 0x00000000eaa80000)
  object space 42496K, 16% used [0x00000000c0000000,0x00000000c06c4448,0x00000000c2980000)
 PSPermGen       total 21504K, used 5923K [0x00000000bae00000, 0x00000000bc300000, 0x00000000c0000000)
  object space 21504K, 27% used [0x00000000bae00000,0x00000000bb3c8df0,0x00000000bc300000)
Event: 6.107 GC heap after
Heap after GC invocations=4 (full 0):
 PSYoungGen      total 35328K, used 2528K [0x00000000eaa80000, 0x00000000ecf80000, 0x0000000100000000)
  eden space 32768K, 0% used [0x00000000eaa80000,0x00000000eaa80000,0x00000000eca80000)
  from space 2560K, 98% used [0x00000000ecd00000,0x00000000ecf78028,0x00000000ecf80000)
  to   space 2560K, 0% used [0x00000000eca80000,0x00000000eca80000,0x00000000ecd00000)
 ParOldGen       total 42496K, used 9703K [0x00000000c0000000, 0x00000000c2980000, 0x00000000eaa80000)
  object space 42496K, 22% used [0x00000000c0000000,0x00000000c0979d68,0x00000000c2980000)
 PSPermGen       total 21504K, used 5923K [0x00000000bae00000, 0x00000000bc300000, 0x00000000c0000000)
  object space 21504K, 27% used [0x00000000bae00000,0x00000000bb3c8df0,0x00000000bc300000)
}

Deoptimization events (10 events):
Event: 4.066 Thread 0x000000000a305000 Uncommon trap: reason=unstable_if action=reinterpret pc=0x000000000261fe50 method=com.android.dx.cf.code.Ropper.processBlock(Lcom/android/dx/cf/code/ByteBlock;Lcom/android/dx/cf/code/Frame;[I)V @ 374
Event: 4.182 Thread 0x000000000a305000 Uncommon trap: reason=unstable_if action=reinterpret pc=0x00000000025edeec method=com.android.dx.util.IntList.binarysearch(I)I @ 105
Event: 4.184 Thread 0x000000000a305000 Uncommon trap: reason=unstable_if action=reinterpret pc=0x0000000002611358 method=com.android.dx.ssa.SsaBasicBlock.newFromRop(Lcom/android/dx/rop/code/RopMethod;ILcom/android/dx/ssa/SsaMethod;)Lcom/android/dx/ssa/SsaBasicBlock; @ 164
Event: 4.191 Thread 0x000000000a305000 Uncommon trap: reason=unstable_if action=reinterpret pc=0x00000000026139a4 method=com.android.dx.ssa.SsaMethod.blockIndexToRopLabel(I)I @ 1
Event: 4.196 Thread 0x000000000a305000 Uncommon trap: reason=class_check action=maybe_recompile pc=0x0000000002603ac8 method=java.util.HashMap.put(Ljava/lang/Object;Ljava/lang/Object;)Ljava/lang/Object; @ 83
Event: 4.196 Thread 0x000000000a305000 Uncommon trap: reason=class_check action=maybe_recompile pc=0x0000000002603ac8 method=java.util.HashMap.put(Ljava/lang/Object;Ljava/lang/Object;)Ljava/lang/Object; @ 83
Event: 5.485 Thread 0x000000000a305000 Uncommon trap: reason=class_check action=maybe_recompile pc=0x0000000002603ac8 method=java.util.HashMap.put(Ljava/lang/Object;Ljava/lang/Object;)Ljava/lang/Object; @ 83
Event: 5.491 Thread 0x000000000a305000 Uncommon trap: reason=unstable_if action=reinterpret pc=0x00000000025f526c method=com.android.dx.ssa.SCCP.simulateBranch(Lcom/android/dx/ssa/SsaInsn;)V @ 548
Event: 5.561 Thread 0x000000000212f000 Uncommon trap: reason=null_check action=make_not_entrant pc=0x000000000266c184 method=com.android.dx.rop.type.Type.putIntern(Lcom/android/dx/rop/type/Type;)Lcom/android/dx/rop/type/Type; @ 18
Event: 5.672 Thread 0x000000000a305000 Uncommon trap: reason=unstable_if action=reinterpret pc=0x000000000263cdb0 method=com.android.dx.ssa.SCCP.simulateStmt(Lcom/android/dx/ssa/SsaInsn;)V @ 53

Internal exceptions (10 events):
Event: 2.693 Thread 0x000000000a305000 Threw 0x00000000ead051b0 at C:\re\jdk7u80\2329\hotspot\src\share\vm\prims\jvm.cpp:1319
Event: 2.821 Thread 0x000000000a305000 Threw 0x00000000eb027150 at C:\re\jdk7u80\2329\hotspot\src\share\vm\prims\jvm.cpp:1319
Event: 3.748 Thread 0x000000000212f000 Threw 0x00000000eb569ec8 at C:\re\jdk7u80\2329\hotspot\src\share\vm\prims\jvm.cpp:1319
Event: 3.749 Thread 0x000000000212f000 Threw 0x00000000eb573b98 at C:\re\jdk7u80\2329\hotspot\src\share\vm\prims\jvm.cpp:1319
Event: 3.752 Thread 0x000000000212f000 Threw 0x00000000eb576208 at C:\re\jdk7u80\2329\hotspot\src\share\vm\prims\jvm.cpp:1319
Event: 3.752 Thread 0x000000000212f000 Threw 0x00000000eb5794c0 at C:\re\jdk7u80\2329\hotspot\src\share\vm\prims\jvm.cpp:1319
Event: 3.753 Thread 0x000000000212f000 Threw 0x00000000eb57b958 at C:\re\jdk7u80\2329\hotspot\src\share\vm\prims\jvm.cpp:1319
Event: 4.154 Thread 0x000000000212f000 Threw 0x00000000eafce098 at C:\re\jdk7u80\2329\hotspot\src\share\vm\prims\jvm.cpp:1319
Event: 4.231 Thread 0x000000000a305000 Threw 0x00000000eb4f6d30 at C:\re\jdk7u80\2329\hotspot\src\share\vm\prims\jvm.cpp:1319
Event: 5.561 Thread 0x000000000212f000 Implicit null exception at 0x000000000266babb to 0x000000000266c175

Events (10 events):
Event: 6.388 Executing VM operation: RevokeBias
Event: 6.388 Executing VM operation: RevokeBias done
Event: 6.388 Executing VM operation: RevokeBias
Event: 6.388 Executing VM operation: RevokeBias done
Event: 6.388 Executing VM operation: RevokeBias
Event: 6.388 Executing VM operation: RevokeBias done
Event: 6.388 Executing VM operation: RevokeBias
Event: 6.388 Executing VM operation: RevokeBias done
Event: 6.388 Executing VM operation: BulkRevokeBias
Event: 6.388 Executing VM operation: BulkRevokeBias done


Dynamic libraries:
0x000000013f4f0000 - 0x000000013f523000 	C:\Program Files\Java\jdk1.7.0_80\bin\java.exe
0x0000000077730000 - 0x00000000778da000 	C:\Windows\SYSTEM32\ntdll.dll
0x0000000077510000 - 0x000000007762f000 	C:\Windows\system32\kernel32.dll
0x000007fefd9d0000 - 0x000007fefda3b000 	C:\Windows\system32\KERNELBASE.dll
0x000007fefe810000 - 0x000007fefe8eb000 	C:\Windows\system32\ADVAPI32.dll
0x000007fefdd40000 - 0x000007fefdddf000 	C:\Windows\system32\msvcrt.dll
0x000007fefe540000 - 0x000007fefe55f000 	C:\Windows\SYSTEM32\sechost.dll
0x000007fefe8f0000 - 0x000007fefea1d000 	C:\Windows\system32\RPCRT4.dll
0x0000000077630000 - 0x000000007772a000 	C:\Windows\system32\USER32.dll
0x000007fefe570000 - 0x000007fefe5d7000 	C:\Windows\system32\GDI32.dll
0x000007fefe050000 - 0x000007fefe05e000 	C:\Windows\system32\LPK.dll
0x000007fefe080000 - 0x000007fefe14a000 	C:\Windows\system32\USP10.dll
0x000007fefbce0000 - 0x000007fefbed4000 	C:\Windows\WinSxS\amd64_microsoft.windows.common-controls_6595b64144ccf1df_6.0.7601.18837_none_fa3b1e3d17594757\COMCTL32.dll
0x000007fefe680000 - 0x000007fefe6f1000 	C:\Windows\system32\SHLWAPI.dll
0x000007fefdd10000 - 0x000007fefdd3e000 	C:\Windows\system32\IMM32.DLL
0x000007fefe700000 - 0x000007fefe809000 	C:\Windows\system32\MSCTF.dll
0x000007fefd5f0000 - 0x000007fefd621000 	C:\Windows\system32\nvinitx.dll
0x000007fefd5e0000 - 0x000007fefd5ec000 	C:\Windows\system32\VERSION.dll
0x000000000f000000 - 0x000000000f006000 	C:\Program Files\NVIDIA Corporation\CoProcManager\detoured.dll
0x000007fef9ce0000 - 0x000007fef9d11000 	C:\Program Files\NVIDIA Corporation\CoProcManager\nvd3d9wrapx.dll
0x000007fefdb30000 - 0x000007fefdd07000 	C:\Windows\system32\SETUPAPI.dll
0x000007fefd990000 - 0x000007fefd9c6000 	C:\Windows\system32\CFGMGR32.dll
0x000007fefdf70000 - 0x000007fefe048000 	C:\Windows\system32\OLEAUT32.dll
0x000007fefeaa0000 - 0x000007fefeca3000 	C:\Windows\system32\ole32.dll
0x000007fefd720000 - 0x000007fefd73a000 	C:\Windows\system32\DEVOBJ.dll
0x000007fef9cb0000 - 0x000007fef9cd2000 	C:\Program Files\NVIDIA Corporation\CoProcManager\nvdxgiwrapx.dll
0x000000006cd40000 - 0x000000006ce12000 	C:\Program Files\Java\jdk1.7.0_80\jre\bin\msvcr100.dll
0x0000000069070000 - 0x0000000069849000 	C:\Program Files\Java\jdk1.7.0_80\jre\bin\server\jvm.dll
0x000007fef5470000 - 0x000007fef5479000 	C:\Windows\system32\WSOCK32.dll
0x000007fefda40000 - 0x000007fefda8d000 	C:\Windows\system32\WS2_32.dll
0x000007fefe560000 - 0x000007fefe568000 	C:\Windows\system32\NSI.dll
0x000007fefa4a0000 - 0x000007fefa4db000 	C:\Windows\system32\WINMM.dll
0x00000000778f0000 - 0x00000000778f7000 	C:\Windows\system32\PSAPI.DLL
0x0000000072d70000 - 0x0000000072d7f000 	C:\Program Files\Java\jdk1.7.0_80\jre\bin\verify.dll
0x000000006e8e0000 - 0x000000006e908000 	C:\Program Files\Java\jdk1.7.0_80\jre\bin\java.dll
0x000000006e5f0000 - 0x000000006e606000 	C:\Program Files\Java\jdk1.7.0_80\jre\bin\zip.dll
0x000000006e5d0000 - 0x000000006e5ea000 	C:\Program Files\Java\jdk1.7.0_80\jre\bin\net.dll
0x000007fefce50000 - 0x000007fefcea5000 	C:\Windows\system32\mswsock.dll
0x000007fefce40000 - 0x000007fefce47000 	C:\Windows\System32\wship6.dll
0x000000006e5b0000 - 0x000000006e5c1000 	C:\Program Files\Java\jdk1.7.0_80\jre\bin\nio.dll

VM Arguments:
jvm_args: -Djava.awt.headless=true -Xmx1024M -Dfile.encoding=GBK -Duser.country=CN -Duser.language=zh -Duser.variant 
java_command: com.android.dx.command.Main --dex --num-threads=4 --output D:\YunFengSi\app\build\intermediates\pre-dexed\debug\umeng_social_sdk_d8ebca7f8a7163957dbe1c37a5503649ede828dd.jar D:\YunFengSi\app\libs\umeng_social_sdk.jar
Launcher Type: SUN_STANDARD

Environment Variables:
JAVA_HOME=C:\Program Files\Java\jdk1.7.0_80
CLASSPATH=.;JAVA_HOME\lib;JAVA_HOME\lib\tools.jar
PATH=D:\ImageMagick-7.0.1-Q16;C:\Windows\system32;C:\Windows;C:\Windows\System32\Wbem;C:\Windows\System32\WindowsPowerShell\v1.0\;JAVA_HOME\bin;JAVA_HOME\jre\bin;C:\Program Files\Java\jdk1.7.0_80\bin;
USERNAME=Administrator
OS=Windows_NT
PROCESSOR_IDENTIFIER=Intel64 Family 6 Model 69 Stepping 1, GenuineIntel



---------------  S Y S T E M  ---------------

OS: Windows 7 , 64 bit Build 7601 Service Pack 1

CPU:total 4 (2 cores per cpu, 2 threads per core) family 6 model 69 stepping 1, cmov, cx8, fxsr, mmx, sse, sse2, sse3, ssse3, sse4.1, sse4.2, popcnt, avx, avx2, aes, erms, ht, tsc, tscinvbit

Memory: 4k page, physical 4074756k(157092k free), swap 6170072k(5880k free)

vm_info: Java HotSpot(TM) 64-Bit Server VM (24.80-b11) for windows-amd64 JRE (1.7.0_80-b15), built on Apr 10 2015 11:26:34 by "java_re" with unknown MS VC++:1600

time: Mon Jan 16 17:27:44 2017
elapsed time: 6 seconds

