#
# There is insufficient memory for the Java Runtime Environment to continue.
# Native memory allocation (malloc) failed to allocate 431696 bytes for Chunk::new
# Possible reasons:
#   The system is out of physical RAM or swap space
#   In 32 bit mode, the process size limit was hit
# Possible solutions:
#   Reduce memory load on the system
#   Increase physical memory or swap space
#   Check if swap backing store is full
#   Use 64 bit Java on a 64 bit OS
#   Decrease Java heap size (-Xmx/-Xms)
#   Decrease number of Java threads
#   Decrease Java thread stack sizes (-Xss)
#   Set larger code cache with -XX:ReservedCodeCacheSize=
# This output file may be truncated or incomplete.
#
#  Out of Memory Error (allocation.cpp:323), pid=5968, tid=9264
#
# JRE version: Java(TM) SE Runtime Environment (7.0_80-b15) (build 1.7.0_80-b15)
# Java VM: Java HotSpot(TM) 64-Bit Server VM (24.80-b11 mixed mode windows-amd64 compressed oops)
# Failed to write core dump. Minidumps are not enabled by default on client versions of Windows
#

---------------  T H R E A D  ---------------

Current thread (0x0000000008458800):  JavaThread "C2 CompilerThread0" daemon [_thread_in_native, code=9264, stack(0x0000000009b40000,0x0000000009c40000)]

Stack: [0x0000000009b40000,0x0000000009c40000]
[error occurred during error reporting (printing stack bounds), code 0xc0000005]


[error occurred during error reporting (printing native stack), code 0xc0000005]


Current CompileTask:
C2:  10700  333             com.android.dx.dex.cf.CfTranslator::translate0 (259 bytes)


---------------  P R O C E S S  ---------------

Java Threads: ( => current thread )
  0x000000000a17f000 JavaThread "pool-1-thread-4" [_thread_blocked, code=2436, stack(0x000000000a4a0000,0x000000000a5a0000)]
  0x000000000a185000 JavaThread "pool-1-thread-3" [_thread_blocked, code=1800, stack(0x000000000aa40000,0x000000000ab40000)]
  0x000000000a17e800 JavaThread "pool-1-thread-2" [_thread_blocked, code=6124, stack(0x000000000a830000,0x000000000a930000)]
  0x000000000a178800 JavaThread "pool-2-thread-1" [_thread_blocked, code=4296, stack(0x000000000a5f0000,0x000000000a6f0000)]
  0x000000000a1b4000 JavaThread "pool-1-thread-1" [_thread_in_vm, code=5548, stack(0x0000000009c40000,0x0000000009d40000)]
  0x000000000845c000 JavaThread "Service Thread" daemon [_thread_blocked, code=8296, stack(0x0000000009fa0000,0x000000000a0a0000)]
  0x000000000845b000 JavaThread "C2 CompilerThread1" daemon [_thread_blocked, code=9356, stack(0x0000000009d70000,0x0000000009e70000)]
=>0x0000000008458800 JavaThread "C2 CompilerThread0" daemon [_thread_in_native, code=9264, stack(0x0000000009b40000,0x0000000009c40000)]
  0x0000000008454800 JavaThread "Attach Listener" daemon [_thread_blocked, code=9212, stack(0x0000000009990000,0x0000000009a90000)]
  0x0000000008435000 JavaThread "Signal Dispatcher" daemon [_thread_blocked, code=9872, stack(0x0000000009710000,0x0000000009810000)]
  0x00000000083df000 JavaThread "Finalizer" daemon [_thread_blocked, code=10108, stack(0x0000000009820000,0x0000000009920000)]
  0x00000000083dd800 JavaThread "Reference Handler" daemon [_thread_blocked, code=8848, stack(0x00000000095e0000,0x00000000096e0000)]
  0x000000000226f000 JavaThread "main" [_thread_in_native, code=8820, stack(0x00000000022d0000,0x00000000023d0000)]

Other Threads:
  0x00000000083da000 VMThread [stack: 0x0000000009460000,0x0000000009560000] [code=8816]
  0x000000000845d800 WatcherThread [stack: 0x0000000009ea0000,0x0000000009fa0000] [code=8356]

VM state:not at safepoint (normal execution)

VM Mutex/Monitor currently owned by a thread: None

Heap
 PSYoungGen      total 18944K, used 15460K [0x00000000eaa80000, 0x00000000ecf80000, 0x0000000100000000)
  eden space 16384K, 78% used [0x00000000eaa80000,0x00000000eb71e7b8,0x00000000eba80000)
  from space 2560K, 99% used [0x00000000ebd00000,0x00000000ebf7ab40,0x00000000ebf80000)
  to   space 2560K, 0% used [0x00000000eba80000,0x00000000eba80000,0x00000000ebd00000)
 ParOldGen       total 42496K, used 4974K [0x00000000c0000000, 0x00000000c2980000, 0x00000000eaa80000)
  object space 42496K, 11% used [0x00000000c0000000,0x00000000c04dbbb0,0x00000000c2980000)
 PSPermGen       total 21504K, used 5535K [0x00000000bae00000, 0x00000000bc300000, 0x00000000c0000000)
  object space 21504K, 25% used [0x00000000bae00000,0x00000000bb367d00,0x00000000bc300000)

Card table byte_map: [0x00000000053d0000,0x0000000005600000] byte_map_base: 0x0000000004df9000

Polling page: 0x0000000000320000

Code Cache  [0x00000000023d0000, 0x0000000002640000, 0x00000000053d0000)
 total_blobs=537 nmethods=321 adapters=168 free_code_cache=47889Kb largest_free_block=48982336

Compilation events (10 events):
Event: 10.621 Thread 0x0000000008458800  330             com.android.dx.rop.code.ThrowingCstInsn::accept (8 bytes)
Event: 10.621 Thread 0x0000000008458800 nmethod 330 0x00000000024d7450 code [0x00000000024d75a0, 0x00000000024d7618]
Event: 10.621 Thread 0x0000000008458800  331 %           com.android.dx.dex.cf.CfTranslator::translate0 @ 141 (259 bytes)
Event: 10.661 Thread 0x000000000845b000 nmethod 328 0x000000000245bdd0 code [0x000000000245c020, 0x000000000245ced0]
Event: 10.661 Thread 0x000000000845b000  332             com.android.dx.cf.cst.ConstantPoolParser::parse (365 bytes)
Event: 10.664 Thread 0x0000000008458800 nmethod 331% 0x0000000002514a90 code [0x0000000002514d20, 0x0000000002516830]
Event: 10.665 Thread 0x0000000008458800  333             com.android.dx.dex.cf.CfTranslator::translate0 (259 bytes)
Event: 10.667 Thread 0x000000000845b000 nmethod 332 0x000000000245ebd0 code [0x000000000245ed40, 0x000000000245f058]
Event: 10.686 Thread 0x000000000845b000  334             com.android.dx.ssa.SsaRenamer$BlockRenamer::addMapping (143 bytes)
Event: 10.696 Thread 0x000000000845b000 nmethod 334 0x0000000002511750 code [0x00000000025118c0, 0x0000000002511fb8]

GC Heap History (4 events):
Event: 5.771 GC heap before
{Heap before GC invocations=1 (full 0):
 PSYoungGen      total 18944K, used 16384K [0x00000000eaa80000, 0x00000000ebf80000, 0x0000000100000000)
  eden space 16384K, 100% used [0x00000000eaa80000,0x00000000eba80000,0x00000000eba80000)
  from space 2560K, 0% used [0x00000000ebd00000,0x00000000ebd00000,0x00000000ebf80000)
  to   space 2560K, 0% used [0x00000000eba80000,0x00000000eba80000,0x00000000ebd00000)
 ParOldGen       total 42496K, used 0K [0x00000000c0000000, 0x00000000c2980000, 0x00000000eaa80000)
  object space 42496K, 0% used [0x00000000c0000000,0x00000000c0000000,0x00000000c2980000)
 PSPermGen       total 21504K, used 5229K [0x00000000bae00000, 0x00000000bc300000, 0x00000000c0000000)
  object space 21504K, 24% used [0x00000000bae00000,0x00000000bb31b720,0x00000000bc300000)
Event: 5.781 GC heap after
Heap after GC invocations=1 (full 0):
 PSYoungGen      total 18944K, used 2548K [0x00000000eaa80000, 0x00000000ebf80000, 0x0000000100000000)
  eden space 16384K, 0% used [0x00000000eaa80000,0x00000000eaa80000,0x00000000eba80000)
  from space 2560K, 99% used [0x00000000eba80000,0x00000000ebcfd210,0x00000000ebd00000)
  to   space 2560K, 0% used [0x00000000ebd00000,0x00000000ebd00000,0x00000000ebf80000)
 ParOldGen       total 42496K, used 2321K [0x00000000c0000000, 0x00000000c2980000, 0x00000000eaa80000)
  object space 42496K, 5% used [0x00000000c0000000,0x00000000c0244550,0x00000000c2980000)
 PSPermGen       total 21504K, used 5229K [0x00000000bae00000, 0x00000000bc300000, 0x00000000c0000000)
  object space 21504K, 24% used [0x00000000bae00000,0x00000000bb31b720,0x00000000bc300000)
}
Event: 7.634 GC heap before
{Heap before GC invocations=2 (full 0):
 PSYoungGen      total 18944K, used 18932K [0x00000000eaa80000, 0x00000000ebf80000, 0x0000000100000000)
  eden space 16384K, 100% used [0x00000000eaa80000,0x00000000eba80000,0x00000000eba80000)
  from space 2560K, 99% used [0x00000000eba80000,0x00000000ebcfd210,0x00000000ebd00000)
  to   space 2560K, 0% used [0x00000000ebd00000,0x00000000ebd00000,0x00000000ebf80000)
 ParOldGen       total 42496K, used 2321K [0x00000000c0000000, 0x00000000c2980000, 0x00000000eaa80000)
  object space 42496K, 5% used [0x00000000c0000000,0x00000000c0244550,0x00000000c2980000)
 PSPermGen       total 21504K, used 5444K [0x00000000bae00000, 0x00000000bc300000, 0x00000000c0000000)
  object space 21504K, 25% used [0x00000000bae00000,0x00000000bb351270,0x00000000bc300000)
Event: 7.991 GC heap after
Heap after GC invocations=2 (full 0):
 PSYoungGen      total 18944K, used 2538K [0x00000000eaa80000, 0x00000000ecf80000, 0x0000000100000000)
  eden space 16384K, 0% used [0x00000000eaa80000,0x00000000eaa80000,0x00000000eba80000)
  from space 2560K, 99% used [0x00000000ebd00000,0x00000000ebf7ab40,0x00000000ebf80000)
  to   space 2560K, 0% used [0x00000000eba80000,0x00000000eba80000,0x00000000ebd00000)
 ParOldGen       total 42496K, used 4974K [0x00000000c0000000, 0x00000000c2980000, 0x00000000eaa80000)
  object space 42496K, 11% used [0x00000000c0000000,0x00000000c04dbbb0,0x00000000c2980000)
 PSPermGen       total 21504K, used 5444K [0x00000000bae00000, 0x00000000bc300000, 0x00000000c0000000)
  object space 21504K, 25% used [0x00000000bae00000,0x00000000bb351270,0x00000000bc300000)
}

Deoptimization events (10 events):
Event: 7.351 Thread 0x000000000226f000 Uncommon trap: reason=null_check action=make_not_entrant pc=0x0000000002492aec method=com.android.dx.rop.type.Type.putIntern(Lcom/android/dx/rop/type/Type;)Lcom/android/dx/rop/type/Type; @ 18
Event: 8.018 Thread 0x000000000a1b4000 Uncommon trap: reason=unstable_if action=reinterpret pc=0x0000000002439284 method=com.android.dx.rop.cst.Constant.compareTo(Lcom/android/dx/rop/cst/Constant;)I @ 12
Event: 8.348 Thread 0x000000000a1b4000 Uncommon trap: reason=null_check action=make_not_entrant pc=0x00000000024e8af4 method=com.android.dx.rop.code.RegisterSpec.equals(Ljava/lang/Object;)Z @ 1
Event: 9.607 Thread 0x000000000226f000 Uncommon trap: reason=unstable_if action=reinterpret pc=0x00000000024b8090 method=com.android.dx.rop.type.Type.intern(Ljava/lang/String;)Lcom/android/dx/rop/type/Type; @ 67
Event: 9.662 Thread 0x000000000a17f000 Uncommon trap: reason=class_check action=maybe_recompile pc=0x0000000002508014 method=com.android.dx.cf.code.Ropper.processBlock(Lcom/android/dx/cf/code/ByteBlock;Lcom/android/dx/cf/code/Frame;[I)V @ 777
Event: 9.695 Thread 0x000000000a17e800 Uncommon trap: reason=unstable_if action=reinterpret pc=0x0000000002481940 method=com.android.dx.ssa.SsaRenamer$BlockRenamer.addMapping(ILcom/android/dx/rop/code/RegisterSpec;)V @ 120
Event: 9.756 Thread 0x000000000a1b4000 Uncommon trap: reason=unstable_if action=reinterpret pc=0x00000000025026c8 method=com.android.dx.ssa.back.InterferenceGraph.ensureCapacity(I)V @ 20
Event: 9.756 Thread 0x000000000a1b4000 Uncommon trap: reason=unstable_if action=reinterpret pc=0x0000000002500abc method=com.android.dx.ssa.back.InterferenceGraph.ensureCapacity(I)V @ 20
Event: 10.606 Thread 0x000000000a17e800 Uncommon trap: reason=class_check action=maybe_recompile pc=0x00000000024c5bc4 method=com.android.dx.ssa.SCCP.simulatePhi(Lcom/android/dx/ssa/PhiInsn;)V @ 124
Event: 10.617 Thread 0x000000000a17e800 Uncommon trap: reason=unstable_if action=reinterpret pc=0x00000000024f4dc4 method=com.android.dx.rop.code.LocalVariableExtractor.processBlock(I)V @ 195

Internal exceptions (10 events):
Event: 6.214 Thread 0x000000000226f000 Threw 0x00000000eac74d78 at C:\re\jdk7u80\2329\hotspot\src\share\vm\prims\jvm.cpp:1319
Event: 6.245 Thread 0x000000000226f000 Threw 0x00000000eac84780 at C:\re\jdk7u80\2329\hotspot\src\share\vm\prims\jvm.cpp:1319
Event: 6.247 Thread 0x000000000a185000 Threw 0x00000000ead04ba8 at C:\re\jdk7u80\2329\hotspot\src\share\vm\prims\jvm.cpp:1319
Event: 6.266 Thread 0x000000000a185000 Threw 0x00000000ead7e1b8 at C:\re\jdk7u80\2329\hotspot\src\share\vm\prims\jvm.cpp:1319
Event: 6.282 Thread 0x000000000226f000 Threw 0x00000000eac95fd0 at C:\re\jdk7u80\2329\hotspot\src\share\vm\prims\jvm.cpp:1319
Event: 6.287 Thread 0x000000000a17f000 Threw 0x00000000eadd8a80 at C:\re\jdk7u80\2329\hotspot\src\share\vm\prims\jvm.cpp:1319
Event: 6.334 Thread 0x000000000a17e800 Implicit null exception at 0x0000000002470ec1 to 0x00000000024710d5
Event: 6.375 Thread 0x000000000a1b4000 Threw 0x00000000eb089b58 at C:\re\jdk7u80\2329\hotspot\src\share\vm\prims\jvm.cpp:1319
Event: 7.351 Thread 0x000000000226f000 Implicit null exception at 0x00000000024923c3 to 0x0000000002492add
Event: 8.348 Thread 0x000000000a1b4000 Implicit null exception at 0x00000000024e7d94 to 0x00000000024e8ac9

Events (10 events):
Event: 10.606 Thread 0x000000000a17e800 Uncommon trap: trap_request=0xffffffde fr.pc=0x00000000024c5bc4
Event: 10.606 Thread 0x000000000a17e800 DEOPT PACKING pc=0x00000000024c5bc4 sp=0x000000000a92ee00
Event: 10.606 Thread 0x000000000a17e800 DEOPT UNPACKING pc=0x00000000024075a4 sp=0x000000000a92ecd0 mode 2
Event: 10.617 Thread 0x0000000008458800 flushing nmethod 0x0000000002459890
Event: 10.617 Thread 0x0000000008458800 flushing nmethod 0x000000000245ebd0
Event: 10.617 Thread 0x000000000a17e800 Uncommon trap: trap_request=0xffffff75 fr.pc=0x00000000024f4dc4
Event: 10.617 Thread 0x000000000a17e800 DEOPT PACKING pc=0x00000000024f4dc4 sp=0x000000000a92ef20
Event: 10.617 Thread 0x000000000a17e800 DEOPT UNPACKING pc=0x00000000024075a4 sp=0x000000000a92eea0 mode 2
Event: 10.619 Thread 0x000000000845b000 flushing nmethod 0x0000000002466550
Event: 10.619 Thread 0x0000000008458800 flushing nmethod 0x0000000002470a50


Dynamic libraries:
0x000000013f4f0000 - 0x000000013f523000 	C:\Program Files\Java\jdk1.7.0_80\bin\java.exe
0x0000000077730000 - 0x00000000778da000 	C:\Windows\SYSTEM32\ntdll.dll
0x0000000077510000 - 0x000000007762f000 	C:\Windows\system32\kernel32.dll
0x000007fefd9d0000 - 0x000007fefda3b000 	C:\Windows\system32\KERNELBASE.dll
0x000007fefe810000 - 0x000007fefe8eb000 	C:\Windows\system32\ADVAPI32.dll
0x000007fefdd40000 - 0x000007fefdddf000 	C:\Windows\system32\msvcrt.dll
0x000007fefe540000 - 0x000007fefe55f000 	C:\Windows\SYSTEM32\sechost.dll
0x000007fefe8f0000 - 0x000007fefea1d000 	C:\Windows\system32\RPCRT4.dll
0x0000000077630000 - 0x000000007772a000 	C:\Windows\system32\USER32.dll
0x000007fefe570000 - 0x000007fefe5d7000 	C:\Windows\system32\GDI32.dll
0x000007fefe050000 - 0x000007fefe05e000 	C:\Windows\system32\LPK.dll
0x000007fefe080000 - 0x000007fefe14a000 	C:\Windows\system32\USP10.dll
0x000007fefbce0000 - 0x000007fefbed4000 	C:\Windows\WinSxS\amd64_microsoft.windows.common-controls_6595b64144ccf1df_6.0.7601.18837_none_fa3b1e3d17594757\COMCTL32.dll
0x000007fefe680000 - 0x000007fefe6f1000 	C:\Windows\system32\SHLWAPI.dll
0x000007fefdd10000 - 0x000007fefdd3e000 	C:\Windows\system32\IMM32.DLL
0x000007fefe700000 - 0x000007fefe809000 	C:\Windows\system32\MSCTF.dll
0x000007fefd5f0000 - 0x000007fefd621000 	C:\Windows\system32\nvinitx.dll
0x000007fefd5e0000 - 0x000007fefd5ec000 	C:\Windows\system32\VERSION.dll
0x000000000f000000 - 0x000000000f006000 	C:\Program Files\NVIDIA Corporation\CoProcManager\detoured.dll
0x000007fef9ce0000 - 0x000007fef9d11000 	C:\Program Files\NVIDIA Corporation\CoProcManager\nvd3d9wrapx.dll
0x000007fefdb30000 - 0x000007fefdd07000 	C:\Windows\system32\SETUPAPI.dll
0x000007fefd990000 - 0x000007fefd9c6000 	C:\Windows\system32\CFGMGR32.dll
0x000007fefdf70000 - 0x000007fefe048000 	C:\Windows\system32\OLEAUT32.dll
0x000007fefeaa0000 - 0x000007fefeca3000 	C:\Windows\system32\ole32.dll
0x000007fefd720000 - 0x000007fefd73a000 	C:\Windows\system32\DEVOBJ.dll
0x000007fef9cb0000 - 0x000007fef9cd2000 	C:\Program Files\NVIDIA Corporation\CoProcManager\nvdxgiwrapx.dll
0x000000006cd40000 - 0x000000006ce12000 	C:\Program Files\Java\jdk1.7.0_80\jre\bin\msvcr100.dll
0x0000000069070000 - 0x0000000069849000 	C:\Program Files\Java\jdk1.7.0_80\jre\bin\server\jvm.dll
0x000007fef5470000 - 0x000007fef5479000 	C:\Windows\system32\WSOCK32.dll
0x000007fefda40000 - 0x000007fefda8d000 	C:\Windows\system32\WS2_32.dll
0x000007fefe560000 - 0x000007fefe568000 	C:\Windows\system32\NSI.dll
0x000007fefa4a0000 - 0x000007fefa4db000 	C:\Windows\system32\WINMM.dll
0x00000000778f0000 - 0x00000000778f7000 	C:\Windows\system32\PSAPI.DLL
0x0000000072d70000 - 0x0000000072d7f000 	C:\Program Files\Java\jdk1.7.0_80\jre\bin\verify.dll
0x000000006e8e0000 - 0x000000006e908000 	C:\Program Files\Java\jdk1.7.0_80\jre\bin\java.dll
0x000000006e5f0000 - 0x000000006e606000 	C:\Program Files\Java\jdk1.7.0_80\jre\bin\zip.dll

VM Arguments:
jvm_args: -Djava.awt.headless=true -Xmx1024M -Dfile.encoding=GBK -Duser.country=CN -Duser.language=zh -Duser.variant 
java_command: com.android.dx.command.Main --dex --num-threads=4 --output D:\YunFengSi\app\build\intermediates\pre-dexed\debug\debug_d5f4df93fcde3497d54f5f237e636111a67fd8ad.jar D:\YunFengSi\app\build\intermediates\classes\debug
Launcher Type: SUN_STANDARD

Environment Variables:
JAVA_HOME=C:\Program Files\Java\jdk1.7.0_80
CLASSPATH=.;JAVA_HOME\lib;JAVA_HOME\lib\tools.jar
PATH=D:\ImageMagick-7.0.1-Q16;C:\Windows\system32;C:\Windows;C:\Windows\System32\Wbem;C:\Windows\System32\WindowsPowerShell\v1.0\;JAVA_HOME\bin;JAVA_HOME\jre\bin;C:\Program Files\Java\jdk1.7.0_80\bin;
USERNAME=Administrator
OS=Windows_NT
PROCESSOR_IDENTIFIER=Intel64 Family 6 Model 69 Stepping 1, GenuineIntel



---------------  S Y S T E M  ---------------

OS: Windows 7 , 64 bit Build 7601 Service Pack 1

CPU:total 4 (2 cores per cpu, 2 threads per core) family 6 model 69 stepping 1, cmov, cx8, fxsr, mmx, sse, sse2, sse3, ssse3, sse4.1, sse4.2, popcnt, avx, avx2, aes, erms, ht, tsc, tscinvbit

Memory: 4k page, physical 4074756k(667188k free), swap 6170072k(5408k free)

vm_info: Java HotSpot(TM) 64-Bit Server VM (24.80-b11) for windows-amd64 JRE (1.7.0_80-b15), built on Apr 10 2015 11:26:34 by "java_re" with unknown MS VC++:1600

time: Mon Jan 16 14:46:05 2017
elapsed time: 10 seconds

