#
# There is insufficient memory for the Java Runtime Environment to continue.
# Native memory allocation (malloc) failed to allocate 123136 bytes for Chunk::new
# Possible reasons:
#   The system is out of physical RAM or swap space
#   In 32 bit mode, the process size limit was hit
# Possible solutions:
#   Reduce memory load on the system
#   Increase physical memory or swap space
#   Check if swap backing store is full
#   Use 64 bit Java on a 64 bit OS
#   Decrease Java heap size (-Xmx/-Xms)
#   Decrease number of Java threads
#   Decrease Java thread stack sizes (-Xss)
#   Set larger code cache with -XX:ReservedCodeCacheSize=
# This output file may be truncated or incomplete.
#
#  Out of Memory Error (allocation.cpp:323), pid=5604, tid=3416
#
# JRE version: Java(TM) SE Runtime Environment (7.0_80-b15) (build 1.7.0_80-b15)
# Java VM: Java HotSpot(TM) 64-Bit Server VM (24.80-b11 mixed mode windows-amd64 compressed oops)
# Failed to write core dump. Minidumps are not enabled by default on client versions of Windows
#

---------------  T H R E A D  ---------------

Current thread (0x000000000863b000):  JavaThread "C2 CompilerThread1" daemon [_thread_in_native, code=3416, stack(0x0000000009eb0000,0x0000000009fb0000)]

Stack: [0x0000000009eb0000,0x0000000009fb0000]
[error occurred during error reporting (printing stack bounds), code 0xc0000005]


Current CompileTask:
C2:  13871  562             com.android.dx.ssa.back.FirstFitLocalCombiningAllocator::getLocalItemForReg (97 bytes)


---------------  P R O C E S S  ---------------

Java Threads: ( => current thread )
  0x000000000a1ca800 JavaThread "pool-1-thread-4" [_thread_in_Java, code=9468, stack(0x000000000ac60000,0x000000000ad60000)]
  0x000000000a034800 JavaThread "pool-1-thread-3" [_thread_blocked, code=9236, stack(0x000000000aa30000,0x000000000ab30000)]
  0x000000000a271800 JavaThread "pool-1-thread-2" [_thread_blocked, code=6752, stack(0x000000000a840000,0x000000000a940000)]
  0x000000000a032800 JavaThread "pool-2-thread-1" [_thread_blocked, code=7344, stack(0x000000000a6b0000,0x000000000a7b0000)]
  0x000000000a030000 JavaThread "pool-1-thread-1" [_thread_blocked, code=9604, stack(0x000000000a550000,0x000000000a650000)]
  0x0000000009fba000 JavaThread "Service Thread" daemon [_thread_blocked, code=3564, stack(0x000000000a3c0000,0x000000000a4c0000)]
=>0x000000000863b000 JavaThread "C2 CompilerThread1" daemon [_thread_in_native, code=3416, stack(0x0000000009eb0000,0x0000000009fb0000)]
  0x0000000008638800 JavaThread "C2 CompilerThread0" daemon [_thread_in_native, code=3596, stack(0x0000000009430000,0x0000000009530000)]
  0x0000000008635000 JavaThread "Attach Listener" daemon [_thread_blocked, code=4900, stack(0x0000000009ce0000,0x0000000009de0000)]
  0x0000000008630000 JavaThread "Signal Dispatcher" daemon [_thread_blocked, code=6688, stack(0x0000000009af0000,0x0000000009bf0000)]
  0x00000000085bf000 JavaThread "Finalizer" daemon [_thread_blocked, code=8320, stack(0x00000000098a0000,0x00000000099a0000)]
  0x00000000085bd800 JavaThread "Reference Handler" daemon [_thread_blocked, code=6680, stack(0x00000000096f0000,0x00000000097f0000)]
  0x000000000220f000 JavaThread "main" [_thread_blocked, code=208, stack(0x00000000024e0000,0x00000000025e0000)]

Other Threads:
  0x00000000085ba000 VMThread [stack: 0x0000000009550000,0x0000000009650000] [code=9016]
  0x0000000009fc2800 WatcherThread [stack: 0x00000000099d0000,0x0000000009ad0000] [code=1932]

VM state:not at safepoint (normal execution)

VM Mutex/Monitor currently owned by a thread: None

Heap
 PSYoungGen      total 68096K, used 36292K [0x00000000eaa80000, 0x00000000eef80000, 0x0000000100000000)
  eden space 65536K, 51% used [0x00000000eaa80000,0x00000000ecb71e40,0x00000000eea80000)
  from space 2560K, 99% used [0x00000000eed00000,0x00000000eef7f320,0x00000000eef80000)
  to   space 2560K, 0% used [0x00000000eea80000,0x00000000eea80000,0x00000000eed00000)
 ParOldGen       total 42496K, used 14503K [0x00000000c0000000, 0x00000000c2980000, 0x00000000eaa80000)
  object space 42496K, 34% used [0x00000000c0000000,0x00000000c0e29c68,0x00000000c2980000)
 PSPermGen       total 21504K, used 6004K [0x00000000bae00000, 0x00000000bc300000, 0x00000000c0000000)
  object space 21504K, 27% used [0x00000000bae00000,0x00000000bb3dd1c0,0x00000000bc300000)

Card table byte_map: [0x00000000055e0000,0x0000000005810000] byte_map_base: 0x0000000005009000

Polling page: 0x0000000000120000

Code Cache  [0x00000000025e0000, 0x0000000002850000, 0x00000000055e0000)
 total_blobs=784 nmethods=545 adapters=191 free_code_cache=46892Kb largest_free_block=47932224

Compilation events (10 events):
Event: 13.834 Thread 0x0000000008638800 nmethod 557 0x00000000027d8290 code [0x00000000027d83c0, 0x00000000027d8418]
Event: 13.836 Thread 0x000000000863b000 nmethod 556 0x00000000027dead0 code [0x00000000027dec20, 0x00000000027def18]
Event: 13.837 Thread 0x0000000008638800  558             com.android.dx.cf.code.BaseMachine::auxType (6 bytes)
Event: 13.838 Thread 0x0000000008638800 nmethod 558 0x00000000027de8d0 code [0x00000000027dea00, 0x00000000027dea58]
Event: 13.852 Thread 0x000000000863b000  559             com.android.dx.cf.code.Merger::mergeType (142 bytes)
Event: 13.853 Thread 0x0000000008638800  560             com.android.dx.cf.code.Merger::mergeLocals (122 bytes)
Event: 13.858 Thread 0x000000000863b000 nmethod 559 0x00000000027e3290 code [0x00000000027e3460, 0x00000000027e3900]
Event: 13.859 Thread 0x000000000863b000  561             com.android.dx.rop.code.LocalItem::compareTo (9 bytes)
Event: 13.861 Thread 0x000000000863b000 nmethod 561 0x00000000027e2a50 code [0x00000000027e2ba0, 0x00000000027e2f38]
Event: 13.862 Thread 0x000000000863b000  562             com.android.dx.ssa.back.FirstFitLocalCombiningAllocator::getLocalItemForReg (97 bytes)

GC Heap History (8 events):
Event: 1.050 GC heap before
{Heap before GC invocations=1 (full 0):
 PSYoungGen      total 18944K, used 16384K [0x00000000eaa80000, 0x00000000ebf80000, 0x0000000100000000)
  eden space 16384K, 100% used [0x00000000eaa80000,0x00000000eba80000,0x00000000eba80000)
  from space 2560K, 0% used [0x00000000ebd00000,0x00000000ebd00000,0x00000000ebf80000)
  to   space 2560K, 0% used [0x00000000eba80000,0x00000000eba80000,0x00000000ebd00000)
 ParOldGen       total 42496K, used 0K [0x00000000c0000000, 0x00000000c2980000, 0x00000000eaa80000)
  object space 42496K, 0% used [0x00000000c0000000,0x00000000c0000000,0x00000000c2980000)
 PSPermGen       total 21504K, used 5616K [0x00000000bae00000, 0x00000000bc300000, 0x00000000c0000000)
  object space 21504K, 26% used [0x00000000bae00000,0x00000000bb37c308,0x00000000bc300000)
Event: 1.122 GC heap after
Heap after GC invocations=1 (full 0):
 PSYoungGen      total 18944K, used 2541K [0x00000000eaa80000, 0x00000000ecf80000, 0x0000000100000000)
  eden space 16384K, 0% used [0x00000000eaa80000,0x00000000eaa80000,0x00000000eba80000)
  from space 2560K, 99% used [0x00000000eba80000,0x00000000ebcfb7b8,0x00000000ebd00000)
  to   space 2560K, 0% used [0x00000000ecd00000,0x00000000ecd00000,0x00000000ecf80000)
 ParOldGen       total 42496K, used 1698K [0x00000000c0000000, 0x00000000c2980000, 0x00000000eaa80000)
  object space 42496K, 3% used [0x00000000c0000000,0x00000000c01a8970,0x00000000c2980000)
 PSPermGen       total 21504K, used 5616K [0x00000000bae00000, 0x00000000bc300000, 0x00000000c0000000)
  object space 21504K, 26% used [0x00000000bae00000,0x00000000bb37c308,0x00000000bc300000)
}
Event: 2.052 GC heap before
{Heap before GC invocations=2 (full 0):
 PSYoungGen      total 18944K, used 18925K [0x00000000eaa80000, 0x00000000ecf80000, 0x0000000100000000)
  eden space 16384K, 100% used [0x00000000eaa80000,0x00000000eba80000,0x00000000eba80000)
  from space 2560K, 99% used [0x00000000eba80000,0x00000000ebcfb7b8,0x00000000ebd00000)
  to   space 2560K, 0% used [0x00000000ecd00000,0x00000000ecd00000,0x00000000ecf80000)
 ParOldGen       total 42496K, used 1698K [0x00000000c0000000, 0x00000000c2980000, 0x00000000eaa80000)
  object space 42496K, 3% used [0x00000000c0000000,0x00000000c01a8970,0x00000000c2980000)
 PSPermGen       total 21504K, used 5852K [0x00000000bae00000, 0x00000000bc300000, 0x00000000c0000000)
  object space 21504K, 27% used [0x00000000bae00000,0x00000000bb3b7360,0x00000000bc300000)
Event: 2.637 GC heap after
Heap after GC invocations=2 (full 0):
 PSYoungGen      total 35328K, used 2556K [0x00000000eaa80000, 0x00000000ecf80000, 0x0000000100000000)
  eden space 32768K, 0% used [0x00000000eaa80000,0x00000000eaa80000,0x00000000eca80000)
  from space 2560K, 99% used [0x00000000ecd00000,0x00000000ecf7f138,0x00000000ecf80000)
  to   space 2560K, 0% used [0x00000000eca80000,0x00000000eca80000,0x00000000ecd00000)
 ParOldGen       total 42496K, used 4130K [0x00000000c0000000, 0x00000000c2980000, 0x00000000eaa80000)
  object space 42496K, 9% used [0x00000000c0000000,0x00000000c0408ae0,0x00000000c2980000)
 PSPermGen       total 21504K, used 5852K [0x00000000bae00000, 0x00000000bc300000, 0x00000000c0000000)
  object space 21504K, 27% used [0x00000000bae00000,0x00000000bb3b7360,0x00000000bc300000)
}
Event: 3.772 GC heap before
{Heap before GC invocations=3 (full 0):
 PSYoungGen      total 35328K, used 35324K [0x00000000eaa80000, 0x00000000ecf80000, 0x0000000100000000)
  eden space 32768K, 100% used [0x00000000eaa80000,0x00000000eca80000,0x00000000eca80000)
  from space 2560K, 99% used [0x00000000ecd00000,0x00000000ecf7f138,0x00000000ecf80000)
  to   space 2560K, 0% used [0x00000000eca80000,0x00000000eca80000,0x00000000ecd00000)
 ParOldGen       total 42496K, used 4130K [0x00000000c0000000, 0x00000000c2980000, 0x00000000eaa80000)
  object space 42496K, 9% used [0x00000000c0000000,0x00000000c0408ae0,0x00000000c2980000)
 PSPermGen       total 21504K, used 5948K [0x00000000bae00000, 0x00000000bc300000, 0x00000000c0000000)
  object space 21504K, 27% used [0x00000000bae00000,0x00000000bb3cf010,0x00000000bc300000)
Event: 4.016 GC heap after
Heap after GC invocations=3 (full 0):
 PSYoungGen      total 35328K, used 2535K [0x00000000eaa80000, 0x00000000eef80000, 0x0000000100000000)
  eden space 32768K, 0% used [0x00000000eaa80000,0x00000000eaa80000,0x00000000eca80000)
  from space 2560K, 99% used [0x00000000eca80000,0x00000000eccf9fb8,0x00000000ecd00000)
  to   space 2560K, 0% used [0x00000000eed00000,0x00000000eed00000,0x00000000eef80000)
 ParOldGen       total 42496K, used 9492K [0x00000000c0000000, 0x00000000c2980000, 0x00000000eaa80000)
  object space 42496K, 22% used [0x00000000c0000000,0x00000000c0945158,0x00000000c2980000)
 PSPermGen       total 21504K, used 5948K [0x00000000bae00000, 0x00000000bc300000, 0x00000000c0000000)
  object space 21504K, 27% used [0x00000000bae00000,0x00000000bb3cf010,0x00000000bc300000)
}
Event: 6.569 GC heap before
{Heap before GC invocations=4 (full 0):
 PSYoungGen      total 35328K, used 35303K [0x00000000eaa80000, 0x00000000eef80000, 0x0000000100000000)
  eden space 32768K, 100% used [0x00000000eaa80000,0x00000000eca80000,0x00000000eca80000)
  from space 2560K, 99% used [0x00000000eca80000,0x00000000eccf9fb8,0x00000000ecd00000)
  to   space 2560K, 0% used [0x00000000eed00000,0x00000000eed00000,0x00000000eef80000)
 ParOldGen       total 42496K, used 9492K [0x00000000c0000000, 0x00000000c2980000, 0x00000000eaa80000)
  object space 42496K, 22% used [0x00000000c0000000,0x00000000c0945158,0x00000000c2980000)
 PSPermGen       total 21504K, used 5978K [0x00000000bae00000, 0x00000000bc300000, 0x00000000c0000000)
  object space 21504K, 27% used [0x00000000bae00000,0x00000000bb3d69e8,0x00000000bc300000)
Event: 6.958 GC heap after
Heap after GC invocations=4 (full 0):
 PSYoungGen      total 68096K, used 2556K [0x00000000eaa80000, 0x00000000eef80000, 0x0000000100000000)
  eden space 65536K, 0% used [0x00000000eaa80000,0x00000000eaa80000,0x00000000eea80000)
  from space 2560K, 99% used [0x00000000eed00000,0x00000000eef7f320,0x00000000eef80000)
  to   space 2560K, 0% used [0x00000000eea80000,0x00000000eea80000,0x00000000eed00000)
 ParOldGen       total 42496K, used 14503K [0x00000000c0000000, 0x00000000c2980000, 0x00000000eaa80000)
  object space 42496K, 34% used [0x00000000c0000000,0x00000000c0e29c68,0x00000000c2980000)
 PSPermGen       total 21504K, used 5978K [0x00000000bae00000, 0x00000000bc300000, 0x00000000c0000000)
  object space 21504K, 27% used [0x00000000bae00000,0x00000000bb3d69e8,0x00000000bc300000)
}

Deoptimization events (10 events):
Event: 7.663 Thread 0x000000000a271800 Uncommon trap: reason=bimorphic action=maybe_recompile pc=0x000000000271fe58 method=com.android.dx.cf.code.BytecodeArray.parseInstruction(ILcom/android/dx/cf/code/BytecodeArray$Visitor;)I @ 2281
Event: 7.663 Thread 0x000000000a271800 Uncommon trap: reason=bimorphic action=maybe_recompile pc=0x000000000271fe58 method=com.android.dx.cf.code.BytecodeArray.parseInstruction(ILcom/android/dx/cf/code/BytecodeArray$Visitor;)I @ 2281
Event: 7.663 Thread 0x000000000a271800 Uncommon trap: reason=null_check action=make_not_entrant pc=0x00000000027f02d8 method=com.android.dx.cf.code.Ropper$CatchInfo.getSetup(Lcom/android/dx/rop/type/Type;)Lcom/android/dx/cf/code/Ropper$ExceptionHandlerSetup; @ 10
Event: 7.666 Thread 0x000000000a271800 Uncommon trap: reason=unstable_if action=reinterpret pc=0x000000000275930c method=com.android.dx.rop.code.LocalVariableInfo.mergeStarts(ILcom/android/dx/rop/code/RegisterSpecSet;)Z @ 31
Event: 7.666 Thread 0x000000000a271800 Uncommon trap: reason=unstable_if action=reinterpret pc=0x000000000266d468 method=com.android.dx.rop.code.LocalVariableInfo.mergeStarts(ILcom/android/dx/rop/code/RegisterSpecSet;)Z @ 31
Event: 7.966 Thread 0x000000000a271800 Uncommon trap: reason=class_check action=maybe_recompile pc=0x0000000002769f5c method=com.android.dx.ssa.PhiTypeResolver.run()V @ 132
Event: 8.086 Thread 0x000000000a030000 Uncommon trap: reason=class_check action=maybe_recompile pc=0x0000000002769f5c method=com.android.dx.ssa.PhiTypeResolver.run()V @ 132
Event: 8.551 Thread 0x000000000a271800 Uncommon trap: reason=unstable_if action=reinterpret pc=0x00000000027fb240 method=com.android.dx.rop.code.BasicBlockList.preferredSuccessorOf(Lcom/android/dx/rop/code/BasicBlock;)Lcom/android/dx/rop/code/BasicBlock; @ 58
Event: 8.773 Thread 0x000000000a1ca800 Uncommon trap: reason=class_check action=maybe_recompile pc=0x0000000002769f5c method=com.android.dx.ssa.PhiTypeResolver.run()V @ 132
Event: 8.848 Thread 0x000000000a1ca800 Uncommon trap: reason=null_check action=make_not_entrant pc=0x0000000002802f90 method=com.android.dx.dex.file.FieldIdsSection.intern(Lcom/android/dx/rop/cst/CstFieldRef;)Lcom/android/dx/dex/file/FieldIdItem; @ 26

Internal exceptions (10 events):
Event: 0.859 Thread 0x000000000a034800 Threw 0x00000000eb9022a0 at C:\re\jdk7u80\2329\hotspot\src\share\vm\prims\jvm.cpp:1319
Event: 1.173 Thread 0x000000000a1ca800 Threw 0x00000000eab6ef70 at C:\re\jdk7u80\2329\hotspot\src\share\vm\prims\jvm.cpp:1319
Event: 1.250 Thread 0x000000000a030000 Implicit null exception at 0x000000000265ecdb to 0x000000000265f0c1
Event: 1.251 Thread 0x000000000a1ca800 Threw 0x00000000eab74f38 at C:\re\jdk7u80\2329\hotspot\src\share\vm\prims\jvm.cpp:1319
Event: 1.267 Thread 0x000000000a1ca800 Implicit null exception at 0x000000000265fdf8 to 0x0000000002660671
Event: 1.646 Thread 0x000000000a034800 Threw 0x00000000eb4dfd68 at C:\re\jdk7u80\2329\hotspot\src\share\vm\prims\jvm.cpp:1319
Event: 1.700 Thread 0x000000000a030000 Implicit null exception at 0x000000000266b658 to 0x000000000266c191
Event: 3.391 Thread 0x000000000a034800 Implicit null exception at 0x0000000002698112 to 0x0000000002698205
Event: 4.209 Thread 0x000000000a034800 Threw 0x00000000eb0c0200 at C:\re\jdk7u80\2329\hotspot\src\share\vm\prims\jvm.cpp:1319
Event: 7.663 Thread 0x000000000a271800 Implicit null exception at 0x00000000027eb670 to 0x00000000027f0299

Events (10 events):
Event: 8.551 Thread 0x000000000a271800 Uncommon trap: trap_request=0xffffff75 fr.pc=0x00000000027fb240
Event: 8.551 Thread 0x000000000a271800 DEOPT PACKING pc=0x00000000027fb240 sp=0x000000000a93edc0
Event: 8.551 Thread 0x000000000a271800 DEOPT UNPACKING pc=0x00000000026175a4 sp=0x000000000a93ecb8 mode 2
Event: 8.773 Thread 0x000000000a1ca800 Uncommon trap: trap_request=0xffffffde fr.pc=0x0000000002769f5c
Event: 8.773 Thread 0x000000000a1ca800 DEOPT PACKING pc=0x0000000002769f5c sp=0x000000000ad5ea50
Event: 8.773 Thread 0x000000000a1ca800 DEOPT UNPACKING pc=0x00000000026175a4 sp=0x000000000ad5e9d8 mode 2
Event: 8.848 Thread 0x000000000a1ca800 Uncommon trap: trap_request=0xfffffff4 fr.pc=0x0000000002802f90
Event: 8.848 Thread 0x000000000a1ca800 DEOPT PACKING pc=0x0000000002802f90 sp=0x000000000ad5ed90
Event: 8.848 Thread 0x000000000a1ca800 DEOPT UNPACKING pc=0x00000000026175a4 sp=0x000000000ad5ece8 mode 2
Event: 11.892 Thread 0x000000000863b000 flushing nmethod 0x0000000002706890


Dynamic libraries:
0x000000013f4f0000 - 0x000000013f523000 	C:\Program Files\Java\jdk1.7.0_80\bin\java.exe
0x0000000077730000 - 0x00000000778da000 	C:\Windows\SYSTEM32\ntdll.dll
0x0000000077510000 - 0x000000007762f000 	C:\Windows\system32\kernel32.dll
0x000007fefd9d0000 - 0x000007fefda3b000 	C:\Windows\system32\KERNELBASE.dll
0x000007fefe810000 - 0x000007fefe8eb000 	C:\Windows\system32\ADVAPI32.dll
0x000007fefdd40000 - 0x000007fefdddf000 	C:\Windows\system32\msvcrt.dll
0x000007fefe540000 - 0x000007fefe55f000 	C:\Windows\SYSTEM32\sechost.dll
0x000007fefe8f0000 - 0x000007fefea1d000 	C:\Windows\system32\RPCRT4.dll
0x0000000077630000 - 0x000000007772a000 	C:\Windows\system32\USER32.dll
0x000007fefe570000 - 0x000007fefe5d7000 	C:\Windows\system32\GDI32.dll
0x000007fefe050000 - 0x000007fefe05e000 	C:\Windows\system32\LPK.dll
0x000007fefe080000 - 0x000007fefe14a000 	C:\Windows\system32\USP10.dll
0x000007fefbce0000 - 0x000007fefbed4000 	C:\Windows\WinSxS\amd64_microsoft.windows.common-controls_6595b64144ccf1df_6.0.7601.18837_none_fa3b1e3d17594757\COMCTL32.dll
0x000007fefe680000 - 0x000007fefe6f1000 	C:\Windows\system32\SHLWAPI.dll
0x000007fefdd10000 - 0x000007fefdd3e000 	C:\Windows\system32\IMM32.DLL
0x000007fefe700000 - 0x000007fefe809000 	C:\Windows\system32\MSCTF.dll
0x000007fefd5f0000 - 0x000007fefd621000 	C:\Windows\system32\nvinitx.dll
0x000007fefd5e0000 - 0x000007fefd5ec000 	C:\Windows\system32\VERSION.dll
0x000000000f000000 - 0x000000000f006000 	C:\Program Files\NVIDIA Corporation\CoProcManager\detoured.dll
0x000007fef9ce0000 - 0x000007fef9d11000 	C:\Program Files\NVIDIA Corporation\CoProcManager\nvd3d9wrapx.dll
0x000007fefdb30000 - 0x000007fefdd07000 	C:\Windows\system32\SETUPAPI.dll
0x000007fefd990000 - 0x000007fefd9c6000 	C:\Windows\system32\CFGMGR32.dll
0x000007fefdf70000 - 0x000007fefe048000 	C:\Windows\system32\OLEAUT32.dll
0x000007fefeaa0000 - 0x000007fefeca3000 	C:\Windows\system32\ole32.dll
0x000007fefd720000 - 0x000007fefd73a000 	C:\Windows\system32\DEVOBJ.dll
0x000007fef9cb0000 - 0x000007fef9cd2000 	C:\Program Files\NVIDIA Corporation\CoProcManager\nvdxgiwrapx.dll
0x000000006cd40000 - 0x000000006ce12000 	C:\Program Files\Java\jdk1.7.0_80\jre\bin\msvcr100.dll
0x0000000069070000 - 0x0000000069849000 	C:\Program Files\Java\jdk1.7.0_80\jre\bin\server\jvm.dll
0x000007fef5470000 - 0x000007fef5479000 	C:\Windows\system32\WSOCK32.dll
0x000007fefda40000 - 0x000007fefda8d000 	C:\Windows\system32\WS2_32.dll
0x000007fefe560000 - 0x000007fefe568000 	C:\Windows\system32\NSI.dll
0x000007fefa4a0000 - 0x000007fefa4db000 	C:\Windows\system32\WINMM.dll
0x00000000778f0000 - 0x00000000778f7000 	C:\Windows\system32\PSAPI.DLL
0x0000000072d70000 - 0x0000000072d7f000 	C:\Program Files\Java\jdk1.7.0_80\jre\bin\verify.dll
0x000000006e8e0000 - 0x000000006e908000 	C:\Program Files\Java\jdk1.7.0_80\jre\bin\java.dll
0x000000006e5f0000 - 0x000000006e606000 	C:\Program Files\Java\jdk1.7.0_80\jre\bin\zip.dll
0x000000006e5d0000 - 0x000000006e5ea000 	C:\Program Files\Java\jdk1.7.0_80\jre\bin\net.dll
0x000007fefce50000 - 0x000007fefcea5000 	C:\Windows\system32\mswsock.dll
0x000007fefce40000 - 0x000007fefce47000 	C:\Windows\System32\wship6.dll
0x000000006e5b0000 - 0x000000006e5c1000 	C:\Program Files\Java\jdk1.7.0_80\jre\bin\nio.dll

VM Arguments:
jvm_args: -Djava.awt.headless=true -Xmx1024M -Dfile.encoding=GBK -Duser.country=CN -Duser.language=zh -Duser.variant 
java_command: com.android.dx.command.Main --dex --num-threads=4 --output D:\YunFengSi\app\build\intermediates\pre-dexed\release\glide-3.7.0_1f3ddf859a86296da03fddcf50d19f29d652df81.jar C:\Users\Administrator\.gradle\caches\modules-2\files-2.1\com.github.bumptech.glide\glide\3.7.0\9e9eeaf9948ee4d6c3ab354e8dc14368f16994a4\glide-3.7.0.jar
Launcher Type: SUN_STANDARD

Environment Variables:
JAVA_HOME=C:\Program Files\Java\jdk1.7.0_80
CLASSPATH=.;JAVA_HOME\lib;JAVA_HOME\lib\tools.jar
PATH=D:\ImageMagick-7.0.1-Q16;C:\Windows\system32;C:\Windows;C:\Windows\System32\Wbem;C:\Windows\System32\WindowsPowerShell\v1.0\;JAVA_HOME\bin;JAVA_HOME\jre\bin;C:\Program Files\Java\jdk1.7.0_80\bin;
USERNAME=Administrator
OS=Windows_NT
PROCESSOR_IDENTIFIER=Intel64 Family 6 Model 69 Stepping 1, GenuineIntel



---------------  S Y S T E M  ---------------

OS: Windows 7 , 64 bit Build 7601 Service Pack 1

CPU:total 4 (2 cores per cpu, 2 threads per core) family 6 model 69 stepping 1, cmov, cx8, fxsr, mmx, sse, sse2, sse3, ssse3, sse4.1, sse4.2, popcnt, avx, avx2, aes, erms, ht, tsc, tscinvbit

Memory: 4k page, physical 4074756k(197264k free), swap 6170072k(4924k free)

vm_info: Java HotSpot(TM) 64-Bit Server VM (24.80-b11) for windows-amd64 JRE (1.7.0_80-b15), built on Apr 10 2015 11:26:34 by "java_re" with unknown MS VC++:1600

time: Mon Jan 16 19:16:18 2017
elapsed time: 13 seconds

