#
# There is insufficient memory for the Java Runtime Environment to continue.
# Native memory allocation (malloc) failed to allocate 256304 bytes for Chunk::new
# Possible reasons:
#   The system is out of physical RAM or swap space
#   In 32 bit mode, the process size limit was hit
# Possible solutions:
#   Reduce memory load on the system
#   Increase physical memory or swap space
#   Check if swap backing store is full
#   Use 64 bit Java on a 64 bit OS
#   Decrease Java heap size (-Xmx/-Xms)
#   Decrease number of Java threads
#   Decrease Java thread stack sizes (-Xss)
#   Set larger code cache with -XX:ReservedCodeCacheSize=
# This output file may be truncated or incomplete.
#
#  Out of Memory Error (allocation.cpp:323), pid=6764, tid=7720
#
# JRE version: Java(TM) SE Runtime Environment (7.0_80-b15) (build 1.7.0_80-b15)
# Java VM: Java HotSpot(TM) 64-Bit Server VM (24.80-b11 mixed mode windows-amd64 compressed oops)
# Failed to write core dump. Minidumps are not enabled by default on client versions of Windows
#

---------------  T H R E A D  ---------------

Current thread (0x0000000008518800):  JavaThread "C2 CompilerThread0" daemon [_thread_in_native, code=7720, stack(0x0000000009e80000,0x0000000009f80000)]

Stack: [0x0000000009e80000,0x0000000009f80000]
[error occurred during error reporting (printing stack bounds), code 0xc0000005]


[error occurred during error reporting (printing native stack), code 0xc0000005]


Current CompileTask:
C2:   4036  127             com.android.dx.ssa.SsaConverter::placePhiFunctions (394 bytes)


---------------  P R O C E S S  ---------------

Java Threads: ( => current thread )
  0x000000000a386800 JavaThread "pool-1-thread-4" [_thread_blocked_trans, code=6804, stack(0x000000000aaf0000,0x000000000abf0000)]
  0x000000000a363800 JavaThread "pool-1-thread-3" [_thread_blocked, code=3172, stack(0x000000000ac60000,0x000000000ad60000)]
  0x000000000a363000 JavaThread "pool-1-thread-2" [_thread_blocked, code=7788, stack(0x000000000a860000,0x000000000a960000)]
  0x000000000a374000 JavaThread "pool-2-thread-1" [_thread_blocked, code=9140, stack(0x000000000a990000,0x000000000aa90000)]
  0x000000000a365800 JavaThread "pool-1-thread-1" [_thread_in_vm, code=4296, stack(0x000000000a730000,0x000000000a830000)]
  0x000000000851c800 JavaThread "Service Thread" daemon [_thread_blocked, code=4588, stack(0x000000000a150000,0x000000000a250000)]
  0x000000000851b000 JavaThread "C2 CompilerThread1" daemon [_thread_in_native, code=9048, stack(0x0000000009a10000,0x0000000009b10000)]
=>0x0000000008518800 JavaThread "C2 CompilerThread0" daemon [_thread_in_native, code=7720, stack(0x0000000009e80000,0x0000000009f80000)]
  0x0000000008515000 JavaThread "Attach Listener" daemon [_thread_blocked, code=7732, stack(0x0000000009d00000,0x0000000009e00000)]
  0x00000000084f5000 JavaThread "Signal Dispatcher" daemon [_thread_blocked, code=9028, stack(0x0000000009bc0000,0x0000000009cc0000)]
  0x000000000849f000 JavaThread "Finalizer" daemon [_thread_blocked, code=8708, stack(0x0000000009900000,0x0000000009a00000)]
  0x000000000849d800 JavaThread "Reference Handler" daemon [_thread_blocked, code=9296, stack(0x0000000009750000,0x0000000009850000)]
  0x000000000213f000 JavaThread "main" [_thread_blocked, code=9960, stack(0x0000000002360000,0x0000000002460000)]

Other Threads:
  0x000000000849a000 VMThread [stack: 0x00000000095a0000,0x00000000096a0000] [code=8356]
  0x000000000851d800 WatcherThread [stack: 0x0000000009fe0000,0x000000000a0e0000] [code=9348]

VM state:not at safepoint (normal execution)

VM Mutex/Monitor currently owned by a thread: None

Heap
 PSYoungGen      total 18944K, used 3920K [0x00000000eaa80000, 0x00000000ebf80000, 0x0000000100000000)
  eden space 16384K, 8% used [0x00000000eaa80000,0x00000000eabd4480,0x00000000eba80000)
  from space 2560K, 99% used [0x00000000eba80000,0x00000000ebcffc98,0x00000000ebd00000)
  to   space 2560K, 0% used [0x00000000ebd00000,0x00000000ebd00000,0x00000000ebf80000)
 ParOldGen       total 42496K, used 2119K [0x00000000c0000000, 0x00000000c2980000, 0x00000000eaa80000)
  object space 42496K, 4% used [0x00000000c0000000,0x00000000c0211e98,0x00000000c2980000)
 PSPermGen       total 21504K, used 5749K [0x00000000bae00000, 0x00000000bc300000, 0x00000000c0000000)
  object space 21504K, 26% used [0x00000000bae00000,0x00000000bb39d4d0,0x00000000bc300000)

Card table byte_map: [0x0000000005460000,0x0000000005690000] byte_map_base: 0x0000000004e89000

Polling page: 0x00000000001b0000

Code Cache  [0x0000000002460000, 0x00000000026d0000, 0x0000000005460000)
 total_blobs=383 nmethods=144 adapters=191 free_code_cache=48526Kb largest_free_block=49669312

Compilation events (10 events):
Event: 3.498 Thread 0x000000000851b000 nmethod 133 0x00000000024fd0d0 code [0x00000000024fd220, 0x00000000024fd2d8]
Event: 3.498 Thread 0x000000000851b000  134             com.android.dx.rop.code.Insn::getResult (5 bytes)
Event: 3.499 Thread 0x000000000851b000 nmethod 134 0x00000000024f0a90 code [0x00000000024f0bc0, 0x00000000024f0c18]
Event: 4.018 Thread 0x000000000851b000  135             com.android.dx.ssa.SsaMethod$1::visitNonMoveInsn (26 bytes)
Event: 4.019 Thread 0x000000000851b000 nmethod 135 0x00000000024e6b50 code [0x00000000024e6ca0, 0x00000000024e6d98]
Event: 4.019 Thread 0x000000000851b000  136             com.android.dx.ssa.back.FirstFitLocalCombiningAllocator::getLocalItemForReg (97 bytes)
Event: 4.031 Thread 0x000000000851b000 nmethod 136 0x00000000024f5210 code [0x00000000024f53c0, 0x00000000024f5928]
Event: 4.031 Thread 0x000000000851b000  137             com.android.dx.util.Bits::or (24 bytes)
Event: 4.034 Thread 0x000000000851b000 nmethod 137 0x00000000024fcdd0 code [0x00000000024fcf00, 0x00000000024fd018]
Event: 4.034 Thread 0x000000000851b000  138             com.android.dx.ssa.NormalSsaInsn::isNormalMoveInsn (20 bytes)

GC Heap History (2 events):
Event: 3.621 GC heap before
{Heap before GC invocations=1 (full 0):
 PSYoungGen      total 18944K, used 16384K [0x00000000eaa80000, 0x00000000ebf80000, 0x0000000100000000)
  eden space 16384K, 100% used [0x00000000eaa80000,0x00000000eba80000,0x00000000eba80000)
  from space 2560K, 0% used [0x00000000ebd00000,0x00000000ebd00000,0x00000000ebf80000)
  to   space 2560K, 0% used [0x00000000eba80000,0x00000000eba80000,0x00000000ebd00000)
 ParOldGen       total 42496K, used 0K [0x00000000c0000000, 0x00000000c2980000, 0x00000000eaa80000)
  object space 42496K, 0% used [0x00000000c0000000,0x00000000c0000000,0x00000000c2980000)
 PSPermGen       total 21504K, used 5739K [0x00000000bae00000, 0x00000000bc300000, 0x00000000c0000000)
  object space 21504K, 26% used [0x00000000bae00000,0x00000000bb39ac58,0x00000000bc300000)
Event: 4.014 GC heap after
Heap after GC invocations=1 (full 0):
 PSYoungGen      total 18944K, used 2559K [0x00000000eaa80000, 0x00000000ebf80000, 0x0000000100000000)
  eden space 16384K, 0% used [0x00000000eaa80000,0x00000000eaa80000,0x00000000eba80000)
  from space 2560K, 99% used [0x00000000eba80000,0x00000000ebcffc98,0x00000000ebd00000)
  to   space 2560K, 0% used [0x00000000ebd00000,0x00000000ebd00000,0x00000000ebf80000)
 ParOldGen       total 42496K, used 2119K [0x00000000c0000000, 0x00000000c2980000, 0x00000000eaa80000)
  object space 42496K, 4% used [0x00000000c0000000,0x00000000c0211e98,0x00000000c2980000)
 PSPermGen       total 21504K, used 5739K [0x00000000bae00000, 0x00000000bc300000, 0x00000000c0000000)
  object space 21504K, 26% used [0x00000000bae00000,0x00000000bb39ac58,0x00000000bc300000)
}

Deoptimization events (2 events):
Event: 2.554 Thread 0x000000000a363800 Uncommon trap: reason=unstable_if action=reinterpret pc=0x00000000024d60a0 method=java.util.BitSet.nextSetBit(I)I @ 87
Event: 2.728 Thread 0x000000000a365800 Uncommon trap: reason=null_check action=make_not_entrant pc=0x00000000024d85d4 method=com.android.dx.rop.code.LocalItem.equals(Ljava/lang/Object;)Z @ 1

Internal exceptions (10 events):
Event: 2.387 Thread 0x000000000a365800 Threw 0x00000000eb321590 at C:\re\jdk7u80\2329\hotspot\src\share\vm\prims\jvm.cpp:1319
Event: 2.408 Thread 0x000000000a386800 Threw 0x00000000eb386678 at C:\re\jdk7u80\2329\hotspot\src\share\vm\prims\jvm.cpp:1319
Event: 2.411 Thread 0x000000000a386800 Threw 0x00000000eb38c838 at C:\re\jdk7u80\2329\hotspot\src\share\vm\prims\jvm.cpp:1319
Event: 2.472 Thread 0x000000000a363800 Threw 0x00000000eb3f2b38 at C:\re\jdk7u80\2329\hotspot\src\share\vm\prims\jvm.cpp:1319
Event: 2.545 Thread 0x000000000a363800 Threw 0x00000000eb543860 at C:\re\jdk7u80\2329\hotspot\src\share\vm\prims\jvm.cpp:1319
Event: 2.545 Thread 0x000000000a365800 Threw 0x00000000eb58dbf0 at C:\re\jdk7u80\2329\hotspot\src\share\vm\prims\jvm.cpp:1319
Event: 2.728 Thread 0x000000000a365800 Implicit null exception at 0x00000000024d81db to 0x00000000024d85c1
Event: 3.467 Thread 0x000000000213f000 Threw 0x00000000eaf85bb8 at C:\re\jdk7u80\2329\hotspot\src\share\vm\prims\jvm.cpp:1319
Event: 3.468 Thread 0x000000000213f000 Threw 0x00000000eaf882a8 at C:\re\jdk7u80\2329\hotspot\src\share\vm\prims\jvm.cpp:1319
Event: 3.470 Thread 0x000000000213f000 Threw 0x00000000eaf960a8 at C:\re\jdk7u80\2329\hotspot\src\share\vm\prims\jvm.cpp:1319

Events (10 events):
Event: 3.007 loading class 0x00000000022dbc90
Event: 3.007 loading class 0x00000000022dbc90 done
Event: 3.467 loading class 0x00000000084a1c70
Event: 3.467 loading class 0x00000000084a1c70 done
Event: 3.468 loading class 0x000000000a46bd00
Event: 3.468 loading class 0x000000000a46bd00 done
Event: 3.470 loading class 0x000000000a331bd0
Event: 3.470 loading class 0x000000000a331bd0 done
Event: 3.499 Executing VM operation: ParallelGCFailedAllocation
Event: 4.014 Executing VM operation: ParallelGCFailedAllocation done


Dynamic libraries:
0x000000013f4f0000 - 0x000000013f523000 	C:\Program Files\Java\jdk1.7.0_80\bin\java.exe
0x0000000077730000 - 0x00000000778da000 	C:\Windows\SYSTEM32\ntdll.dll
0x0000000077510000 - 0x000000007762f000 	C:\Windows\system32\kernel32.dll
0x000007fefd9d0000 - 0x000007fefda3b000 	C:\Windows\system32\KERNELBASE.dll
0x000007fefe810000 - 0x000007fefe8eb000 	C:\Windows\system32\ADVAPI32.dll
0x000007fefdd40000 - 0x000007fefdddf000 	C:\Windows\system32\msvcrt.dll
0x000007fefe540000 - 0x000007fefe55f000 	C:\Windows\SYSTEM32\sechost.dll
0x000007fefe8f0000 - 0x000007fefea1d000 	C:\Windows\system32\RPCRT4.dll
0x0000000077630000 - 0x000000007772a000 	C:\Windows\system32\USER32.dll
0x000007fefe570000 - 0x000007fefe5d7000 	C:\Windows\system32\GDI32.dll
0x000007fefe050000 - 0x000007fefe05e000 	C:\Windows\system32\LPK.dll
0x000007fefe080000 - 0x000007fefe14a000 	C:\Windows\system32\USP10.dll
0x000007fefbce0000 - 0x000007fefbed4000 	C:\Windows\WinSxS\amd64_microsoft.windows.common-controls_6595b64144ccf1df_6.0.7601.18837_none_fa3b1e3d17594757\COMCTL32.dll
0x000007fefe680000 - 0x000007fefe6f1000 	C:\Windows\system32\SHLWAPI.dll
0x000007fefdd10000 - 0x000007fefdd3e000 	C:\Windows\system32\IMM32.DLL
0x000007fefe700000 - 0x000007fefe809000 	C:\Windows\system32\MSCTF.dll
0x000007fefd5f0000 - 0x000007fefd621000 	C:\Windows\system32\nvinitx.dll
0x000007fefd5e0000 - 0x000007fefd5ec000 	C:\Windows\system32\VERSION.dll
0x000000000f000000 - 0x000000000f006000 	C:\Program Files\NVIDIA Corporation\CoProcManager\detoured.dll
0x000007fef9ce0000 - 0x000007fef9d11000 	C:\Program Files\NVIDIA Corporation\CoProcManager\nvd3d9wrapx.dll
0x000007fefdb30000 - 0x000007fefdd07000 	C:\Windows\system32\SETUPAPI.dll
0x000007fefd990000 - 0x000007fefd9c6000 	C:\Windows\system32\CFGMGR32.dll
0x000007fefdf70000 - 0x000007fefe048000 	C:\Windows\system32\OLEAUT32.dll
0x000007fefeaa0000 - 0x000007fefeca3000 	C:\Windows\system32\ole32.dll
0x000007fefd720000 - 0x000007fefd73a000 	C:\Windows\system32\DEVOBJ.dll
0x000007fef9cb0000 - 0x000007fef9cd2000 	C:\Program Files\NVIDIA Corporation\CoProcManager\nvdxgiwrapx.dll
0x000000006cd40000 - 0x000000006ce12000 	C:\Program Files\Java\jdk1.7.0_80\jre\bin\msvcr100.dll
0x0000000069070000 - 0x0000000069849000 	C:\Program Files\Java\jdk1.7.0_80\jre\bin\server\jvm.dll
0x000007fef5470000 - 0x000007fef5479000 	C:\Windows\system32\WSOCK32.dll
0x000007fefda40000 - 0x000007fefda8d000 	C:\Windows\system32\WS2_32.dll
0x000007fefe560000 - 0x000007fefe568000 	C:\Windows\system32\NSI.dll
0x000007fefa4a0000 - 0x000007fefa4db000 	C:\Windows\system32\WINMM.dll
0x00000000778f0000 - 0x00000000778f7000 	C:\Windows\system32\PSAPI.DLL
0x0000000072d70000 - 0x0000000072d7f000 	C:\Program Files\Java\jdk1.7.0_80\jre\bin\verify.dll
0x000000006e8e0000 - 0x000000006e908000 	C:\Program Files\Java\jdk1.7.0_80\jre\bin\java.dll
0x000000006e5f0000 - 0x000000006e606000 	C:\Program Files\Java\jdk1.7.0_80\jre\bin\zip.dll
0x000000006e5d0000 - 0x000000006e5ea000 	C:\Program Files\Java\jdk1.7.0_80\jre\bin\net.dll
0x000007fefce50000 - 0x000007fefcea5000 	C:\Windows\system32\mswsock.dll
0x000007fefce40000 - 0x000007fefce47000 	C:\Windows\System32\wship6.dll
0x000000006e5b0000 - 0x000000006e5c1000 	C:\Program Files\Java\jdk1.7.0_80\jre\bin\nio.dll

VM Arguments:
jvm_args: -Djava.awt.headless=true -Xmx1024M -Dfile.encoding=GBK -Duser.country=CN -Duser.language=zh -Duser.variant 
java_command: com.android.dx.command.Main --dex --num-threads=4 --output D:\YunFengSi\app\build\intermediates\pre-dexed\release\com.android.support-support-vector-drawable-23.4.0_0ed296dfcdfaa22f233d8f561aaed4ad8602b6fc.jar D:\YunFengSi\app\build\intermediates\exploded-aar\com.android.support\support-vector-drawable\23.4.0\jars\classes.jar
Launcher Type: SUN_STANDARD

Environment Variables:
JAVA_HOME=C:\Program Files\Java\jdk1.7.0_80
CLASSPATH=.;JAVA_HOME\lib;JAVA_HOME\lib\tools.jar
PATH=D:\ImageMagick-7.0.1-Q16;C:\Windows\system32;C:\Windows;C:\Windows\System32\Wbem;C:\Windows\System32\WindowsPowerShell\v1.0\;JAVA_HOME\bin;JAVA_HOME\jre\bin;C:\Program Files\Java\jdk1.7.0_80\bin;
USERNAME=Administrator
OS=Windows_NT
PROCESSOR_IDENTIFIER=Intel64 Family 6 Model 69 Stepping 1, GenuineIntel



---------------  S Y S T E M  ---------------

OS: Windows 7 , 64 bit Build 7601 Service Pack 1

CPU:total 4 (2 cores per cpu, 2 threads per core) family 6 model 69 stepping 1, cmov, cx8, fxsr, mmx, sse, sse2, sse3, ssse3, sse4.1, sse4.2, popcnt, avx, avx2, aes, erms, ht, tsc, tscinvbit

Memory: 4k page, physical 4074756k(414060k free), swap 6170072k(421320k free)

vm_info: Java HotSpot(TM) 64-Bit Server VM (24.80-b11) for windows-amd64 JRE (1.7.0_80-b15), built on Apr 10 2015 11:26:34 by "java_re" with unknown MS VC++:1600

time: Mon Jan 16 19:16:48 2017
elapsed time: 4 seconds

